APIC @ 0xbff00000
  0000: 41 50 49 43 74 01 00 00 03 88 52 50 49 46 44 4e  APICt.....RPIFDN
  0010: 52 50 49 34 20 20 20 20 00 02 00 00 45 44 4b 32  RPI4    ....EDK2
  0020: 00 02 00 00 00 00 00 00 00 00 00 00 0b 4c 00 00  .............L..
  0030: 00 00 00 00 00 00 00 00 01 00 00 00 00 00 00 00  ................
  0040: 30 00 00 00 00 00 00 00 00 00 00 00 00 20 84 ff  0............ ..
  0050: 00 00 00 00 00 60 84 ff 00 00 00 00 00 40 84 ff  .....`.......@..
  0060: 00 00 00 00 19 00 00 00 00 00 00 00 00 00 00 00  ................
  0070: 00 00 00 00 00 00 00 00 0b 4c 00 00 01 00 00 00  .........L......
  0080: 01 00 00 00 01 00 00 00 00 00 00 00 31 00 00 00  ............1...
  0090: 00 00 00 00 00 00 00 00 00 20 84 ff 00 00 00 00  ......... ......
  00a0: 00 60 84 ff 00 00 00 00 00 40 84 ff 00 00 00 00  .`.......@......
  00b0: 19 00 00 00 00 00 00 00 00 00 00 00 01 00 00 00  ................
  00c0: 00 00 00 00 0b 4c 00 00 02 00 00 00 02 00 00 00  .....L..........
  00d0: 01 00 00 00 00 00 00 00 32 00 00 00 00 00 00 00  ........2.......
  00e0: 00 00 00 00 00 20 84 ff 00 00 00 00 00 60 84 ff  ..... .......`..
  00f0: 00 00 00 00 00 40 84 ff 00 00 00 00 19 00 00 00  .....@..........
  0100: 00 00 00 00 00 00 00 00 02 00 00 00 00 00 00 00  ................
  0110: 0b 4c 00 00 03 00 00 00 03 00 00 00 01 00 00 00  .L..............
  0120: 00 00 00 00 33 00 00 00 00 00 00 00 00 00 00 00  ....3...........
  0130: 00 20 84 ff 00 00 00 00 00 60 84 ff 00 00 00 00  . .......`......
  0140: 00 40 84 ff 00 00 00 00 19 00 00 00 00 00 00 00  .@..............
  0150: 00 00 00 00 03 00 00 00 00 00 00 00 0c 18 00 00  ................
  0160: 00 00 00 00 00 10 84 ff 00 00 00 00 00 00 00 00  ................
  0170: 00 00 00 00                                      ....

BGRT @ 0xbff00184
  0000: 42 47 52 54 38 00 00 00 01 b3 49 4e 54 45 4c 20  BGRT8.....INTEL 
  0010: 45 44 4b 32 20 20 20 20 02 00 00 00 20 20 20 20  EDK2    ....    
  0020: 13 00 00 01 01 00 01 00 18 50 5d 35 00 00 00 00  .........P]5....
  0030: 01 03 00 00 2c 01 00 00                          ....,...

CSRT @ 0xbff001cc
  0000: 43 53 52 54 69 01 00 00 00 75 52 50 49 46 44 4e  CSRTi....uRPIFDN
  0010: 52 50 49 34 20 20 20 20 00 02 00 00 45 44 4b 32  RPI4    ....EDK2
  0020: 00 02 00 00 45 01 00 00 52 50 49 46 00 00 00 00  ....E...RPIF....
  0030: 09 00 00 00 00 00 00 00 00 00 00 00 3d 00 00 00  ............=...
  0040: 03 00 01 00 00 00 00 00 31 00 00 00 01 00 00 00  ........1.......
  0050: 00 70 00 fe 00 00 00 00 00 0a 00 00 e0 7f 00 fe  .p..............
  0060: 00 00 00 00 08 00 00 00 05 00 00 00 00 00 00 00  ................
  0070: 00 00 00 00 1f 00 00 00 00 18 00 00 00 03 00 00  ................
  0080: 00 01 00 00 00 00 00 00 00 30 00 00 00 00 00 00  .........0......
  0090: 00 18 00 00 00 03 00 00 00 02 00 00 00 01 00 00  ................
  00a0: 00 31 00 00 00 01 00 00 00 18 00 00 00 03 00 00  .1..............
  00b0: 00 03 00 00 00 02 00 00 00 32 00 00 00 01 00 00  .........2......
  00c0: 00 18 00 00 00 03 00 00 00 04 00 00 00 03 00 00  ................
  00d0: 00 33 00 00 00 01 00 00 00 18 00 00 00 03 00 00  .3..............
  00e0: 00 05 00 00 00 04 00 00 00 34 00 00 00 00 00 01  .........4......
  00f0: 00 18 00 00 00 03 00 00 00 06 00 00 00 05 00 00  ................
  0100: 00 35 00 00 00 00 00 00 00 18 00 00 00 03 00 00  .5..............
  0110: 00 07 00 00 00 06 00 00 00 36 00 00 00 01 00 00  .........6......
  0120: 00 18 00 00 00 03 00 00 00 08 00 00 00 07 00 00  ................
  0130: 00 37 00 00 00 01 00 00 00 18 00 00 00 03 00 00  .7..............
  0140: 00 09 00 00 00 08 00 00 00 38 00 00 00 00 00 00  .........8......
  0150: 00 18 00 00 00 03 00 00 00 0a 00 00 00 09 00 00  ................
  0160: 00 39 00 00 00 00 00 00 00                       .9.......

DBG2 @ 0xbff00345
  0000: 44 42 47 32 5c 00 00 00 00 e6 52 50 49 46 44 4e  DBG2\.....RPIFDN
  0010: 52 50 49 34 20 20 20 20 00 02 00 00 45 44 4b 32  RPI4    ....EDK2
  0020: 00 02 00 00 2c 00 00 00 01 00 00 00 00 30 00 01  ....,........0..
  0030: 0a 00 26 00 00 00 00 00 00 80 03 00 00 00 16 00  ..&.............
  0040: 22 00 00 20 00 03 00 10 20 fe 00 00 00 00 00 10  ".. .... .......
  0050: 00 00 5c 5f 53 42 2e 55 52 54 30 00              ..\_SB.URT0.

DSDT @ 0x33990000
  0000: 44 53 44 54 fc 22 00 00 05 3a 52 50 49 46 44 4e  DSDT."...:RPIFDN
  0010: 52 50 49 00 00 00 00 00 02 00 00 00 49 4e 54 4c  RPI.........INTL
  0020: 05 01 18 20 10 87 2d 02 5f 53 42 5f 5b 82 4d 1e  ... ..-._SB_[.M.
  0030: 50 45 50 44 08 5f 48 49 44 0d 42 43 4d 32 38 35  PEPD._HID.BCM285
  0040: 34 00 08 5f 43 49 44 0d 42 43 4d 32 38 35 34 00  4.._CID.BCM2854.
  0050: 08 5f 55 49 44 00 08 5f 43 52 53 11 05 0a 02 79  ._UID.._CRS....y
  0060: 00 08 5f 47 50 49 11 4c 04 0a 48 01 00 00 00 01  .._GPI.L..H.....
  0070: 00 00 00 5c 00 5f 00 53 00 42 00 2e 00 43 00 50  ...\._.S.B...C.P
  0080: 00 55 00 30 00 00 00 00 00 00 00 00 00 00 00 00  .U.0............
  0090: 00 00 00 00 00 00 00 00 00 00 00 00 00 00 00 00  ................
  00a0: 00 00 00 00 00 00 00 00 00 00 00 00 00 00 00 00  ................
  00b0: 00 00 00 08 5f 47 43 49 11 44 0e 0a e0 01 00 00  ...._GCI.D......
  00c0: 00 01 00 00 00 01 00 00 00 00 00 00 00 06 00 00  ................
  00d0: 00 00 00 00 00 00 00 00 00 00 00 00 00 00 00 00  ................
  00e0: 00 00 00 00 00 00 00 00 00 00 00 00 00 00 00 00  ................
  00f0: 00 00 00 00 00 00 00 00 00 00 00 00 00 00 00 00  ................
  0100: 00 00 00 00 00 00 00 00 00 00 00 00 00 00 00 00  ................
  0110: 00 00 00 00 00 00 00 00 00 00 00 00 00 00 00 00  ................
  0120: 00 00 00 00 00 00 00 00 00 00 00 00 00 00 00 00  ................
  0130: 00 00 00 00 00 00 00 00 00 00 00 00 00 00 00 00  ................
  0140: 00 00 00 00 00 00 00 00 00 00 00 00 00 00 00 00  ................
  0150: 00 00 00 00 00 00 00 00 00 00 00 00 00 00 00 00  ................
  0160: 00 00 00 00 00 00 00 00 00 00 00 00 00 00 00 00  ................
  0170: 00 00 00 00 00 00 00 00 00 00 00 00 00 00 00 00  ................
  0180: 00 00 00 00 00 02 00 00 00 01 00 00 00 00 00 00  ................
  0190: 00 00 00 00 00 01 00 00 00 01 00 00 00 08 5f 47  .............._G
  01a0: 44 49 11 48 07 0a 74 01 00 00 00 01 00 00 00 5c  DI.H..t........\
  01b0: 00 5f 00 53 00 42 00 2e 00 49 00 32 00 43 00 30  ._.S.B...I.2.C.0
  01c0: 00 00 00 00 00 00 00 00 00 00 00 00 00 00 00 00  ................
  01d0: 00 00 00 00 00 00 00 00 00 00 00 00 00 00 00 00  ................
  01e0: 00 00 00 00 00 00 00 00 00 00 00 00 00 00 00 09  ................
  01f0: 00 00 00 01 00 00 00 04 00 00 00 00 00 00 00 00  ................
  0200: 00 00 00 00 00 00 00 00 00 00 00 00 00 00 00 00  ................
  0210: 00 00 00 00 00 00 00 00 00 00 00 5b 82 47 1b 53  ...........[.G.S
  0220: 43 42 30 08 5f 48 49 44 0d 41 43 50 49 30 30 30  CB0._HID.ACPI000
  0230: 34 00 08 5f 55 49 44 00 08 5f 43 43 41 00 14 43  4.._UID.._CCA..C
  0240: 07 5f 43 52 53 08 08 52 42 55 46 11 33 0a 30 8a  ._CRS..RBUF.3.0.
  0250: 2b 00 00 0c 01 00 00 00 00 00 00 00 00 00 00 00  +...............
  0260: 00 06 00 00 00 00 00 00 00 06 00 00 00 00 00 00  ................
  0270: 00 00 00 00 00 01 00 00 00 00 00 00 00 79 00 8f  .............y..
  0280: 52 42 55 46 0a 16 4d 4d 42 45 8f 52 42 55 46 0a  RBUF..MMBE.RBUF.
  0290: 26 4d 4d 4c 45 72 4d 4d 42 45 0b ff 0f 4d 4d 42  &MMLErMMBE...MMB
  02a0: 45 72 4d 4d 4c 45 0b ff 0f 4d 4d 4c 45 a4 52 42  ErMMLE...MMLE.RB
  02b0: 55 46 08 5f 44 4d 41 11 33 0a 30 8a 2b 00 00 0d  UF._DMA.3.0.+...
  02c0: 01 00 00 00 00 00 00 00 00 00 00 00 00 00 00 00  ................
  02d0: 00 ff ff ff bf 00 00 00 00 00 00 00 00 00 00 00  ................
  02e0: 00 00 00 00 c0 00 00 00 00 79 00 5b 82 47 0e 58  .........y.[.G.X
  02f0: 48 43 30 08 5f 48 49 44 0d 50 4e 50 30 44 31 30  HC0._HID.PNP0D10
  0300: 00 08 5f 55 49 44 00 08 5f 43 43 41 00 14 4c 07  .._UID.._CCA..L.
  0310: 5f 43 52 53 08 08 52 42 55 46 11 3c 0a 39 8a 2b  _CRS..RBUF.<.9.+
  0320: 00 00 0d 01 00 00 00 00 00 00 00 00 00 00 00 00  ................
  0330: 06 00 00 00 00 00 00 00 06 00 00 00 00 00 00 00  ................
  0340: 00 00 00 00 01 00 00 00 00 00 00 00 89 06 00 01  ................
  0350: 01 af 00 00 00 79 00 8f 52 42 55 46 0a 16 4d 4d  .....y..RBUF..MM
  0360: 42 45 8f 52 42 55 46 0a 26 4d 4d 4c 45 72 4d 4d  BE.RBUF.&MMLErMM
  0370: 42 45 0b ff 0f 4d 4d 42 45 72 4d 4d 4c 45 0b ff  BE...MMBErMMLE..
  0380: 0f 4d 4d 4c 45 a4 52 42 55 46 14 49 04 5f 49 4e  .MMLE.RBUF.I._IN
  0390: 49 08 5b 80 50 43 46 47 00 0c 00 80 50 fd 0b 00  I.[.PCFG....P...
  03a0: 10 5b 81 1a 50 43 46 47 00 56 4e 49 44 10 44 56  .[..PCFG.VNID.DV
  03b0: 49 44 10 43 4d 4e 44 10 53 54 41 54 10 70 0d 78  ID.CMND.STAT.p.x
  03c0: 48 43 49 20 65 6e 61 62 6c 65 00 5b 31 70 0a 06  HCI enable.[1p..
  03d0: 43 4d 4e 44 5b 82 24 43 50 55 30 08 5f 48 49 44  CMND[.$CPU0._HID
  03e0: 0d 41 43 50 49 30 30 30 37 00 08 5f 55 49 44 00  .ACPI0007.._UID.
  03f0: 14 09 5f 53 54 41 00 a4 0a 0f 5b 82 24 43 50 55  .._STA....[.$CPU
  0400: 31 08 5f 48 49 44 0d 41 43 50 49 30 30 30 37 00  1._HID.ACPI0007.
  0410: 08 5f 55 49 44 01 14 09 5f 53 54 41 00 a4 0a 0f  ._UID..._STA....
  0420: 5b 82 25 43 50 55 32 08 5f 48 49 44 0d 41 43 50  [.%CPU2._HID.ACP
  0430: 49 30 30 30 37 00 08 5f 55 49 44 0a 02 14 09 5f  I0007.._UID...._
  0440: 53 54 41 00 a4 0a 0f 5b 82 25 43 50 55 33 08 5f  STA....[.%CPU3._
  0450: 48 49 44 0d 41 43 50 49 30 30 30 37 00 08 5f 55  HID.ACPI0007.._U
  0460: 49 44 0a 03 14 09 5f 53 54 41 00 a4 0a 0f 5b 82  ID...._STA....[.
  0470: 8b dc 01 47 44 56 30 08 5f 48 49 44 0d 41 43 50  ...GDV0._HID.ACP
  0480: 49 30 30 30 34 00 08 5f 55 49 44 01 08 5f 43 43  I0004.._UID.._CC
  0490: 41 00 14 4e 9f 5f 43 52 53 08 08 52 42 55 46 11  A..N._CRS..RBUF.
  04a0: 4b 3f 0b f6 03 8a 2b 00 00 0c 01 00 00 00 00 00  K?....+.........
  04b0: 00 00 00 00 00 00 00 00 00 00 00 00 00 00 00 00  ................
  04c0: 00 00 00 00 00 00 00 00 00 00 00 01 00 00 00 00  ................
  04d0: 00 00 00 8a 2b 00 00 0c 01 00 00 00 00 00 00 00  ....+...........
  04e0: 00 00 00 00 00 00 00 00 00 00 00 00 00 00 00 00  ................
  04f0: 00 00 00 00 00 00 00 00 00 01 00 00 00 00 00 00  ................
  0500: 00 8a 2b 00 00 0c 01 00 00 00 00 00 00 00 00 00  ..+.............
  0510: 00 00 00 00 00 00 00 00 00 00 00 00 00 00 00 00  ................
  0520: 00 00 00 00 00 00 00 01 00 00 00 00 00 00 00 8a  ................
  0530: 2b 00 00 0c 01 00 00 00 00 00 00 00 00 00 00 00  +...............
  0540: 00 00 00 00 00 00 00 00 00 00 00 00 00 00 00 00  ................
  0550: 00 00 00 00 00 01 00 00 00 00 00 00 00 8a 2b 00  ..............+.
  0560: 00 0c 01 00 00 00 00 00 00 00 00 00 00 00 00 00  ................
  0570: 00 00 00 00 00 00 00 00 00 00 00 00 00 00 00 00  ................
  0580: 00 00 00 01 00 00 00 00 00 00 00 8a 2b 00 00 0c  ............+...
  0590: 01 00 00 00 00 00 00 00 00 00 00 00 00 00 00 00  ................
  05a0: 00 00 00 00 00 00 00 00 00 00 00 00 00 00 00 00  ................
  05b0: 00 01 00 00 00 00 00 00 00 8a 2b 00 00 0c 01 00  ..........+.....
  05c0: 00 00 00 00 00 00 00 00 00 00 00 00 00 00 00 00  ................
  05d0: 00 00 00 00 00 00 00 00 00 00 00 00 00 00 00 01  ................
  05e0: 00 00 00 00 00 00 00 8a 2b 00 00 0c 01 00 00 00  ........+.......
  05f0: 00 00 00 00 00 00 00 00 00 00 00 00 00 00 00 00  ................
  0600: 00 00 00 00 00 00 00 00 00 00 00 00 00 01 00 00  ................
  0610: 00 00 00 00 00 8a 2b 00 00 0c 01 00 00 00 00 00  ......+.........
  0620: 00 00 00 00 00 00 00 00 00 00 00 00 00 00 00 00  ................
  0630: 00 00 00 00 00 00 00 00 00 00 00 01 00 00 00 00  ................
  0640: 00 00 00 8a 2b 00 00 0c 01 00 00 00 00 00 00 00  ....+...........
  0650: 00 00 00 00 00 00 00 00 00 00 00 00 00 00 00 00  ................
  0660: 00 00 00 00 00 00 00 00 00 01 00 00 00 00 00 00  ................
  0670: 00 8a 2b 00 00 0c 01 00 00 00 00 00 00 00 00 00  ..+.............
  0680: 00 00 00 00 00 00 00 00 00 00 00 00 00 00 00 00  ................
  0690: 00 00 00 00 00 00 00 01 00 00 00 00 00 00 00 8a  ................
  06a0: 2b 00 00 0c 01 00 00 00 00 00 00 00 00 00 00 00  +...............
  06b0: 00 00 00 00 00 00 00 00 00 00 00 00 00 00 00 00  ................
  06c0: 00 00 00 00 00 01 00 00 00 00 00 00 00 8a 2b 00  ..............+.
  06d0: 00 0c 01 00 00 00 00 00 00 00 00 00 00 00 00 00  ................
  06e0: 00 00 00 00 00 00 00 00 00 00 00 00 00 00 00 00  ................
  06f0: 00 00 00 01 00 00 00 00 00 00 00 8a 2b 00 00 0c  ............+...
  0700: 01 00 00 00 00 00 00 00 00 00 00 00 00 00 00 00  ................
  0710: 00 00 00 00 00 00 00 00 00 00 00 00 00 00 00 00  ................
  0720: 00 01 00 00 00 00 00 00 00 8a 2b 00 00 0c 01 00  ..........+.....
  0730: 00 00 00 00 00 00 00 00 00 00 00 00 00 00 00 00  ................
  0740: 00 00 00 00 00 00 00 00 00 00 00 00 00 00 00 01  ................
  0750: 00 00 00 00 00 00 00 8a 2b 00 00 0c 01 00 00 00  ........+.......
  0760: 00 00 00 00 00 00 00 00 00 00 00 00 00 00 00 00  ................
  0770: 00 00 00 00 00 00 00 00 00 00 00 00 00 01 00 00  ................
  0780: 00 00 00 00 00 8a 2b 00 00 0c 01 00 00 00 00 00  ......+.........
  0790: 00 00 00 00 00 00 00 00 00 00 00 00 00 00 00 00  ................
  07a0: 00 00 00 00 00 00 00 00 00 00 00 01 00 00 00 00  ................
  07b0: 00 00 00 8a 2b 00 00 0c 01 00 00 00 00 00 00 00  ....+...........
  07c0: 00 00 00 00 00 00 00 00 00 00 00 00 00 00 00 00  ................
  07d0: 00 00 00 00 00 00 00 00 00 01 00 00 00 00 00 00  ................
  07e0: 00 8a 2b 00 00 0c 01 00 00 00 00 00 00 00 00 00  ..+.............
  07f0: 00 00 00 00 00 00 00 00 00 00 00 00 00 00 00 00  ................
  0800: 00 00 00 00 00 00 00 01 00 00 00 00 00 00 00 8a  ................
  0810: 2b 00 00 0c 01 00 00 00 00 00 00 00 00 00 00 00  +...............
  0820: 00 00 00 00 00 00 00 00 00 00 00 00 00 00 00 00  ................
  0830: 00 00 00 00 00 01 00 00 00 00 00 00 00 8a 2b 00  ..............+.
  0840: 00 0c 01 00 00 00 00 00 00 00 00 00 00 00 00 00  ................
  0850: 00 00 00 00 00 00 00 00 00 00 00 00 00 00 00 00  ................
  0860: 00 00 00 01 00 00 00 00 00 00 00 8a 2b 00 00 0c  ............+...
  0870: 01 00 00 00 00 00 00 00 00 00 00 00 00 00 00 00  ................
  0880: 00 00 00 00 00 00 00 00 00 00 00 00 00 00 00 00  ................
  0890: 00 01 00 00 00 00 00 00 00 79 00 8f 52 42 55 46  .........y..RBUF
  08a0: 0a 0e 4d 49 30 31 8f 52 42 55 46 0a 16 4d 41 30  ..MI01.RBUF..MA0
  08b0: 31 8f 52 42 55 46 0a 26 4c 45 30 31 70 0c 00 00  1.RBUF.&LE01p...
  08c0: 01 00 4c 45 30 31 70 0c 00 00 98 fe 4d 49 30 31  ..LE01p.....MI01
  08d0: 72 4d 49 30 31 74 4c 45 30 31 01 00 4d 41 30 31  rMI01tLE01..MA01
  08e0: 8f 52 42 55 46 0a 3c 4d 49 30 32 8f 52 42 55 46  .RBUF.<MI02.RBUF
  08f0: 0a 44 4d 41 30 32 8f 52 42 55 46 0a 54 4c 45 30  .DMA02.RBUF.TLE0
  0900: 32 70 0b 00 10 4c 45 30 32 70 0c 00 00 c0 fe 4d  2p...LE02p.....M
  0910: 49 30 32 72 4d 49 30 32 74 4c 45 30 32 01 00 4d  I02rMI02tLE02..M
  0920: 41 30 32 8f 52 42 55 46 0a 6a 4d 49 30 33 8f 52  A02.RBUF.jMI03.R
  0930: 42 55 46 0a 72 4d 41 30 33 8f 52 42 55 46 0a 82  BUF.rMA03.RBUF..
  0940: 4c 45 30 33 70 0b 00 60 4c 45 30 33 70 0c 00 00  LE03p..`LE03p...
  0950: 40 fe 4d 49 30 33 72 4d 49 30 33 74 4c 45 30 33  @.MI03rMI03tLE03
  0960: 01 00 4d 41 30 33 8f 52 42 55 46 0a 98 4d 49 30  ..MA03.RBUF..MI0
  0970: 36 8f 52 42 55 46 0a a0 4d 41 30 36 8f 52 42 55  6.RBUF..MA06.RBU
  0980: 46 0a b0 4c 45 30 36 70 0b 00 01 4c 45 30 36 70  F..LE06p...LE06p
  0990: 0c 00 70 80 fe 4d 49 30 36 72 4d 49 30 36 74 4c  ..p..MI06rMI06tL
  09a0: 45 30 36 01 00 4d 41 30 36 8f 52 42 55 46 0a c6  E06..MA06.RBUF..
  09b0: 4d 49 30 37 8f 52 42 55 46 0a ce 4d 41 30 37 8f  MI07.RBUF..MA07.
  09c0: 52 42 55 46 0a de 4c 45 30 37 70 0b 00 06 4c 45  RBUF..LE07p...LE
  09d0: 30 37 70 0c 00 20 90 fe 4d 49 30 37 72 4d 49 30  07p.. ..MI07rMI0
  09e0: 37 74 4c 45 30 37 01 00 4d 41 30 37 8f 52 42 55  7tLE07..MA07.RBU
  09f0: 46 0a f4 4d 49 30 38 8f 52 42 55 46 0a fc 4d 41  F..MI08.RBUF..MA
  0a00: 30 38 8f 52 42 55 46 0b 0c 01 4c 45 30 38 70 0b  08.RBUF...LE08p.
  0a10: 00 01 4c 45 30 38 70 0c 00 80 80 fe 4d 49 30 38  ..LE08p.....MI08
  0a20: 72 4d 49 30 38 74 4c 45 30 38 01 00 4d 41 30 38  rMI08tLE08..MA08
  0a30: 8f 52 42 55 46 0b 22 01 4d 49 30 39 8f 52 42 55  .RBUF.".MI09.RBU
  0a40: 46 0b 2a 01 4d 41 30 39 8f 52 42 55 46 0b 3a 01  F.*.MA09.RBUF.:.
  0a50: 4c 45 30 39 70 0a 24 4c 45 30 39 70 0c 80 b8 00  LE09p.$LE09p....
  0a60: fe 4d 49 30 39 72 4d 49 30 39 74 4c 45 30 39 01  .MI09rMI09tLE09.
  0a70: 00 4d 41 30 39 8f 52 42 55 46 0b 50 01 4d 49 31  .MA09.RBUF.P.MI1
  0a80: 30 8f 52 42 55 46 0b 58 01 4d 41 31 30 8f 52 42  0.RBUF.X.MA10.RB
  0a90: 55 46 0b 68 01 4c 45 31 30 70 0a 10 4c 45 31 30  UF.h.LE10p..LE10
  0aa0: 70 0c 40 b8 00 fe 4d 49 31 30 72 4d 49 31 30 74  p.@...MI10rMI10t
  0ab0: 4c 45 31 30 01 00 4d 41 31 30 8f 52 42 55 46 0b  LE10..MA10.RBUF.
  0ac0: 7e 01 4d 49 31 31 8f 52 42 55 46 0b 86 01 4d 41  ~.MI11.RBUF...MA
  0ad0: 31 31 8f 52 42 55 46 0b 96 01 4c 45 31 31 70 0a  11.RBUF...LE11p.
  0ae0: b4 4c 45 31 31 70 0c 00 00 20 fe 4d 49 31 31 72  .LE11p... .MI11r
  0af0: 4d 49 31 31 74 4c 45 31 31 01 00 4d 41 31 31 8f  MI11tLE11..MA11.
  0b00: 52 42 55 46 0b ac 01 4d 49 31 32 8f 52 42 55 46  RBUF...MI12.RBUF
  0b10: 0b b4 01 4d 41 31 32 8f 52 42 55 46 0b c4 01 4c  ...MA12.RBUF...L
  0b20: 45 31 32 70 0a 20 4c 45 31 32 70 0c 00 40 80 fe  E12p. LE12p..@..
  0b30: 4d 49 31 32 72 4d 49 31 32 74 4c 45 31 32 01 00  MI12rMI12tLE12..
  0b40: 4d 41 31 32 8f 52 42 55 46 0b da 01 4d 49 31 33  MA12.RBUF...MI13
  0b50: 8f 52 42 55 46 0b e2 01 4d 41 31 33 8f 52 42 55  .RBUF...MA13.RBU
  0b60: 46 0b f2 01 4c 45 31 33 70 0a 20 4c 45 31 33 70  F...LE13p. LE13p
  0b70: 0c 00 50 80 fe 4d 49 31 33 72 4d 49 31 33 74 4c  ..P..MI13rMI13tL
  0b80: 45 31 33 01 00 4d 41 31 33 8f 52 42 55 46 0b 08  E13..MA13.RBUF..
  0b90: 02 4d 49 31 34 8f 52 42 55 46 0b 10 02 4d 41 31  .MI14.RBUF...MA1
  0ba0: 34 8f 52 42 55 46 0b 20 02 4c 45 31 34 70 0a 20  4.RBUF. .LE14p. 
  0bb0: 4c 45 31 34 70 0c 00 40 20 fe 4d 49 31 34 72 4d  LE14p..@ .MI14rM
  0bc0: 49 31 34 74 4c 45 31 34 01 00 4d 41 31 34 8f 52  I14tLE14..MA14.R
  0bd0: 42 55 46 0b 36 02 4d 49 31 35 8f 52 42 55 46 0b  BUF.6.MI15.RBUF.
  0be0: 3e 02 4d 41 31 35 8f 52 42 55 46 0b 4e 02 4c 45  >.MA15.RBUF.N.LE
  0bf0: 31 35 70 0a 40 4c 45 31 35 70 0c 80 50 21 fe 4d  15p.@LE15p..P!.M
  0c00: 49 31 35 72 4d 49 31 35 74 4c 45 31 35 01 00 4d  I15rMI15tLE15..M
  0c10: 41 31 35 8f 52 42 55 46 0b 64 02 4d 49 31 37 8f  A15.RBUF.d.MI17.
  0c20: 52 42 55 46 0b 6c 02 4d 41 31 37 8f 52 42 55 46  RBUF.l.MA17.RBUF
  0c30: 0b 7c 02 4c 45 31 37 70 0b 00 01 4c 45 31 37 70  .|.LE17p...LE17p
  0c40: 0c 00 7b 00 fe 4d 49 31 37 72 4d 49 31 37 74 4c  ..{..MI17rMI17tL
  0c50: 45 31 37 01 00 4d 41 31 37 8f 52 42 55 46 0b 92  E17..MA17.RBUF..
  0c60: 02 4d 49 31 38 8f 52 42 55 46 0b 9a 02 4d 41 31  .MI18.RBUF...MA1
  0c70: 38 8f 52 42 55 46 0b aa 02 4c 45 31 38 70 0a 28  8.RBUF...LE18p.(
  0c80: 4c 45 31 38 70 0c 00 c0 20 fe 4d 49 31 38 72 4d  LE18p... .MI18rM
  0c90: 49 31 38 74 4c 45 31 38 01 00 4d 41 31 38 8f 52  I18tLE18..MA18.R
  0ca0: 42 55 46 0b c0 02 4d 49 31 39 8f 52 42 55 46 0b  BUF...MI19.RBUF.
  0cb0: c8 02 4d 41 31 39 8f 52 42 55 46 0b d8 02 4c 45  ..MA19.RBUF...LE
  0cc0: 31 39 70 0a 28 4c 45 31 39 70 0e 00 c0 20 7c 01  19p.(LE19p... |.
  0cd0: 00 00 00 4d 49 31 39 72 4d 49 31 39 74 4c 45 31  ...MI19rMI19tLE1
  0ce0: 39 01 00 4d 41 31 39 8f 52 42 55 46 0b ee 02 4d  9..MA19.RBUF...M
  0cf0: 49 32 30 8f 52 42 55 46 0b f6 02 4d 41 32 30 8f  I20.RBUF...MA20.
  0d00: 52 42 55 46 0b 06 03 4c 45 32 30 70 0a 28 4c 45  RBUF...LE20p.(LE
  0d10: 32 30 70 0e 00 c0 20 fd 01 00 00 00 4d 49 32 30  20p... .....MI20
  0d20: 72 4d 49 32 30 74 4c 45 32 30 01 00 4d 41 32 30  rMI20tLE20..MA20
  0d30: 8f 52 42 55 46 0b 1c 03 4d 49 32 31 8f 52 42 55  .RBUF...MI21.RBU
  0d40: 46 0b 24 03 4d 41 32 31 8f 52 42 55 46 0b 34 03  F.$.MA21.RBUF.4.
  0d50: 4c 45 32 31 70 0a 08 4c 45 32 31 70 0c a0 10 10  LE21p..LE21p....
  0d60: fe 4d 49 32 31 72 4d 49 32 31 74 4c 45 32 31 01  .MI21rMI21tLE21.
  0d70: 00 4d 41 32 31 8f 52 42 55 46 0b 4a 03 4d 49 32  .MA21.RBUF.J.MI2
  0d80: 32 8f 52 42 55 46 0b 52 03 4d 41 32 32 8f 52 42  2.RBUF.R.MA22.RB
  0d90: 55 46 0b 62 03 4c 45 32 32 70 0b 00 10 4c 45 32  UF.b.LE22p...LE2
  0da0: 32 70 0c 00 10 20 fe 4d 49 32 32 72 4d 49 32 32  2p... .MI22rMI22
  0db0: 74 4c 45 32 32 01 00 4d 41 32 32 8f 52 42 55 46  tLE22..MA22.RBUF
  0dc0: 0b 78 03 4d 49 32 33 8f 52 42 55 46 0b 80 03 4d  .x.MI23.RBUF...M
  0dd0: 41 32 33 8f 52 42 55 46 0b 90 03 4c 45 32 33 70  A23.RBUF...LE23p
  0de0: 0a 70 4c 45 32 33 70 0c 00 50 21 fe 4d 49 32 33  .pLE23p..P!.MI23
  0df0: 72 4d 49 32 33 74 4c 45 32 33 01 00 4d 41 32 33  rMI23tLE23..MA23
  0e00: 8f 52 42 55 46 0b a6 03 4d 49 32 34 8f 52 42 55  .RBUF...MI24.RBU
  0e10: 46 0b ae 03 4d 41 32 34 8f 52 42 55 46 0b be 03  F...MA24.RBUF...
  0e20: 4c 45 32 34 70 0b 00 01 4c 45 32 34 70 0c 00 00  LE24p...LE24p...
  0e30: 30 fe 4d 49 32 34 72 4d 49 32 34 74 4c 45 32 34  0.MI24rMI24tLE24
  0e40: 01 00 4d 41 32 34 8f 52 42 55 46 0b d4 03 4d 49  ..MA24.RBUF...MI
  0e50: 32 35 8f 52 42 55 46 0b dc 03 4d 41 32 35 8f 52  25.RBUF...MA25.R
  0e60: 42 55 46 0b ec 03 4c 45 32 35 70 0b 00 01 4c 45  BUF...LE25p...LE
  0e70: 32 35 70 0c 00 20 20 fe 4d 49 32 35 72 4d 49 32  25p..  .MI25rMI2
  0e80: 35 74 4c 45 32 35 01 00 4d 41 32 35 a4 52 42 55  5tLE25..MA25.RBU
  0e90: 46 08 5f 44 4d 41 11 33 0a 30 8a 2b 00 00 0d 01  F._DMA.3.0.+....
  0ea0: 00 00 00 00 00 00 00 00 00 00 00 c0 00 00 00 00  ................
  0eb0: ff ff ff ff 00 00 00 00 00 00 00 40 ff ff ff ff  ...........@....
  0ec0: 00 00 00 40 00 00 00 00 79 00 5b 82 46 08 55 53  ...@....y.[.F.US
  0ed0: 42 30 08 5f 48 49 44 0d 42 43 4d 32 38 34 38 00  B0._HID.BCM2848.
  0ee0: 08 5f 43 49 44 12 15 02 0d 44 57 43 5f 4f 54 47  ._CID....DWC_OTG
  0ef0: 00 0d 44 57 43 32 5f 4f 54 47 00 08 5f 55 49 44  ..DWC2_OTG.._UID
  0f00: 00 08 5f 43 43 41 00 14 09 5f 53 54 41 00 a4 0a  .._CCA..._STA...
  0f10: 0f 08 52 42 55 46 11 1a 0a 17 86 09 00 01 00 00  ..RBUF..........
  0f20: 00 00 00 00 01 00 89 06 00 01 01 69 00 00 00 79  ...........i...y
  0f30: 00 14 20 5f 43 52 53 08 8a 52 42 55 46 0a 04 52  .. _CRS..RBUF..R
  0f40: 42 41 53 70 0c 00 00 98 fe 52 42 41 53 a4 52 42  BASp.....RBAS.RB
  0f50: 55 46 5b 82 46 1a 47 50 55 30 08 5f 48 49 44 0d  UF[.F.GPU0._HID.
  0f60: 42 43 4d 32 38 35 30 00 08 5f 43 49 44 0d 56 43  BCM2850.._CID.VC
  0f70: 34 00 08 5f 55 49 44 00 08 5f 43 43 41 00 14 09  4.._UID.._CCA...
  0f80: 5f 53 54 41 00 a4 0a 0f 08 52 42 55 46 11 46 09  _STA.....RBUF.F.
  0f90: 0a 92 86 09 00 01 00 00 00 00 00 10 00 00 89 06  ................
  0fa0: 00 01 01 2a 00 00 00 86 09 00 01 00 00 00 00 00  ...*............
  0fb0: 60 00 00 86 09 00 01 00 00 00 00 00 01 00 00 89  `...............
  0fc0: 06 00 01 01 4a 00 00 00 86 09 00 01 00 00 00 00  ....J...........
  0fd0: 00 06 00 00 86 09 00 01 00 00 00 00 00 01 00 00  ................
  0fe0: 8e 1e 00 01 00 01 02 00 00 01 06 00 a0 86 01 00  ................
  0ff0: 50 00 5c 5f 53 42 2e 47 44 56 30 2e 49 32 43 32  P.\_SB.GDV0.I2C2
  1000: 00 8e 1e 00 01 00 01 02 00 00 01 06 00 a0 86 01  ................
  1010: 00 30 00 5c 5f 53 42 2e 47 44 56 30 2e 49 32 43  .0.\_SB.GDV0.I2C
  1020: 32 00 79 00 14 45 07 5f 43 52 53 08 8a 52 42 55  2.y..E._CRS..RBU
  1030: 46 0a 04 52 42 30 31 70 0c 00 00 c0 fe 52 42 30  F..RB01p.....RB0
  1040: 31 8a 52 42 55 46 0a 19 52 42 30 32 70 0c 00 00  1.RBUF..RB02p...
  1050: 40 fe 52 42 30 32 8a 52 42 55 46 0a 25 52 42 30  @.RB02.RBUF.%RB0
  1060: 35 70 0c 00 70 80 fe 52 42 30 35 8a 52 42 55 46  5p..p..RB05.RBUF
  1070: 0a 3a 52 42 30 36 70 0c 00 20 90 fe 52 42 30 36  .:RB06p.. ..RB06
  1080: 8a 52 42 55 46 0a 46 52 42 30 37 70 0c 00 80 80  .RBUF.FRB07p....
  1090: fe 52 42 30 37 a4 52 42 55 46 14 4f 05 50 4d 43  .RB07.RBUF.O.PMC
  10a0: 44 08 08 52 42 55 46 12 4d 04 03 01 01 12 47 04  D..RBUF.M.....G.
  10b0: 01 12 43 04 07 00 00 00 11 13 0a 10 26 1e 2d 9b  ..C.........&.-.
  10c0: 75 15 47 47 8f c0 b9 eb 4b aa 2d 2b 0d 56 43 34  u.GG....K.-+.VC4
  10d0: 5f 45 6e 67 69 6e 65 5f 30 30 00 0a 02 12 17 02  _Engine_00......
  10e0: 12 09 03 00 00 0c 90 76 12 00 12 0a 03 0b 10 27  .......v.......'
  10f0: 0b 10 27 0a 04 a4 52 42 55 46 5b 82 46 07 52 50  ..'...RBUF[.F.RP
  1100: 49 51 08 5f 48 49 44 0d 42 43 4d 32 38 34 39 00  IQ._HID.BCM2849.
  1110: 08 5f 43 49 44 0d 52 50 49 51 00 08 5f 55 49 44  ._CID.RPIQ.._UID
  1120: 00 08 5f 43 43 41 00 14 09 5f 53 54 41 00 a4 0a  .._CCA..._STA...
  1130: 0f 08 52 42 55 46 11 1a 0a 17 86 09 00 01 00 00  ..RBUF..........
  1140: 00 00 24 00 00 00 89 06 00 01 01 41 00 00 00 79  ..$........A...y
  1150: 00 14 20 5f 43 52 53 08 8a 52 42 55 46 0a 04 52  .. _CRS..RBUF..R
  1160: 42 41 53 70 0c 80 b8 00 fe 52 42 41 53 a4 52 42  BASp.....RBAS.RB
  1170: 55 46 5b 82 42 08 56 43 49 51 08 5f 48 49 44 0d  UF[.B.VCIQ._HID.
  1180: 42 43 4d 32 38 33 35 00 08 5f 43 49 44 0d 56 43  BCM2835.._CID.VC
  1190: 49 51 00 08 5f 55 49 44 00 08 5f 43 43 41 00 08  IQ.._UID.._CCA..
  11a0: 5f 44 45 50 12 06 01 52 50 49 51 14 09 5f 53 54  _DEP...RPIQ.._ST
  11b0: 41 00 a4 0a 0f 08 52 42 55 46 11 1a 0a 17 86 09  A.....RBUF......
  11c0: 00 01 00 00 00 00 10 00 00 00 89 06 00 01 01 42  ...............B
  11d0: 00 00 00 79 00 14 20 5f 43 52 53 08 8a 52 42 55  ...y.. _CRS..RBU
  11e0: 46 0a 04 52 42 41 53 70 0c 40 b8 00 fe 52 42 41  F..RBASp.@...RBA
  11f0: 53 a4 52 42 55 46 5b 82 41 04 56 43 53 4d 08 5f  S.RBUF[.A.VCSM._
  1200: 48 49 44 0d 42 43 4d 32 38 35 36 00 08 5f 43 49  HID.BCM2856.._CI
  1210: 44 0d 56 43 53 4d 00 08 5f 55 49 44 00 08 5f 43  D.VCSM.._UID.._C
  1220: 43 41 00 08 5f 44 45 50 12 06 01 56 43 49 51 14  CA.._DEP...VCIQ.
  1230: 09 5f 53 54 41 00 a4 0a 0f 5b 82 45 08 47 50 49  ._STA....[.E.GPI
  1240: 30 08 5f 48 49 44 0d 42 43 4d 32 38 34 35 00 08  0._HID.BCM2845..
  1250: 5f 43 49 44 0d 42 43 4d 47 50 49 4f 00 08 5f 55  _CID.BCMGPIO.._U
  1260: 49 44 00 08 5f 43 43 41 00 14 09 5f 53 54 41 00  ID.._CCA..._STA.
  1270: a4 0a 0f 08 52 42 55 46 11 26 0a 23 86 09 00 01  ....RBUF.&.#....
  1280: 00 00 00 00 b4 00 00 00 89 12 00 09 04 91 00 00  ................
  1290: 00 92 00 00 00 93 00 00 00 94 00 00 00 79 00 14  .............y..
  12a0: 20 5f 43 52 53 08 8a 52 42 55 46 0a 04 52 42 41   _CRS..RBUF..RBA
  12b0: 53 70 0c 00 00 20 fe 52 42 41 53 a4 52 42 55 46  Sp... .RBAS.RBUF
  12c0: 5b 82 4d 09 49 32 43 31 08 5f 48 49 44 0d 42 43  [.M.I2C1._HID.BC
  12d0: 4d 32 38 34 31 00 08 5f 43 49 44 0d 42 43 4d 49  M2841.._CID.BCMI
  12e0: 32 43 00 08 5f 55 49 44 01 08 5f 43 43 41 00 14  2C.._UID.._CCA..
  12f0: 09 5f 53 54 41 00 a4 0a 0f 08 52 42 55 46 11 3f  ._STA.....RBUF.?
  1300: 0a 3c 86 09 00 01 00 00 00 00 20 00 00 00 89 06  .<........ .....
  1310: 00 09 01 95 00 00 00 8d 22 00 01 00 00 01 04 00  ........".......
  1320: 12 00 00 16 00 25 00 00 00 02 00 03 00 5c 5f 53  .....%.......\_S
  1330: 42 2e 47 44 56 30 2e 47 50 49 30 00 79 00 14 20  B.GDV0.GPI0.y.. 
  1340: 5f 43 52 53 08 8a 52 42 55 46 0a 04 52 42 41 53  _CRS..RBUF..RBAS
  1350: 70 0c 00 40 80 fe 52 42 41 53 a4 52 42 55 46 5b  p..@..RBAS.RBUF[
  1360: 82 49 07 49 32 43 32 08 5f 48 49 44 0d 42 43 4d  .I.I2C2._HID.BCM
  1370: 32 38 34 31 00 08 5f 43 49 44 0d 42 43 4d 49 32  2841.._CID.BCMI2
  1380: 43 00 08 5f 55 49 44 0a 02 08 5f 43 43 41 00 14  C.._UID..._CCA..
  1390: 09 5f 53 54 41 00 a4 0a 0f 08 52 42 55 46 11 1a  ._STA.....RBUF..
  13a0: 0a 17 86 09 00 01 00 00 00 00 20 00 00 00 89 06  .......... .....
  13b0: 00 09 01 95 00 00 00 79 00 14 20 5f 43 52 53 08  .......y.. _CRS.
  13c0: 8a 52 42 55 46 0a 04 52 42 41 53 70 0c 00 50 80  .RBUF..RBASp..P.
  13d0: fe 52 42 41 53 a4 52 42 55 46 5b 82 47 0e 53 50  .RBAS.RBUF[.G.SP
  13e0: 49 30 08 5f 48 49 44 0d 42 43 4d 32 38 33 38 00  I0._HID.BCM2838.
  13f0: 08 5f 43 49 44 0d 42 43 4d 53 50 49 30 00 08 5f  ._CID.BCMSPI0.._
  1400: 55 49 44 00 08 5f 43 43 41 00 14 09 5f 53 54 41  UID.._CCA..._STA
  1410: 00 a4 0a 0f 08 52 42 55 46 11 48 08 0a 84 86 09  .....RBUF.H.....
  1420: 00 01 00 00 00 00 20 00 00 00 89 06 00 09 01 96  ...... .........
  1430: 00 00 00 8d 24 00 01 00 00 02 04 00 12 00 00 18  ....$...........
  1440: 00 27 00 00 00 09 00 0a 00 0b 00 5c 5f 53 42 2e  .'.........\_SB.
  1450: 47 44 56 30 2e 47 50 49 30 00 8d 20 00 01 00 00  GDV0.GPI0.. ....
  1460: 01 04 00 12 00 00 14 00 23 00 00 00 08 00 5c 5f  ........#.....\_
  1470: 53 42 2e 47 44 56 30 2e 47 50 49 30 00 8d 20 00  SB.GDV0.GPI0.. .
  1480: 01 00 00 01 04 00 12 00 00 14 00 23 00 00 00 07  ...........#....
  1490: 00 5c 5f 53 42 2e 47 44 56 30 2e 47 50 49 30 00  .\_SB.GDV0.GPI0.
  14a0: 79 00 14 20 5f 43 52 53 08 8a 52 42 55 46 0a 04  y.. _CRS..RBUF..
  14b0: 52 42 41 53 70 0c 00 40 20 fe 52 42 41 53 a4 52  RBASp..@ .RBAS.R
  14c0: 42 55 46 5b 82 42 0d 53 50 49 31 08 5f 48 49 44  BUF[.B.SPI1._HID
  14d0: 0d 42 43 4d 32 38 33 39 00 08 5f 43 49 44 0d 42  .BCM2839.._CID.B
  14e0: 43 4d 41 55 58 53 50 49 00 08 5f 55 49 44 01 08  CMAUXSPI.._UID..
  14f0: 5f 43 43 41 00 08 5f 44 45 50 12 06 01 52 50 49  _CCA.._DEP...RPI
  1500: 51 14 09 5f 53 54 41 00 a4 0a 0f 08 52 42 55 46  Q.._STA.....RBUF
  1510: 11 45 06 0a 61 86 09 00 01 00 00 00 00 40 00 00  .E..a........@..
  1520: 00 89 06 00 09 01 7d 00 00 00 8d 24 00 01 00 00  ......}....$....
  1530: 02 03 00 12 00 00 18 00 27 00 00 00 13 00 14 00  ........'.......
  1540: 15 00 5c 5f 53 42 2e 47 44 56 30 2e 47 50 49 30  ..\_SB.GDV0.GPI0
  1550: 00 8d 20 00 01 00 00 02 03 00 12 00 00 14 00 23  .. ............#
  1560: 00 00 00 10 00 5c 5f 53 42 2e 47 44 56 30 2e 47  .....\_SB.GDV0.G
  1570: 50 49 30 00 79 00 14 20 5f 43 52 53 08 8a 52 42  PI0.y.. _CRS..RB
  1580: 55 46 0a 04 52 42 41 53 70 0c 80 50 21 fe 52 42  UF..RBASp..P!.RB
  1590: 41 53 a4 52 42 55 46 5b 82 4b 0d 50 57 4d 30 08  AS.RBUF[.K.PWM0.
  15a0: 5f 48 49 44 0d 42 43 4d 32 38 34 34 00 08 5f 43  _HID.BCM2844.._C
  15b0: 49 44 0d 42 43 4d 32 38 34 34 00 08 5f 55 49 44  ID.BCM2844.._UID
  15c0: 00 08 5f 43 43 41 00 14 09 5f 53 54 41 00 a4 0a  .._CCA..._STA...
  15d0: 0f 08 52 42 55 46 11 41 05 0a 4d 86 09 00 01 00  ..RBUF.A..M.....
  15e0: 00 00 00 00 01 00 00 86 09 00 01 00 00 00 00 28  ...............(
  15f0: 00 00 00 86 09 00 01 00 c0 20 7e 28 00 00 00 86  ......... ~(....
  1600: 09 00 01 00 c0 20 ff 28 00 00 00 86 09 00 01 00  ..... .(........
  1610: 00 00 00 08 00 00 00 89 06 00 01 01 3b 00 00 00  ............;...
  1620: 55 05 00 0b 00 02 79 00 14 4b 04 5f 43 52 53 08  U.....y..K._CRS.
  1630: 8a 52 42 55 46 0a 04 52 42 30 31 70 0c 00 7b 00  .RBUF..RB01p..{.
  1640: fe 52 42 30 31 8a 52 42 55 46 0a 10 52 42 30 32  .RB01.RBUF..RB02
  1650: 70 0c 00 c0 20 fe 52 42 30 32 8a 52 42 55 46 0a  p... .RB02.RBUF.
  1660: 34 52 42 30 33 70 0c a0 10 10 fe 52 42 30 33 a4  4RB03p.....RB03.
  1670: 52 42 55 46 5b 82 4c 0b 55 52 54 30 08 5f 48 49  RBUF[.L.URT0._HI
  1680: 44 0d 42 43 4d 32 38 33 37 00 08 5f 43 49 44 0d  D.BCM2837.._CID.
  1690: 41 52 4d 48 30 30 31 31 00 08 5f 55 49 44 0a 04  ARMH0011.._UID..
  16a0: 08 5f 43 43 41 00 14 09 5f 53 54 41 00 a4 0a 0f  ._CCA..._STA....
  16b0: 08 52 42 55 46 11 1a 0a 17 86 09 00 01 00 00 00  .RBUF...........
  16c0: 00 00 10 00 00 89 06 00 01 01 99 00 00 00 79 00  ..............y.
  16d0: 14 20 5f 43 52 53 08 8a 52 42 55 46 0a 04 52 42  . _CRS..RBUF..RB
  16e0: 41 53 70 0c 00 10 20 fe 52 42 41 53 a4 52 42 55  ASp... .RBAS.RBU
  16f0: 46 08 43 4c 43 4b 0c 00 6c dc 02 08 5f 44 53 44  F.CLCK..l..._DSD
  1700: 12 31 02 11 13 0a 10 14 d8 ff da ba 6e 8c 4d 8a  .1..........n.M.
  1710: 91 bc 9b bf 4a a3 01 12 1a 01 12 17 02 0d 63 6c  ....J.........cl
  1720: 6f 63 6b 2d 66 72 65 71 75 65 6e 63 79 00 43 4c  ock-frequency.CL
  1730: 43 4b 5b 82 4a 07 55 52 54 4d 08 5f 48 49 44 0d  CK[.J.URTM._HID.
  1740: 42 43 4d 32 38 33 36 00 08 5f 43 49 44 0d 4d 49  BCM2836.._CID.MI
  1750: 4e 49 55 41 52 54 00 08 5f 55 49 44 00 08 5f 43  NIUART.._UID.._C
  1760: 43 41 00 14 09 5f 53 54 41 00 a4 0a 0f 08 52 42  CA..._STA.....RB
  1770: 55 46 11 1a 0a 17 86 09 00 01 00 00 00 00 70 00  UF............p.
  1780: 00 00 89 06 00 09 01 7d 00 00 00 79 00 14 20 5f  .......}...y.. _
  1790: 43 52 53 08 8a 52 42 55 46 0a 04 52 42 41 53 70  CRS..RBUF..RBASp
  17a0: 0c 00 50 21 fe 52 42 41 53 a4 52 42 55 46 5b 82  ..P!.RBAS.RBUF[.
  17b0: 48 08 42 54 48 30 08 5f 48 49 44 0d 42 43 4d 32  H.BTH0._HID.BCM2
  17c0: 45 41 36 00 08 5f 43 49 44 0d 42 43 4d 32 45 41  EA6.._CID.BCM2EA
  17d0: 36 00 14 09 5f 53 54 41 00 a4 0a 0f 14 4b 05 5f  6..._STA.....K._
  17e0: 43 52 53 08 08 52 42 55 46 11 49 04 0a 45 8e 1d  CRS..RBUF.I..E..
  17f0: 00 01 00 03 02 34 00 01 0a 00 00 c2 01 00 10 00  .....4..........
  1800: 10 00 00 00 5c 5f 53 42 2e 55 52 54 4d 00 8c 20  ....\_SB.URTM.. 
  1810: 00 01 01 01 00 08 00 01 00 00 00 00 17 00 00 19  ................
  1820: 00 23 00 00 00 80 00 5c 5f 53 42 2e 52 50 49 51  .#.....\_SB.RPIQ
  1830: 00 79 00 a4 52 42 55 46 5b 82 4c 8a 52 48 50 58  .y..RBUF[.L.RHPX
  1840: 08 5f 48 49 44 0d 4d 53 46 54 38 30 30 30 00 08  ._HID.MSFT8000..
  1850: 5f 43 49 44 0d 4d 53 46 54 38 30 30 30 00 08 5f  _CID.MSFT8000.._
  1860: 55 49 44 01 08 5f 43 52 53 11 40 71 0b 0b 07 8e  UID.._CRS.@q....
  1870: 1c 00 01 00 02 02 00 00 01 09 00 00 09 3d 00 08  .............=..
  1880: 00 00 00 00 5c 5f 53 42 2e 53 50 49 30 00 8e 1c  ....\_SB.SPI0...
  1890: 00 01 00 02 02 00 00 01 09 00 00 09 3d 00 08 00  ............=...
  18a0: 00 01 00 5c 5f 53 42 2e 53 50 49 30 00 8e 19 00  ...\_SB.SPI0....
  18b0: 01 00 01 02 00 00 01 06 00 00 00 00 00 ff ff 5c  ...............\
  18c0: 5f 53 42 2e 49 32 43 31 00 8e 1c 00 01 00 02 02  _SB.I2C1........
  18d0: 00 00 01 09 00 00 09 3d 00 08 00 00 02 00 5c 5f  .......=......\_
  18e0: 53 42 2e 53 50 49 31 00 8c 20 00 01 01 01 00 08  SB.SPI1.. ......
  18f0: 00 01 00 00 00 00 17 00 00 19 00 23 00 00 00 02  ...........#....
  1900: 00 5c 5f 53 42 2e 47 50 49 30 00 8c 20 00 01 00  .\_SB.GPI0.. ...
  1910: 01 00 0d 00 01 00 00 00 00 17 00 00 19 00 23 00  ..............#.
  1920: 00 00 02 00 5c 5f 53 42 2e 47 50 49 30 00 8c 20  ....\_SB.GPI0.. 
  1930: 00 01 01 01 00 08 00 01 00 00 00 00 17 00 00 19  ................
  1940: 00 23 00 00 00 03 00 5c 5f 53 42 2e 47 50 49 30  .#.....\_SB.GPI0
  1950: 00 8c 20 00 01 00 01 00 0d 00 01 00 00 00 00 17  .. .............
  1960: 00 00 19 00 23 00 00 00 03 00 5c 5f 53 42 2e 47  ....#.....\_SB.G
  1970: 50 49 30 00 8c 20 00 01 01 01 00 08 00 01 00 00  PI0.. ..........
  1980: 00 00 17 00 00 19 00 23 00 00 00 04 00 5c 5f 53  .......#.....\_S
  1990: 42 2e 47 50 49 30 00 8c 20 00 01 00 01 00 0d 00  B.GPI0.. .......
  19a0: 01 00 00 00 00 17 00 00 19 00 23 00 00 00 04 00  ..........#.....
  19b0: 5c 5f 53 42 2e 47 50 49 30 00 8c 20 00 01 01 01  \_SB.GPI0.. ....
  19c0: 00 08 00 01 00 00 00 00 17 00 00 19 00 23 00 00  .............#..
  19d0: 00 05 00 5c 5f 53 42 2e 47 50 49 30 00 8c 20 00  ...\_SB.GPI0.. .
  19e0: 01 00 01 00 0d 00 01 00 00 00 00 17 00 00 19 00  ................
  19f0: 23 00 00 00 05 00 5c 5f 53 42 2e 47 50 49 30 00  #.....\_SB.GPI0.
  1a00: 8c 20 00 01 01 01 00 08 00 01 00 00 00 00 17 00  . ..............
  1a10: 00 19 00 23 00 00 00 06 00 5c 5f 53 42 2e 47 50  ...#.....\_SB.GP
  1a20: 49 30 00 8c 20 00 01 00 01 00 0d 00 01 00 00 00  I0.. ...........
  1a30: 00 17 00 00 19 00 23 00 00 00 06 00 5c 5f 53 42  ......#.....\_SB
  1a40: 2e 47 50 49 30 00 8c 20 00 01 01 01 00 08 00 01  .GPI0.. ........
  1a50: 00 00 00 00 17 00 00 19 00 23 00 00 00 07 00 5c  .........#.....\
  1a60: 5f 53 42 2e 47 50 49 30 00 8c 20 00 01 00 01 00  _SB.GPI0.. .....
  1a70: 0d 00 01 00 00 00 00 17 00 00 19 00 23 00 00 00  ............#...
  1a80: 07 00 5c 5f 53 42 2e 47 50 49 30 00 8c 20 00 01  ..\_SB.GPI0.. ..
  1a90: 01 01 00 08 00 01 00 00 00 00 17 00 00 19 00 23  ...............#
  1aa0: 00 00 00 08 00 5c 5f 53 42 2e 47 50 49 30 00 8c  .....\_SB.GPI0..
  1ab0: 20 00 01 00 01 00 0d 00 01 00 00 00 00 17 00 00   ...............
  1ac0: 19 00 23 00 00 00 08 00 5c 5f 53 42 2e 47 50 49  ..#.....\_SB.GPI
  1ad0: 30 00 8c 20 00 01 01 01 00 08 00 02 00 00 00 00  0.. ............
  1ae0: 17 00 00 19 00 23 00 00 00 09 00 5c 5f 53 42 2e  .....#.....\_SB.
  1af0: 47 50 49 30 00 8c 20 00 01 00 01 00 0d 00 02 00  GPI0.. .........
  1b00: 00 00 00 17 00 00 19 00 23 00 00 00 09 00 5c 5f  ........#.....\_
  1b10: 53 42 2e 47 50 49 30 00 8c 20 00 01 01 01 00 08  SB.GPI0.. ......
  1b20: 00 02 00 00 00 00 17 00 00 19 00 23 00 00 00 0a  ...........#....
  1b30: 00 5c 5f 53 42 2e 47 50 49 30 00 8c 20 00 01 00  .\_SB.GPI0.. ...
  1b40: 01 00 0d 00 02 00 00 00 00 17 00 00 19 00 23 00  ..............#.
  1b50: 00 00 0a 00 5c 5f 53 42 2e 47 50 49 30 00 8c 20  ....\_SB.GPI0.. 
  1b60: 00 01 01 01 00 08 00 02 00 00 00 00 17 00 00 19  ................
  1b70: 00 23 00 00 00 0b 00 5c 5f 53 42 2e 47 50 49 30  .#.....\_SB.GPI0
  1b80: 00 8c 20 00 01 00 01 00 0d 00 02 00 00 00 00 17  .. .............
  1b90: 00 00 19 00 23 00 00 00 0b 00 5c 5f 53 42 2e 47  ....#.....\_SB.G
  1ba0: 50 49 30 00 8c 20 00 01 01 01 00 08 00 02 00 00  PI0.. ..........
  1bb0: 00 00 17 00 00 19 00 23 00 00 00 0c 00 5c 5f 53  .......#.....\_S
  1bc0: 42 2e 47 50 49 30 00 8c 20 00 01 00 01 00 0d 00  B.GPI0.. .......
  1bd0: 02 00 00 00 00 17 00 00 19 00 23 00 00 00 0c 00  ..........#.....
  1be0: 5c 5f 53 42 2e 47 50 49 30 00 8c 20 00 01 01 01  \_SB.GPI0.. ....
  1bf0: 00 08 00 02 00 00 00 00 17 00 00 19 00 23 00 00  .............#..
  1c00: 00 0d 00 5c 5f 53 42 2e 47 50 49 30 00 8c 20 00  ...\_SB.GPI0.. .
  1c10: 01 00 01 00 0d 00 02 00 00 00 00 17 00 00 19 00  ................
  1c20: 23 00 00 00 0d 00 5c 5f 53 42 2e 47 50 49 30 00  #.....\_SB.GPI0.
  1c30: 8c 20 00 01 01 01 00 08 00 02 00 00 00 00 17 00  . ..............
  1c40: 00 19 00 23 00 00 00 10 00 5c 5f 53 42 2e 47 50  ...#.....\_SB.GP
  1c50: 49 30 00 8c 20 00 01 00 01 00 0d 00 02 00 00 00  I0.. ...........
  1c60: 00 17 00 00 19 00 23 00 00 00 10 00 5c 5f 53 42  ......#.....\_SB
  1c70: 2e 47 50 49 30 00 8c 20 00 01 01 01 00 08 00 02  .GPI0.. ........
  1c80: 00 00 00 00 17 00 00 19 00 23 00 00 00 11 00 5c  .........#.....\
  1c90: 5f 53 42 2e 47 50 49 30 00 8c 20 00 01 00 01 00  _SB.GPI0.. .....
  1ca0: 0d 00 02 00 00 00 00 17 00 00 19 00 23 00 00 00  ............#...
  1cb0: 11 00 5c 5f 53 42 2e 47 50 49 30 00 8c 20 00 01  ..\_SB.GPI0.. ..
  1cc0: 01 01 00 08 00 02 00 00 00 00 17 00 00 19 00 23  ...............#
  1cd0: 00 00 00 12 00 5c 5f 53 42 2e 47 50 49 30 00 8c  .....\_SB.GPI0..
  1ce0: 20 00 01 00 01 00 0d 00 02 00 00 00 00 17 00 00   ...............
  1cf0: 19 00 23 00 00 00 12 00 5c 5f 53 42 2e 47 50 49  ..#.....\_SB.GPI
  1d00: 30 00 8c 20 00 01 01 01 00 08 00 02 00 00 00 00  0.. ............
  1d10: 17 00 00 19 00 23 00 00 00 13 00 5c 5f 53 42 2e  .....#.....\_SB.
  1d20: 47 50 49 30 00 8c 20 00 01 00 01 00 0d 00 02 00  GPI0.. .........
  1d30: 00 00 00 17 00 00 19 00 23 00 00 00 13 00 5c 5f  ........#.....\_
  1d40: 53 42 2e 47 50 49 30 00 8c 20 00 01 01 01 00 08  SB.GPI0.. ......
  1d50: 00 02 00 00 00 00 17 00 00 19 00 23 00 00 00 14  ...........#....
  1d60: 00 5c 5f 53 42 2e 47 50 49 30 00 8c 20 00 01 00  .\_SB.GPI0.. ...
  1d70: 01 00 0d 00 02 00 00 00 00 17 00 00 19 00 23 00  ..............#.
  1d80: 00 00 14 00 5c 5f 53 42 2e 47 50 49 30 00 8c 20  ....\_SB.GPI0.. 
  1d90: 00 01 01 01 00 08 00 02 00 00 00 00 17 00 00 19  ................
  1da0: 00 23 00 00 00 15 00 5c 5f 53 42 2e 47 50 49 30  .#.....\_SB.GPI0
  1db0: 00 8c 20 00 01 00 01 00 0d 00 02 00 00 00 00 17  .. .............
  1dc0: 00 00 19 00 23 00 00 00 15 00 5c 5f 53 42 2e 47  ....#.....\_SB.G
  1dd0: 50 49 30 00 8c 20 00 01 01 01 00 08 00 02 00 00  PI0.. ..........
  1de0: 00 00 17 00 00 19 00 23 00 00 00 16 00 5c 5f 53  .......#.....\_S
  1df0: 42 2e 47 50 49 30 00 8c 20 00 01 00 01 00 0d 00  B.GPI0.. .......
  1e00: 02 00 00 00 00 17 00 00 19 00 23 00 00 00 16 00  ..........#.....
  1e10: 5c 5f 53 42 2e 47 50 49 30 00 8c 20 00 01 01 01  \_SB.GPI0.. ....
  1e20: 00 08 00 02 00 00 00 00 17 00 00 19 00 23 00 00  .............#..
  1e30: 00 17 00 5c 5f 53 42 2e 47 50 49 30 00 8c 20 00  ...\_SB.GPI0.. .
  1e40: 01 00 01 00 0d 00 02 00 00 00 00 17 00 00 19 00  ................
  1e50: 23 00 00 00 17 00 5c 5f 53 42 2e 47 50 49 30 00  #.....\_SB.GPI0.
  1e60: 8c 20 00 01 01 01 00 08 00 02 00 00 00 00 17 00  . ..............
  1e70: 00 19 00 23 00 00 00 18 00 5c 5f 53 42 2e 47 50  ...#.....\_SB.GP
  1e80: 49 30 00 8c 20 00 01 00 01 00 0d 00 02 00 00 00  I0.. ...........
  1e90: 00 17 00 00 19 00 23 00 00 00 18 00 5c 5f 53 42  ......#.....\_SB
  1ea0: 2e 47 50 49 30 00 8c 20 00 01 01 01 00 08 00 02  .GPI0.. ........
  1eb0: 00 00 00 00 17 00 00 19 00 23 00 00 00 19 00 5c  .........#.....\
  1ec0: 5f 53 42 2e 47 50 49 30 00 8c 20 00 01 00 01 00  _SB.GPI0.. .....
  1ed0: 0d 00 02 00 00 00 00 17 00 00 19 00 23 00 00 00  ............#...
  1ee0: 19 00 5c 5f 53 42 2e 47 50 49 30 00 8c 20 00 01  ..\_SB.GPI0.. ..
  1ef0: 01 01 00 08 00 02 00 00 00 00 17 00 00 19 00 23  ...............#
  1f00: 00 00 00 1a 00 5c 5f 53 42 2e 47 50 49 30 00 8c  .....\_SB.GPI0..
  1f10: 20 00 01 00 01 00 0d 00 02 00 00 00 00 17 00 00   ...............
  1f20: 19 00 23 00 00 00 1a 00 5c 5f 53 42 2e 47 50 49  ..#.....\_SB.GPI
  1f30: 30 00 8c 20 00 01 01 01 00 08 00 02 00 00 00 00  0.. ............
  1f40: 17 00 00 19 00 23 00 00 00 1b 00 5c 5f 53 42 2e  .....#.....\_SB.
  1f50: 47 50 49 30 00 8c 20 00 01 00 01 00 0d 00 02 00  GPI0.. .........
  1f60: 00 00 00 17 00 00 19 00 23 00 00 00 1b 00 5c 5f  ........#.....\_
  1f70: 53 42 2e 47 50 49 30 00 79 00 08 5f 44 53 44 12  SB.GPI0.y.._DSD.
  1f80: 46 16 02 11 13 0a 10 14 d8 ff da ba 6e 8c 4d 8a  F...........n.M.
  1f90: 91 bc 9b bf 4a a3 01 12 4e 14 0c 12 15 02 0d 62  ....J...N......b
  1fa0: 75 73 2d 53 50 49 2d 53 50 49 30 00 12 04 02 00  us-SPI-SPI0.....
  1fb0: 01 12 18 02 0d 53 50 49 30 2d 4d 69 6e 43 6c 6f  .....SPI0-MinClo
  1fc0: 63 6b 49 6e 48 7a 00 0b cd 1d 12 1a 02 0d 53 50  ckInHz........SP
  1fd0: 49 30 2d 4d 61 78 43 6c 6f 63 6b 49 6e 48 7a 00  I0-MaxClockInHz.
  1fe0: 0c 40 59 73 07 12 25 02 0d 53 50 49 30 2d 53 75  .@Ys..%..SPI0-Su
  1ff0: 70 70 6f 72 74 65 64 44 61 74 61 42 69 74 4c 65  pportedDataBitLe
  2000: 6e 67 74 68 73 00 12 04 01 0a 08 12 15 02 0d 62  ngths..........b
  2010: 75 73 2d 49 32 43 2d 49 32 43 31 00 12 04 01 0a  us-I2C-I2C1.....
  2020: 02 12 13 02 0d 47 50 49 4f 2d 50 69 6e 43 6f 75  .....GPIO-PinCou
  2030: 6e 74 00 0a 36 12 21 02 0d 47 50 49 4f 2d 55 73  nt..6.!..GPIO-Us
  2040: 65 44 65 73 63 72 69 70 74 6f 72 50 69 6e 4e 75  eDescriptorPinNu
  2050: 6d 62 65 72 73 00 01 12 1e 02 0d 47 50 49 4f 2d  mbers......GPIO-
  2060: 53 75 70 70 6f 72 74 65 64 44 72 69 76 65 4d 6f  SupportedDriveMo
  2070: 64 65 73 00 0a 0f 12 15 02 0d 62 75 73 2d 53 50  des.......bus-SP
  2080: 49 2d 53 50 49 31 00 12 04 01 0a 03 12 18 02 0d  I-SPI1..........
  2090: 53 50 49 31 2d 4d 69 6e 43 6c 6f 63 6b 49 6e 48  SPI1-MinClockInH
  20a0: 7a 00 0b 2f 77 12 1a 02 0d 53 50 49 31 2d 4d 61  z../w....SPI1-Ma
  20b0: 78 43 6c 6f 63 6b 49 6e 48 7a 00 0c 00 2d 31 01  xClockInHz...-1.
  20c0: 12 25 02 0d 53 50 49 31 2d 53 75 70 70 6f 72 74  .%..SPI1-Support
  20d0: 65 64 44 61 74 61 42 69 74 4c 65 6e 67 74 68 73  edDataBitLengths
  20e0: 00 12 04 01 0a 08 5b 82 49 0a 53 44 43 31 08 5f  ......[.I.SDC1._
  20f0: 48 49 44 0d 42 43 4d 32 38 34 37 00 08 5f 43 49  HID.BCM2847.._CI
  2100: 44 0d 41 52 41 53 41 4e 00 08 5f 55 49 44 00 08  D.ARASAN.._UID..
  2110: 5f 43 43 41 00 08 5f 53 31 44 01 08 5f 53 32 44  _CCA.._S1D.._S2D
  2120: 01 08 5f 53 33 44 01 08 5f 53 34 44 01 14 09 5f  .._S3D.._S4D..._
  2130: 53 54 41 00 a4 0a 0f 08 52 42 55 46 11 1a 0a 17  STA.....RBUF....
  2140: 86 09 00 01 00 00 00 00 00 01 00 00 89 06 00 01  ................
  2150: 01 9e 00 00 00 79 00 14 20 5f 43 52 53 08 8a 52  .....y.. _CRS..R
  2160: 42 55 46 0a 04 52 42 41 53 70 0c 00 00 30 fe 52  BUF..RBASp...0.R
  2170: 42 41 53 a4 52 42 55 46 5b 82 17 53 44 4d 4d 14  BAS.RBUF[..SDMM.
  2180: 08 5f 41 44 52 00 a4 00 14 08 5f 52 4d 56 00 a4  ._ADR....._RMV..
  2190: 00 5b 82 48 0a 53 44 43 32 08 5f 48 49 44 0d 42  .[.H.SDC2._HID.B
  21a0: 43 4d 32 38 35 35 00 08 5f 43 49 44 0d 53 44 48  CM2855.._CID.SDH
  21b0: 53 54 00 08 5f 55 49 44 00 08 5f 43 43 41 00 08  ST.._UID.._CCA..
  21c0: 5f 53 31 44 01 08 5f 53 32 44 01 08 5f 53 33 44  _S1D.._S2D.._S3D
  21d0: 01 08 5f 53 34 44 01 14 09 5f 53 54 41 00 a4 0a  .._S4D..._STA...
  21e0: 0f 08 52 42 55 46 11 1a 0a 17 86 09 00 01 00 00  ..RBUF..........
  21f0: 00 00 00 01 00 00 89 06 00 01 01 98 00 00 00 79  ...............y
  2200: 00 14 20 5f 43 52 53 08 8a 52 42 55 46 0a 04 52  .. _CRS..RBUF..R
  2210: 42 41 53 70 0c 00 20 20 fe 52 42 41 53 a4 52 42  BASp..  .RBAS.RB
  2220: 55 46 5b 82 17 53 44 4d 4d 14 08 5f 41 44 52 00  UF[..SDMM.._ADR.
  2230: a4 00 14 08 5f 52 4d 56 00 a4 00 5b 82 4f 0b 45  ...._RMV...[.O.E
  2240: 54 48 30 08 5f 48 49 44 0d 42 43 4d 36 45 34 45  TH0._HID.BCM6E4E
  2250: 00 08 5f 43 49 44 0d 42 43 4d 36 45 34 45 00 08  .._CID.BCM6E4E..
  2260: 5f 55 49 44 00 08 5f 43 43 41 00 14 09 5f 53 54  _UID.._CCA..._ST
  2270: 41 00 a4 0a 0f 14 2f 5f 43 52 53 08 08 52 42 55  A...../_CRS..RBU
  2280: 46 11 1e 0a 1b 86 09 00 01 00 00 58 fd 00 00 01  F..........X....
  2290: 00 89 0a 00 01 02 bd 00 00 00 be 00 00 00 79 00  ..............y.
  22a0: a4 52 42 55 46 08 5f 44 53 44 12 41 05 02 11 13  .RBUF._DSD.A....
  22b0: 0a 10 14 d8 ff da ba 6e 8c 4d 8a 91 bc 9b bf 4a  .......n.M.....J
  22c0: a3 01 12 39 02 12 1d 02 0d 62 72 63 6d 2c 6d 61  ...9.....brcm,ma
  22d0: 78 2d 64 6d 61 2d 62 75 72 73 74 2d 73 69 7a 65  x-dma-burst-size
  22e0: 00 0a 08 12 18 02 0d 70 68 79 2d 6d 6f 64 65 00  .......phy-mode.
  22f0: 0d 72 67 6d 69 69 2d 72 78 69 64 00              .rgmii-rxid.

FACP @ 0xbff026bd
  0000: 46 41 43 50 0c 01 00 00 05 e2 52 50 49 46 44 4e  FACP......RPIFDN
  0010: 52 50 49 34 20 20 20 20 00 02 00 00 45 44 4b 32  RPI4    ....EDK2
  0020: 00 02 00 00 00 00 00 00 00 00 99 33 00 06 00 00  ...........3....
  0030: 00 00 00 00 00 00 00 00 00 00 00 00 00 00 00 00  ................
  0040: 00 00 00 00 00 00 00 00 00 00 00 00 00 00 00 00  ................
  0050: 00 00 00 00 00 00 00 00 00 00 00 00 00 00 00 00  ................
  0060: 00 00 00 00 00 00 00 00 00 00 00 00 00 00 00 00  ................
  0070: 21 00 10 00 00 00 00 00 00 00 00 00 00 00 00 00  !...............
  0080: 00 01 00 01 dd 29 f0 bf 00 00 00 00 00 00 99 33  .....).........3
  0090: 00 00 00 00 00 00 00 00 00 00 00 00 00 00 00 00  ................
  00a0: 00 00 00 00 00 00 00 00 00 00 00 00 00 00 00 00  ................
  00b0: 00 00 00 00 00 00 00 00 00 00 00 00 00 00 00 00  ................
  00c0: 00 00 00 00 00 00 00 00 00 00 00 00 00 00 00 00  ................
  00d0: 00 00 00 00 00 00 00 00 00 00 00 00 00 00 00 00  ................
  00e0: 00 00 00 00 00 00 00 00 00 00 00 00 00 00 00 00  ................
  00f0: 00 00 00 00 00 00 00 00 00 00 00 00 00 00 00 00  ................
  0100: 00 00 00 00 00 00 00 00 00 00 00 00              ............

GTDT @ 0xbff027d9
  0000: 47 54 44 54 60 00 00 00 02 f4 52 50 49 46 44 4e  GTDT`.....RPIFDN
  0010: 52 50 49 34 20 20 20 20 00 02 00 00 45 44 4b 32  RPI4    ....EDK2
  0020: 00 02 00 00 1c 00 80 ff 00 00 00 00 00 00 00 00  ................
  0030: 1d 00 00 00 02 00 00 00 1e 00 00 00 02 00 00 00  ................
  0040: 1b 00 00 00 02 00 00 00 1a 00 00 00 02 00 00 00  ................
  0050: ff ff ff ff ff ff ff ff 00 00 00 00 00 00 00 00  ................

PPTT @ 0xbff02849
  0000: 50 50 54 54 84 01 00 00 02 fb 52 50 49 46 44 4e  PPTT......RPIFDN
  0010: 52 50 49 34 20 20 20 20 00 02 00 00 45 44 4b 32  RPI4    ....EDK2
  0020: 00 02 00 00 00 18 00 00 11 00 00 00 00 00 00 00  ................
  0030: 00 00 00 00 01 00 00 00 3c 00 00 00 01 18 00 00  ........<.......
  0040: 7f 00 00 00 00 00 00 00 00 00 10 00 00 04 00 00  ................
  0050: 10 0a 40 00 00 1c 00 00 1a 00 00 00 24 00 00 00  ..@.........$...
  0060: 00 00 00 00 02 00 00 00 70 00 00 00 88 00 00 00  ........p.......
  0070: 01 18 00 00 7f 00 00 00 00 00 00 00 00 80 00 00  ................
  0080: 00 01 00 00 02 02 40 00 01 18 00 00 5f 00 00 00  ......@....._...
  0090: 00 00 00 00 00 c0 00 00 00 01 00 00 03 04 40 00  ..............@.
  00a0: 00 1c 00 00 1a 00 00 00 24 00 00 00 01 00 00 00  ........$.......
  00b0: 02 00 00 00 bc 00 00 00 d4 00 00 00 01 18 00 00  ................
  00c0: 7f 00 00 00 00 00 00 00 00 80 00 00 00 01 00 00  ................
  00d0: 02 02 40 00 01 18 00 00 5f 00 00 00 00 00 00 00  ..@....._.......
  00e0: 00 c0 00 00 00 01 00 00 03 04 40 00 00 1c 00 00  ..........@.....
  00f0: 1a 00 00 00 24 00 00 00 02 00 00 00 02 00 00 00  ....$...........
  0100: 08 01 00 00 20 01 00 00 01 18 00 00 7f 00 00 00  .... ...........
  0110: 00 00 00 00 00 80 00 00 00 01 00 00 02 02 40 00  ..............@.
  0120: 01 18 00 00 5f 00 00 00 00 00 00 00 00 c0 00 00  ...._...........
  0130: 00 01 00 00 03 04 40 00 00 1c 00 00 1a 00 00 00  ......@.........
  0140: 24 00 00 00 03 00 00 00 02 00 00 00 54 01 00 00  $...........T...
  0150: 6c 01 00 00 01 18 00 00 7f 00 00 00 00 00 00 00  l...............
  0160: 00 80 00 00 00 01 00 00 02 02 40 00 01 18 00 00  ..........@.....
  0170: 5f 00 00 00 00 00 00 00 00 c0 00 00 00 01 00 00  _...............
  0180: 03 04 40 00                                      ..@.

FACS @ 0xbff029dd
  0000: 46 41 43 53 40 00 00 00 00 a2 00 f0 00 00 00 00  FACS@...........
  0010: 00 00 00 00 00 00 00 00 00 00 00 00 00 00 00 00  ................
  0020: 02 00 00 00 00 00 00 00 00 00 00 00 00 00 00 00  ................
  0030: 00 00 00 00 00 00 00 00 00 00 00 00 00 00 00 00  ................

RSDT @ 0xbff02a2d
  0000: 52 53 44 54 48 00 00 00 01 8c 46 57 54 53 49 44  RSDTH.....FWTSID
  0010: 52 50 49 34 20 20 20 20 01 00 00 00 46 57 54 53  RPI4    ....FWTS
  0020: 01 00 00 00 00 00 f0 bf 84 01 f0 bf cc 01 f0 bf  ................
  0030: 45 03 f0 bf 00 00 99 33 bd 26 f0 bf d9 27 f0 bf  E......3.&...'..
  0040: 49 28 f0 bf dd 29 f0 bf                          I(...)..

XSDT @ 0xbff02a85
  0000: 58 53 44 54 6c 00 00 00 02 61 46 57 54 53 49 44  XSDTl....aFWTSID
  0010: 52 50 49 34 20 20 20 20 01 00 00 00 46 57 54 53  RPI4    ....FWTS
  0020: 01 00 00 00 00 00 f0 bf 00 00 00 00 84 01 f0 bf  ................
  0030: 00 00 00 00 cc 01 f0 bf 00 00 00 00 45 03 f0 bf  ............E...
  0040: 00 00 00 00 00 00 99 33 00 00 00 00 bd 26 f0 bf  .......3.....&..
  0050: 00 00 00 00 d9 27 f0 bf 00 00 00 00 49 28 f0 bf  .....'......I(..
  0060: 00 00 00 00 dd 29 f0 bf 00 00 00 00              .....)......

RSDP @ 0xbff02b01
  0000: 52 53 44 20 50 54 52 20 0e 46 57 54 53 49 44 02  RSD PTR .FWTSID.
  0010: 00 00 00 00 24 00 00 00 85 2a f0 bf 00 00 00 00  ....$....*......
  0020: 7e 00 00 00                                      ~...

