APIC @ 0xbff00000
  0000: 41 50 49 43 84 01 00 00 05 C9 52 50 49 46 44 4E  APIC......RPIFDN
  0010: 52 50 49 34 20 20 20 20 00 02 00 00 45 44 4B 32  RPI4    ....EDK2
  0020: 00 03 00 00 00 00 00 00 00 00 00 00 0B 50 00 00  .............P..
  0030: 00 00 00 00 00 00 00 00 01 00 00 00 00 00 00 00  ................
  0040: 17 00 00 00 00 00 00 00 00 00 00 00 00 20 84 FF  ............. ..
  0050: 00 00 00 00 00 60 84 FF 00 00 00 00 00 40 84 FF  .....`.......@..
  0060: 00 00 00 00 19 00 00 00 00 00 00 00 00 00 00 00  ................
  0070: 00 00 00 00 00 00 00 00 01 00 00 00 0B 50 00 00  .............P..
  0080: 01 00 00 00 01 00 00 00 01 00 00 00 00 00 00 00  ................
  0090: 17 00 00 00 00 00 00 00 00 00 00 00 00 20 84 FF  ............. ..
  00A0: 00 00 00 00 00 60 84 FF 00 00 00 00 00 40 84 FF  .....`.......@..
  00B0: 00 00 00 00 19 00 00 00 00 00 00 00 00 00 00 00  ................
  00C0: 01 00 00 00 00 00 00 00 01 00 00 00 0B 50 00 00  .............P..
  00D0: 02 00 00 00 02 00 00 00 01 00 00 00 00 00 00 00  ................
  00E0: 17 00 00 00 00 00 00 00 00 00 00 00 00 20 84 FF  ............. ..
  00F0: 00 00 00 00 00 60 84 FF 00 00 00 00 00 40 84 FF  .....`.......@..
  0100: 00 00 00 00 19 00 00 00 00 00 00 00 00 00 00 00  ................
  0110: 02 00 00 00 00 00 00 00 01 00 00 00 0B 50 00 00  .............P..
  0120: 03 00 00 00 03 00 00 00 01 00 00 00 00 00 00 00  ................
  0130: 17 00 00 00 00 00 00 00 00 00 00 00 00 20 84 FF  ............. ..
  0140: 00 00 00 00 00 60 84 FF 00 00 00 00 00 40 84 FF  .....`.......@..
  0150: 00 00 00 00 19 00 00 00 00 00 00 00 00 00 00 00  ................
  0160: 03 00 00 00 00 00 00 00 01 00 00 00 0C 18 00 00  ................
  0170: 00 00 00 00 00 10 84 FF 00 00 00 00 00 00 00 00  ................
  0180: 02 00 00 00                                      ....

BGRT @ 0xbff00194
  0000: 42 47 52 54 38 00 00 00 01 81 49 4E 54 45 4C 20  BGRT8.....INTEL 
  0010: 45 44 4B 32 20 20 20 20 02 00 00 00 20 20 20 20  EDK2    ....    
  0020: 13 00 00 01 01 00 01 00 18 80 5F 35 00 00 00 00  .........._5....
  0030: 01 03 00 00 2C 01 00 00                          ....,...

CSRT @ 0xbff001dc
  0000: 43 53 52 54 69 01 00 00 00 74 52 50 49 46 44 4E  CSRTi....tRPIFDN
  0010: 52 50 49 34 20 20 20 20 00 02 00 00 45 44 4B 32  RPI4    ....EDK2
  0020: 00 03 00 00 45 01 00 00 52 50 49 46 00 00 00 00  ....E...RPIF....
  0030: 09 00 00 00 00 00 00 00 00 00 00 00 3D 00 00 00  ............=...
  0040: 03 00 01 00 00 00 00 00 31 00 00 00 01 00 00 00  ........1.......
  0050: 00 70 00 FE 00 00 00 00 00 0A 00 00 E0 7F 00 FE  .p..............
  0060: 00 00 00 00 08 00 00 00 05 00 00 00 00 00 00 00  ................
  0070: 00 00 00 00 1F 00 00 00 00 18 00 00 00 03 00 00  ................
  0080: 00 01 00 00 00 00 00 00 00 30 00 00 00 00 00 00  .........0......
  0090: 00 18 00 00 00 03 00 00 00 02 00 00 00 01 00 00  ................
  00A0: 00 31 00 00 00 01 00 00 00 18 00 00 00 03 00 00  .1..............
  00B0: 00 03 00 00 00 02 00 00 00 32 00 00 00 01 00 00  .........2......
  00C0: 00 18 00 00 00 03 00 00 00 04 00 00 00 03 00 00  ................
  00D0: 00 33 00 00 00 01 00 00 00 18 00 00 00 03 00 00  .3..............
  00E0: 00 05 00 00 00 04 00 00 00 34 00 00 00 00 00 01  .........4......
  00F0: 00 18 00 00 00 03 00 00 00 06 00 00 00 05 00 00  ................
  0100: 00 35 00 00 00 00 00 00 00 18 00 00 00 03 00 00  .5..............
  0110: 00 07 00 00 00 06 00 00 00 36 00 00 00 01 00 00  .........6......
  0120: 00 18 00 00 00 03 00 00 00 08 00 00 00 07 00 00  ................
  0130: 00 37 00 00 00 01 00 00 00 18 00 00 00 03 00 00  .7..............
  0140: 00 09 00 00 00 08 00 00 00 38 00 00 00 00 00 00  .........8......
  0150: 00 18 00 00 00 03 00 00 00 0A 00 00 00 09 00 00  ................
  0160: 00 39 00 00 00 00 00 00 00                       .9.......

DBG2 @ 0xbff00355
  0000: 44 42 47 32 61 00 00 00 00 97 52 50 49 46 44 4E  DBG2a.....RPIFDN
  0010: 52 50 49 34 20 20 20 20 00 02 00 00 45 44 4B 32  RPI4    ....EDK2
  0020: 00 03 00 00 2C 00 00 00 01 00 00 00 00 35 00 01  ....,........5..
  0030: 0F 00 26 00 00 00 00 00 00 80 03 00 00 00 16 00  ..&.............
  0040: 22 00 00 20 00 03 00 10 20 FE 00 00 00 00 00 10  ".. .... .......
  0050: 00 00 5C 5F 53 42 2E 47 44 56 30 2E 55 52 54 30  ..\_SB.GDV0.URT0
  0060: 00                                               .

DSDT @ 0x33990000
  0000: 44 53 44 54 02 24 00 00 05 B9 52 50 49 46 44 4E  DSDT.$....RPIFDN
  0010: 52 50 49 00 00 00 00 00 02 00 00 00 49 4E 54 4C  RPI.........INTL
  0020: 05 01 18 20 10 8D 3D 02 5F 53 42 5F 5B 82 4D 1E  ... ..=._SB_[.M.
  0030: 50 45 50 44 08 5F 48 49 44 0D 42 43 4D 32 38 35  PEPD._HID.BCM285
  0040: 34 00 08 5F 43 49 44 0D 42 43 4D 32 38 35 34 00  4.._CID.BCM2854.
  0050: 08 5F 55 49 44 00 08 5F 43 52 53 11 05 0A 02 79  ._UID.._CRS....y
  0060: 00 08 5F 47 50 49 11 4C 04 0A 48 01 00 00 00 01  .._GPI.L..H.....
  0070: 00 00 00 5C 00 5F 00 53 00 42 00 2E 00 43 00 50  ...\._.S.B...C.P
  0080: 00 55 00 30 00 00 00 00 00 00 00 00 00 00 00 00  .U.0............
  0090: 00 00 00 00 00 00 00 00 00 00 00 00 00 00 00 00  ................
  00A0: 00 00 00 00 00 00 00 00 00 00 00 00 00 00 00 00  ................
  00B0: 00 00 00 08 5F 47 43 49 11 44 0E 0A E0 01 00 00  ...._GCI.D......
  00C0: 00 01 00 00 00 01 00 00 00 00 00 00 00 06 00 00  ................
  00D0: 00 00 00 00 00 00 00 00 00 00 00 00 00 00 00 00  ................
  00E0: 00 00 00 00 00 00 00 00 00 00 00 00 00 00 00 00  ................
  00F0: 00 00 00 00 00 00 00 00 00 00 00 00 00 00 00 00  ................
  0100: 00 00 00 00 00 00 00 00 00 00 00 00 00 00 00 00  ................
  0110: 00 00 00 00 00 00 00 00 00 00 00 00 00 00 00 00  ................
  0120: 00 00 00 00 00 00 00 00 00 00 00 00 00 00 00 00  ................
  0130: 00 00 00 00 00 00 00 00 00 00 00 00 00 00 00 00  ................
  0140: 00 00 00 00 00 00 00 00 00 00 00 00 00 00 00 00  ................
  0150: 00 00 00 00 00 00 00 00 00 00 00 00 00 00 00 00  ................
  0160: 00 00 00 00 00 00 00 00 00 00 00 00 00 00 00 00  ................
  0170: 00 00 00 00 00 00 00 00 00 00 00 00 00 00 00 00  ................
  0180: 00 00 00 00 00 02 00 00 00 01 00 00 00 00 00 00  ................
  0190: 00 00 00 00 00 01 00 00 00 01 00 00 00 08 5F 47  .............._G
  01A0: 44 49 11 48 07 0A 74 01 00 00 00 01 00 00 00 5C  DI.H..t........\
  01B0: 00 5F 00 53 00 42 00 2E 00 49 00 32 00 43 00 30  ._.S.B...I.2.C.0
  01C0: 00 00 00 00 00 00 00 00 00 00 00 00 00 00 00 00  ................
  01D0: 00 00 00 00 00 00 00 00 00 00 00 00 00 00 00 00  ................
  01E0: 00 00 00 00 00 00 00 00 00 00 00 00 00 00 00 09  ................
  01F0: 00 00 00 01 00 00 00 04 00 00 00 00 00 00 00 00  ................
  0200: 00 00 00 00 00 00 00 00 00 00 00 00 00 00 00 00  ................
  0210: 00 00 00 00 00 00 00 00 00 00 00 5B 82 47 1B 53  ...........[.G.S
  0220: 43 42 30 08 5F 48 49 44 0D 41 43 50 49 30 30 30  CB0._HID.ACPI000
  0230: 34 00 08 5F 55 49 44 00 08 5F 43 43 41 00 14 43  4.._UID.._CCA..C
  0240: 07 5F 43 52 53 08 08 52 42 55 46 11 33 0A 30 8A  ._CRS..RBUF.3.0.
  0250: 2B 00 00 0C 01 00 00 00 00 00 00 00 00 00 00 00  +...............
  0260: 00 06 00 00 00 00 00 00 00 06 00 00 00 00 00 00  ................
  0270: 00 00 00 00 00 01 00 00 00 00 00 00 00 79 00 8F  .............y..
  0280: 52 42 55 46 0A 16 4D 4D 42 45 8F 52 42 55 46 0A  RBUF..MMBE.RBUF.
  0290: 26 4D 4D 4C 45 72 4D 4D 42 45 0B FF 0F 4D 4D 42  &MMLErMMBE...MMB
  02A0: 45 72 4D 4D 4C 45 0B FF 0F 4D 4D 4C 45 A4 52 42  ErMMLE...MMLE.RB
  02B0: 55 46 08 5F 44 4D 41 11 33 0A 30 8A 2B 00 00 0D  UF._DMA.3.0.+...
  02C0: 01 00 00 00 00 00 00 00 00 00 00 00 00 00 00 00  ................
  02D0: 00 FF FF FF BF 00 00 00 00 00 00 00 00 00 00 00  ................
  02E0: 00 00 00 00 C0 00 00 00 00 79 00 5B 82 47 0E 58  .........y.[.G.X
  02F0: 48 43 30 08 5F 48 49 44 0D 50 4E 50 30 44 31 30  HC0._HID.PNP0D10
  0300: 00 08 5F 55 49 44 00 08 5F 43 43 41 00 14 4C 07  .._UID.._CCA..L.
  0310: 5F 43 52 53 08 08 52 42 55 46 11 3C 0A 39 8A 2B  _CRS..RBUF.<.9.+
  0320: 00 00 0D 01 00 00 00 00 00 00 00 00 00 00 00 00  ................
  0330: 06 00 00 00 00 00 00 00 06 00 00 00 00 00 00 00  ................
  0340: 00 00 00 00 01 00 00 00 00 00 00 00 89 06 00 01  ................
  0350: 01 AF 00 00 00 79 00 8F 52 42 55 46 0A 16 4D 4D  .....y..RBUF..MM
  0360: 42 45 8F 52 42 55 46 0A 26 4D 4D 4C 45 72 4D 4D  BE.RBUF.&MMLErMM
  0370: 42 45 0B FF 0F 4D 4D 42 45 72 4D 4D 4C 45 0B FF  BE...MMBErMMLE..
  0380: 0F 4D 4D 4C 45 A4 52 42 55 46 14 49 04 5F 49 4E  .MMLE.RBUF.I._IN
  0390: 49 08 5B 80 50 43 46 47 00 0C 00 80 50 FD 0B 00  I.[.PCFG....P...
  03A0: 10 5B 81 1A 50 43 46 47 00 56 4E 49 44 10 44 56  .[..PCFG.VNID.DV
  03B0: 49 44 10 43 4D 4E 44 10 53 54 41 54 10 70 0D 78  ID.CMND.STAT.p.x
  03C0: 48 43 49 20 65 6E 61 62 6C 65 00 5B 31 70 0A 06  HCI enable.[1p..
  03D0: 43 4D 4E 44 5B 82 24 43 50 55 30 08 5F 48 49 44  CMND[.$CPU0._HID
  03E0: 0D 41 43 50 49 30 30 30 37 00 08 5F 55 49 44 00  .ACPI0007.._UID.
  03F0: 14 09 5F 53 54 41 00 A4 0A 0F 5B 82 24 43 50 55  .._STA....[.$CPU
  0400: 31 08 5F 48 49 44 0D 41 43 50 49 30 30 30 37 00  1._HID.ACPI0007.
  0410: 08 5F 55 49 44 01 14 09 5F 53 54 41 00 A4 0A 0F  ._UID..._STA....
  0420: 5B 82 25 43 50 55 32 08 5F 48 49 44 0D 41 43 50  [.%CPU2._HID.ACP
  0430: 49 30 30 30 37 00 08 5F 55 49 44 0A 02 14 09 5F  I0007.._UID...._
  0440: 53 54 41 00 A4 0A 0F 5B 82 25 43 50 55 33 08 5F  STA....[.%CPU3._
  0450: 48 49 44 0D 41 43 50 49 30 30 30 37 00 08 5F 55  HID.ACPI0007.._U
  0460: 49 44 0A 03 14 09 5F 53 54 41 00 A4 0A 0F 5B 82  ID...._STA....[.
  0470: 81 ED 01 47 44 56 30 08 5F 48 49 44 0D 41 43 50  ...GDV0._HID.ACP
  0480: 49 30 30 30 34 00 08 5F 55 49 44 01 08 5F 43 43  I0004.._UID.._CC
  0490: 41 00 14 46 9F 5F 43 52 53 08 08 52 42 55 46 11  A..F._CRS..RBUF.
  04A0: 4B 3F 0B F6 03 8A 2B 00 00 0C 01 00 00 00 00 00  K?....+.........
  04B0: 00 00 00 00 00 00 00 00 00 00 00 00 00 00 00 00  ................
  04C0: 00 00 00 00 00 00 00 00 00 00 00 01 00 00 00 00  ................
  04D0: 00 00 00 8A 2B 00 00 0C 01 00 00 00 00 00 00 00  ....+...........
  04E0: 00 00 00 00 00 00 00 00 00 00 00 00 00 00 00 00  ................
  04F0: 00 00 00 00 00 00 00 00 00 01 00 00 00 00 00 00  ................
  0500: 00 8A 2B 00 00 0C 01 00 00 00 00 00 00 00 00 00  ..+.............
  0510: 00 00 00 00 00 00 00 00 00 00 00 00 00 00 00 00  ................
  0520: 00 00 00 00 00 00 00 01 00 00 00 00 00 00 00 8A  ................
  0530: 2B 00 00 0C 01 00 00 00 00 00 00 00 00 00 00 00  +...............
  0540: 00 00 00 00 00 00 00 00 00 00 00 00 00 00 00 00  ................
  0550: 00 00 00 00 00 01 00 00 00 00 00 00 00 8A 2B 00  ..............+.
  0560: 00 0C 01 00 00 00 00 00 00 00 00 00 00 00 00 00  ................
  0570: 00 00 00 00 00 00 00 00 00 00 00 00 00 00 00 00  ................
  0580: 00 00 00 01 00 00 00 00 00 00 00 8A 2B 00 00 0C  ............+...
  0590: 01 00 00 00 00 00 00 00 00 00 00 00 00 00 00 00  ................
  05A0: 00 00 00 00 00 00 00 00 00 00 00 00 00 00 00 00  ................
  05B0: 00 01 00 00 00 00 00 00 00 8A 2B 00 00 0C 01 00  ..........+.....
  05C0: 00 00 00 00 00 00 00 00 00 00 00 00 00 00 00 00  ................
  05D0: 00 00 00 00 00 00 00 00 00 00 00 00 00 00 00 01  ................
  05E0: 00 00 00 00 00 00 00 8A 2B 00 00 0C 01 00 00 00  ........+.......
  05F0: 00 00 00 00 00 00 00 00 00 00 00 00 00 00 00 00  ................
  0600: 00 00 00 00 00 00 00 00 00 00 00 00 00 01 00 00  ................
  0610: 00 00 00 00 00 8A 2B 00 00 0C 01 00 00 00 00 00  ......+.........
  0620: 00 00 00 00 00 00 00 00 00 00 00 00 00 00 00 00  ................
  0630: 00 00 00 00 00 00 00 00 00 00 00 01 00 00 00 00  ................
  0640: 00 00 00 8A 2B 00 00 0C 01 00 00 00 00 00 00 00  ....+...........
  0650: 00 00 00 00 00 00 00 00 00 00 00 00 00 00 00 00  ................
  0660: 00 00 00 00 00 00 00 00 00 01 00 00 00 00 00 00  ................
  0670: 00 8A 2B 00 00 0C 01 00 00 00 00 00 00 00 00 00  ..+.............
  0680: 00 00 00 00 00 00 00 00 00 00 00 00 00 00 00 00  ................
  0690: 00 00 00 00 00 00 00 01 00 00 00 00 00 00 00 8A  ................
  06A0: 2B 00 00 0C 01 00 00 00 00 00 00 00 00 00 00 00  +...............
  06B0: 00 00 00 00 00 00 00 00 00 00 00 00 00 00 00 00  ................
  06C0: 00 00 00 00 00 01 00 00 00 00 00 00 00 8A 2B 00  ..............+.
  06D0: 00 0C 01 00 00 00 00 00 00 00 00 00 00 00 00 00  ................
  06E0: 00 00 00 00 00 00 00 00 00 00 00 00 00 00 00 00  ................
  06F0: 00 00 00 01 00 00 00 00 00 00 00 8A 2B 00 00 0C  ............+...
  0700: 01 00 00 00 00 00 00 00 00 00 00 00 00 00 00 00  ................
  0710: 00 00 00 00 00 00 00 00 00 00 00 00 00 00 00 00  ................
  0720: 00 01 00 00 00 00 00 00 00 8A 2B 00 00 0C 01 00  ..........+.....
  0730: 00 00 00 00 00 00 00 00 00 00 00 00 00 00 00 00  ................
  0740: 00 00 00 00 00 00 00 00 00 00 00 00 00 00 00 01  ................
  0750: 00 00 00 00 00 00 00 8A 2B 00 00 0C 01 00 00 00  ........+.......
  0760: 00 00 00 00 00 00 00 00 00 00 00 00 00 00 00 00  ................
  0770: 00 00 00 00 00 00 00 00 00 00 00 00 00 01 00 00  ................
  0780: 00 00 00 00 00 8A 2B 00 00 0C 01 00 00 00 00 00  ......+.........
  0790: 00 00 00 00 00 00 00 00 00 00 00 00 00 00 00 00  ................
  07A0: 00 00 00 00 00 00 00 00 00 00 00 01 00 00 00 00  ................
  07B0: 00 00 00 8A 2B 00 00 0C 01 00 00 00 00 00 00 00  ....+...........
  07C0: 00 00 00 00 00 00 00 00 00 00 00 00 00 00 00 00  ................
  07D0: 00 00 00 00 00 00 00 00 00 01 00 00 00 00 00 00  ................
  07E0: 00 8A 2B 00 00 0C 01 00 00 00 00 00 00 00 00 00  ..+.............
  07F0: 00 00 00 00 00 00 00 00 00 00 00 00 00 00 00 00  ................
  0800: 00 00 00 00 00 00 00 01 00 00 00 00 00 00 00 8A  ................
  0810: 2B 00 00 0C 01 00 00 00 00 00 00 00 00 00 00 00  +...............
  0820: 00 00 00 00 00 00 00 00 00 00 00 00 00 00 00 00  ................
  0830: 00 00 00 00 00 01 00 00 00 00 00 00 00 8A 2B 00  ..............+.
  0840: 00 0C 01 00 00 00 00 00 00 00 00 00 00 00 00 00  ................
  0850: 00 00 00 00 00 00 00 00 00 00 00 00 00 00 00 00  ................
  0860: 00 00 00 01 00 00 00 00 00 00 00 8A 2B 00 00 0C  ............+...
  0870: 01 00 00 00 00 00 00 00 00 00 00 00 00 00 00 00  ................
  0880: 00 00 00 00 00 00 00 00 00 00 00 00 00 00 00 00  ................
  0890: 00 01 00 00 00 00 00 00 00 79 00 8F 52 42 55 46  .........y..RBUF
  08A0: 0A 0E 4D 49 30 31 8F 52 42 55 46 0A 16 4D 41 30  ..MI01.RBUF..MA0
  08B0: 31 8F 52 42 55 46 0A 26 4C 45 30 31 70 0C 00 00  1.RBUF.&LE01p...
  08C0: 01 00 4C 45 30 31 70 0C 00 00 98 FE 4D 49 30 31  ..LE01p.....MI01
  08D0: 72 4D 49 30 31 74 4C 45 30 31 01 00 4D 41 30 31  rMI01tLE01..MA01
  08E0: 8F 52 42 55 46 0A 3C 4D 49 30 32 8F 52 42 55 46  .RBUF.<MI02.RBUF
  08F0: 0A 44 4D 41 30 32 8F 52 42 55 46 0A 54 4C 45 30  .DMA02.RBUF.TLE0
  0900: 32 70 0B 00 10 4C 45 30 32 70 0C 00 00 C0 FE 4D  2p...LE02p.....M
  0910: 49 30 32 72 4D 49 30 32 74 4C 45 30 32 01 00 4D  I02rMI02tLE02..M
  0920: 41 30 32 8F 52 42 55 46 0A 6A 4D 49 30 33 8F 52  A02.RBUF.jMI03.R
  0930: 42 55 46 0A 72 4D 41 30 33 8F 52 42 55 46 0A 82  BUF.rMA03.RBUF..
  0940: 4C 45 30 33 70 0B 00 60 4C 45 30 33 70 0C 00 00  LE03p..`LE03p...
  0950: 40 FE 4D 49 30 33 72 4D 49 30 33 74 4C 45 30 33  @.MI03rMI03tLE03
  0960: 01 00 4D 41 30 33 8F 52 42 55 46 0A 98 4D 49 30  ..MA03.RBUF..MI0
  0970: 36 8F 52 42 55 46 0A A0 4D 41 30 36 8F 52 42 55  6.RBUF..MA06.RBU
  0980: 46 0A B0 4C 45 30 36 70 0B 00 01 4C 45 30 36 70  F..LE06p...LE06p
  0990: 0C 00 70 80 FE 4D 49 30 36 72 4D 49 30 36 74 4C  ..p..MI06rMI06tL
  09A0: 45 30 36 01 00 4D 41 30 36 8F 52 42 55 46 0A C6  E06..MA06.RBUF..
  09B0: 4D 49 30 37 8F 52 42 55 46 0A CE 4D 41 30 37 8F  MI07.RBUF..MA07.
  09C0: 52 42 55 46 0A DE 4C 45 30 37 70 0B 00 06 4C 45  RBUF..LE07p...LE
  09D0: 30 37 70 0C 00 20 90 FE 4D 49 30 37 72 4D 49 30  07p.. ..MI07rMI0
  09E0: 37 74 4C 45 30 37 01 00 4D 41 30 37 8F 52 42 55  7tLE07..MA07.RBU
  09F0: 46 0A F4 4D 49 30 38 8F 52 42 55 46 0A FC 4D 41  F..MI08.RBUF..MA
  0A00: 30 38 8F 52 42 55 46 0B 0C 01 4C 45 30 38 70 0B  08.RBUF...LE08p.
  0A10: 00 01 4C 45 30 38 70 0C 00 80 80 FE 4D 49 30 38  ..LE08p.....MI08
  0A20: 72 4D 49 30 38 74 4C 45 30 38 01 00 4D 41 30 38  rMI08tLE08..MA08
  0A30: 8F 52 42 55 46 0B 22 01 4D 49 30 39 8F 52 42 55  .RBUF.".MI09.RBU
  0A40: 46 0B 2A 01 4D 41 30 39 8F 52 42 55 46 0B 3A 01  F.*.MA09.RBUF.:.
  0A50: 4C 45 30 39 70 0A 24 4C 45 30 39 70 0C 80 B8 00  LE09p.$LE09p....
  0A60: FE 4D 49 30 39 72 4D 49 30 39 74 4C 45 30 39 01  .MI09rMI09tLE09.
  0A70: 00 4D 41 30 39 8F 52 42 55 46 0B 50 01 4D 49 31  .MA09.RBUF.P.MI1
  0A80: 30 8F 52 42 55 46 0B 58 01 4D 41 31 30 8F 52 42  0.RBUF.X.MA10.RB
  0A90: 55 46 0B 68 01 4C 45 31 30 70 0A 10 4C 45 31 30  UF.h.LE10p..LE10
  0AA0: 70 0C 40 B8 00 FE 4D 49 31 30 72 4D 49 31 30 74  p.@...MI10rMI10t
  0AB0: 4C 45 31 30 01 00 4D 41 31 30 8F 52 42 55 46 0B  LE10..MA10.RBUF.
  0AC0: 7E 01 4D 49 31 31 8F 52 42 55 46 0B 86 01 4D 41  ~.MI11.RBUF...MA
  0AD0: 31 31 8F 52 42 55 46 0B 96 01 4C 45 31 31 70 0A  11.RBUF...LE11p.
  0AE0: B4 4C 45 31 31 70 0C 00 00 20 FE 4D 49 31 31 72  .LE11p... .MI11r
  0AF0: 4D 49 31 31 74 4C 45 31 31 01 00 4D 41 31 31 8F  MI11tLE11..MA11.
  0B00: 52 42 55 46 0B AC 01 4D 49 31 32 8F 52 42 55 46  RBUF...MI12.RBUF
  0B10: 0B B4 01 4D 41 31 32 8F 52 42 55 46 0B C4 01 4C  ...MA12.RBUF...L
  0B20: 45 31 32 70 0A 20 4C 45 31 32 70 0C 00 40 80 FE  E12p. LE12p..@..
  0B30: 4D 49 31 32 72 4D 49 31 32 74 4C 45 31 32 01 00  MI12rMI12tLE12..
  0B40: 4D 41 31 32 8F 52 42 55 46 0B DA 01 4D 49 31 33  MA12.RBUF...MI13
  0B50: 8F 52 42 55 46 0B E2 01 4D 41 31 33 8F 52 42 55  .RBUF...MA13.RBU
  0B60: 46 0B F2 01 4C 45 31 33 70 0A 20 4C 45 31 33 70  F...LE13p. LE13p
  0B70: 0C 00 50 80 FE 4D 49 31 33 72 4D 49 31 33 74 4C  ..P..MI13rMI13tL
  0B80: 45 31 33 01 00 4D 41 31 33 8F 52 42 55 46 0B 08  E13..MA13.RBUF..
  0B90: 02 4D 49 31 34 8F 52 42 55 46 0B 10 02 4D 41 31  .MI14.RBUF...MA1
  0BA0: 34 8F 52 42 55 46 0B 20 02 4C 45 31 34 70 0A 20  4.RBUF. .LE14p. 
  0BB0: 4C 45 31 34 70 0C 00 40 20 FE 4D 49 31 34 72 4D  LE14p..@ .MI14rM
  0BC0: 49 31 34 74 4C 45 31 34 01 00 4D 41 31 34 8F 52  I14tLE14..MA14.R
  0BD0: 42 55 46 0B 36 02 4D 49 31 35 8F 52 42 55 46 0B  BUF.6.MI15.RBUF.
  0BE0: 3E 02 4D 41 31 35 8F 52 42 55 46 0B 4E 02 4C 45  >.MA15.RBUF.N.LE
  0BF0: 31 35 70 0A 40 4C 45 31 35 70 0C 80 50 21 FE 4D  15p.@LE15p..P!.M
  0C00: 49 31 35 72 4D 49 31 35 74 4C 45 31 35 01 00 4D  I15rMI15tLE15..M
  0C10: 41 31 35 8F 52 42 55 46 0B 64 02 4D 49 31 37 8F  A15.RBUF.d.MI17.
  0C20: 52 42 55 46 0B 6C 02 4D 41 31 37 8F 52 42 55 46  RBUF.l.MA17.RBUF
  0C30: 0B 7C 02 4C 45 31 37 70 0B 00 01 4C 45 31 37 70  .|.LE17p...LE17p
  0C40: 0C 00 7B 00 FE 4D 49 31 37 72 4D 49 31 37 74 4C  ..{..MI17rMI17tL
  0C50: 45 31 37 01 00 4D 41 31 37 8F 52 42 55 46 0B 92  E17..MA17.RBUF..
  0C60: 02 4D 49 31 38 8F 52 42 55 46 0B 9A 02 4D 41 31  .MI18.RBUF...MA1
  0C70: 38 8F 52 42 55 46 0B AA 02 4C 45 31 38 70 0A 28  8.RBUF...LE18p.(
  0C80: 4C 45 31 38 70 0C 00 C0 20 FE 4D 49 31 38 72 4D  LE18p... .MI18rM
  0C90: 49 31 38 74 4C 45 31 38 01 00 4D 41 31 38 8F 52  I18tLE18..MA18.R
  0CA0: 42 55 46 0B C0 02 4D 49 31 39 8F 52 42 55 46 0B  BUF...MI19.RBUF.
  0CB0: C8 02 4D 41 31 39 8F 52 42 55 46 0B D8 02 4C 45  ..MA19.RBUF...LE
  0CC0: 31 39 70 0C 00 C0 20 7E 4D 49 31 39 70 0A 28 4C  19p... ~MI19p.(L
  0CD0: 45 31 39 72 4D 49 31 39 74 4C 45 31 39 01 00 4D  E19rMI19tLE19..M
  0CE0: 41 31 39 8F 52 42 55 46 0B EE 02 4D 49 32 30 8F  A19.RBUF...MI20.
  0CF0: 52 42 55 46 0B F6 02 4D 41 32 30 8F 52 42 55 46  RBUF...MA20.RBUF
  0D00: 0B 06 03 4C 45 32 30 70 0C 00 C0 20 FF 4D 49 32  ...LE20p... .MI2
  0D10: 30 70 0A 28 4C 45 32 30 72 4D 49 32 30 74 4C 45  0p.(LE20rMI20tLE
  0D20: 32 30 01 00 4D 41 32 30 8F 52 42 55 46 0B 1C 03  20..MA20.RBUF...
  0D30: 4D 49 32 31 8F 52 42 55 46 0B 24 03 4D 41 32 31  MI21.RBUF.$.MA21
  0D40: 8F 52 42 55 46 0B 34 03 4C 45 32 31 70 0A 08 4C  .RBUF.4.LE21p..L
  0D50: 45 32 31 70 0C A0 10 10 FE 4D 49 32 31 72 4D 49  E21p.....MI21rMI
  0D60: 32 31 74 4C 45 32 31 01 00 4D 41 32 31 8F 52 42  21tLE21..MA21.RB
  0D70: 55 46 0B 4A 03 4D 49 32 32 8F 52 42 55 46 0B 52  UF.J.MI22.RBUF.R
  0D80: 03 4D 41 32 32 8F 52 42 55 46 0B 62 03 4C 45 32  .MA22.RBUF.b.LE2
  0D90: 32 70 0B 00 10 4C 45 32 32 70 0C 00 10 20 FE 4D  2p...LE22p... .M
  0DA0: 49 32 32 72 4D 49 32 32 74 4C 45 32 32 01 00 4D  I22rMI22tLE22..M
  0DB0: 41 32 32 8F 52 42 55 46 0B 78 03 4D 49 32 33 8F  A22.RBUF.x.MI23.
  0DC0: 52 42 55 46 0B 80 03 4D 41 32 33 8F 52 42 55 46  RBUF...MA23.RBUF
  0DD0: 0B 90 03 4C 45 32 33 70 0A 70 4C 45 32 33 70 0C  ...LE23p.pLE23p.
  0DE0: 00 50 21 FE 4D 49 32 33 72 4D 49 32 33 74 4C 45  .P!.MI23rMI23tLE
  0DF0: 32 33 01 00 4D 41 32 33 8F 52 42 55 46 0B A6 03  23..MA23.RBUF...
  0E00: 4D 49 32 34 8F 52 42 55 46 0B AE 03 4D 41 32 34  MI24.RBUF...MA24
  0E10: 8F 52 42 55 46 0B BE 03 4C 45 32 34 70 0B 00 01  .RBUF...LE24p...
  0E20: 4C 45 32 34 70 0C 00 00 30 FE 4D 49 32 34 72 4D  LE24p...0.MI24rM
  0E30: 49 32 34 74 4C 45 32 34 01 00 4D 41 32 34 8F 52  I24tLE24..MA24.R
  0E40: 42 55 46 0B D4 03 4D 49 32 35 8F 52 42 55 46 0B  BUF...MI25.RBUF.
  0E50: DC 03 4D 41 32 35 8F 52 42 55 46 0B EC 03 4C 45  ..MA25.RBUF...LE
  0E60: 32 35 70 0B 00 01 4C 45 32 35 70 0C 00 20 20 FE  25p...LE25p..  .
  0E70: 4D 49 32 35 72 4D 49 32 35 74 4C 45 32 35 01 00  MI25rMI25tLE25..
  0E80: 4D 41 32 35 A4 52 42 55 46 08 5F 44 4D 41 11 33  MA25.RBUF._DMA.3
  0E90: 0A 30 8A 2B 00 00 0D 01 00 00 00 00 00 00 00 00  .0.+............
  0EA0: 00 00 00 C0 00 00 00 00 FF FF FF FF 00 00 00 00  ................
  0EB0: 00 00 00 40 FF FF FF FF 00 00 00 40 00 00 00 00  ...@.......@....
  0EC0: 79 00 5B 82 46 08 55 53 42 30 08 5F 48 49 44 0D  y.[.F.USB0._HID.
  0ED0: 42 43 4D 32 38 34 38 00 08 5F 43 49 44 12 15 02  BCM2848.._CID...
  0EE0: 0D 44 57 43 5F 4F 54 47 00 0D 44 57 43 32 5F 4F  .DWC_OTG..DWC2_O
  0EF0: 54 47 00 08 5F 55 49 44 00 08 5F 43 43 41 00 14  TG.._UID.._CCA..
  0F00: 09 5F 53 54 41 00 A4 0A 0F 08 52 42 55 46 11 1A  ._STA.....RBUF..
  0F10: 0A 17 86 09 00 01 00 00 00 00 00 00 01 00 89 06  ................
  0F20: 00 01 01 69 00 00 00 79 00 14 20 5F 43 52 53 08  ...i...y.. _CRS.
  0F30: 8A 52 42 55 46 0A 04 52 42 41 53 70 0C 00 00 98  .RBUF..RBASp....
  0F40: FE 52 42 41 53 A4 52 42 55 46 5B 82 46 1A 47 50  .RBAS.RBUF[.F.GP
  0F50: 55 30 08 5F 48 49 44 0D 42 43 4D 32 38 35 30 00  U0._HID.BCM2850.
  0F60: 08 5F 43 49 44 0D 56 43 34 00 08 5F 55 49 44 00  ._CID.VC4.._UID.
  0F70: 08 5F 43 43 41 00 14 09 5F 53 54 41 00 A4 0A 0F  ._CCA..._STA....
  0F80: 08 52 42 55 46 11 46 09 0A 92 86 09 00 01 00 00  .RBUF.F.........
  0F90: 00 00 00 10 00 00 89 06 00 01 01 2A 00 00 00 86  ...........*....
  0FA0: 09 00 01 00 00 00 00 00 60 00 00 86 09 00 01 00  ........`.......
  0FB0: 00 00 00 00 01 00 00 89 06 00 01 01 4A 00 00 00  ............J...
  0FC0: 86 09 00 01 00 00 00 00 00 06 00 00 86 09 00 01  ................
  0FD0: 00 00 00 00 00 01 00 00 8E 1E 00 01 00 01 02 00  ................
  0FE0: 00 01 06 00 A0 86 01 00 50 00 5C 5F 53 42 2E 47  ........P.\_SB.G
  0FF0: 44 56 30 2E 49 32 43 32 00 8E 1E 00 01 00 01 02  DV0.I2C2........
  1000: 00 00 01 06 00 A0 86 01 00 30 00 5C 5F 53 42 2E  .........0.\_SB.
  1010: 47 44 56 30 2E 49 32 43 32 00 79 00 14 45 07 5F  GDV0.I2C2.y..E._
  1020: 43 52 53 08 8A 52 42 55 46 0A 04 52 42 30 31 70  CRS..RBUF..RB01p
  1030: 0C 00 00 C0 FE 52 42 30 31 8A 52 42 55 46 0A 19  .....RB01.RBUF..
  1040: 52 42 30 32 70 0C 00 00 40 FE 52 42 30 32 8A 52  RB02p...@.RB02.R
  1050: 42 55 46 0A 25 52 42 30 35 70 0C 00 70 80 FE 52  BUF.%RB05p..p..R
  1060: 42 30 35 8A 52 42 55 46 0A 3A 52 42 30 36 70 0C  B05.RBUF.:RB06p.
  1070: 00 20 90 FE 52 42 30 36 8A 52 42 55 46 0A 46 52  . ..RB06.RBUF.FR
  1080: 42 30 37 70 0C 00 80 80 FE 52 42 30 37 A4 52 42  B07p.....RB07.RB
  1090: 55 46 14 4F 05 50 4D 43 44 08 08 52 42 55 46 12  UF.O.PMCD..RBUF.
  10A0: 4D 04 03 01 01 12 47 04 01 12 43 04 07 00 00 00  M.....G...C.....
  10B0: 11 13 0A 10 26 1E 2D 9B 75 15 47 47 8F C0 B9 EB  ....&.-.u.GG....
  10C0: 4B AA 2D 2B 0D 56 43 34 5F 45 6E 67 69 6E 65 5F  K.-+.VC4_Engine_
  10D0: 30 30 00 0A 02 12 17 02 12 09 03 00 00 0C 90 76  00.............v
  10E0: 12 00 12 0A 03 0B 10 27 0B 10 27 0A 04 A4 52 42  .......'..'...RB
  10F0: 55 46 5B 82 46 07 52 50 49 51 08 5F 48 49 44 0D  UF[.F.RPIQ._HID.
  1100: 42 43 4D 32 38 34 39 00 08 5F 43 49 44 0D 52 50  BCM2849.._CID.RP
  1110: 49 51 00 08 5F 55 49 44 00 08 5F 43 43 41 00 14  IQ.._UID.._CCA..
  1120: 09 5F 53 54 41 00 A4 0A 0F 08 52 42 55 46 11 1A  ._STA.....RBUF..
  1130: 0A 17 86 09 00 01 00 00 00 00 24 00 00 00 89 06  ..........$.....
  1140: 00 01 01 41 00 00 00 79 00 14 20 5F 43 52 53 08  ...A...y.. _CRS.
  1150: 8A 52 42 55 46 0A 04 52 42 41 53 70 0C 80 B8 00  .RBUF..RBASp....
  1160: FE 52 42 41 53 A4 52 42 55 46 5B 82 42 08 56 43  .RBAS.RBUF[.B.VC
  1170: 49 51 08 5F 48 49 44 0D 42 43 4D 32 38 33 35 00  IQ._HID.BCM2835.
  1180: 08 5F 43 49 44 0D 56 43 49 51 00 08 5F 55 49 44  ._CID.VCIQ.._UID
  1190: 00 08 5F 43 43 41 00 08 5F 44 45 50 12 06 01 52  .._CCA.._DEP...R
  11A0: 50 49 51 14 09 5F 53 54 41 00 A4 0A 0F 08 52 42  PIQ.._STA.....RB
  11B0: 55 46 11 1A 0A 17 86 09 00 01 00 00 00 00 10 00  UF..............
  11C0: 00 00 89 06 00 01 01 42 00 00 00 79 00 14 20 5F  .......B...y.. _
  11D0: 43 52 53 08 8A 52 42 55 46 0A 04 52 42 41 53 70  CRS..RBUF..RBASp
  11E0: 0C 40 B8 00 FE 52 42 41 53 A4 52 42 55 46 5B 82  .@...RBAS.RBUF[.
  11F0: 41 04 56 43 53 4D 08 5F 48 49 44 0D 42 43 4D 32  A.VCSM._HID.BCM2
  1200: 38 35 36 00 08 5F 43 49 44 0D 56 43 53 4D 00 08  856.._CID.VCSM..
  1210: 5F 55 49 44 00 08 5F 43 43 41 00 08 5F 44 45 50  _UID.._CCA.._DEP
  1220: 12 06 01 56 43 49 51 14 09 5F 53 54 41 00 A4 0A  ...VCIQ.._STA...
  1230: 0F 5B 82 45 08 47 50 49 30 08 5F 48 49 44 0D 42  .[.E.GPI0._HID.B
  1240: 43 4D 32 38 34 35 00 08 5F 43 49 44 0D 42 43 4D  CM2845.._CID.BCM
  1250: 47 50 49 4F 00 08 5F 55 49 44 00 08 5F 43 43 41  GPIO.._UID.._CCA
  1260: 00 14 09 5F 53 54 41 00 A4 0A 0F 08 52 42 55 46  ..._STA.....RBUF
  1270: 11 26 0A 23 86 09 00 01 00 00 00 00 B4 00 00 00  .&.#............
  1280: 89 12 00 09 04 91 00 00 00 92 00 00 00 93 00 00  ................
  1290: 00 94 00 00 00 79 00 14 20 5F 43 52 53 08 8A 52  .....y.. _CRS..R
  12A0: 42 55 46 0A 04 52 42 41 53 70 0C 00 00 20 FE 52  BUF..RBASp... .R
  12B0: 42 41 53 A4 52 42 55 46 5B 82 4D 09 49 32 43 31  BAS.RBUF[.M.I2C1
  12C0: 08 5F 48 49 44 0D 42 43 4D 32 38 34 31 00 08 5F  ._HID.BCM2841.._
  12D0: 43 49 44 0D 42 43 4D 49 32 43 00 08 5F 55 49 44  CID.BCMI2C.._UID
  12E0: 01 08 5F 43 43 41 00 14 09 5F 53 54 41 00 A4 0A  .._CCA..._STA...
  12F0: 0F 08 52 42 55 46 11 3F 0A 3C 86 09 00 01 00 00  ..RBUF.?.<......
  1300: 00 00 20 00 00 00 89 06 00 09 01 95 00 00 00 8D  .. .............
  1310: 22 00 01 00 00 01 04 00 12 00 00 16 00 25 00 00  "............%..
  1320: 00 02 00 03 00 5C 5F 53 42 2E 47 44 56 30 2E 47  .....\_SB.GDV0.G
  1330: 50 49 30 00 79 00 14 20 5F 43 52 53 08 8A 52 42  PI0.y.. _CRS..RB
  1340: 55 46 0A 04 52 42 41 53 70 0C 00 40 80 FE 52 42  UF..RBASp..@..RB
  1350: 41 53 A4 52 42 55 46 5B 82 49 07 49 32 43 32 08  AS.RBUF[.I.I2C2.
  1360: 5F 48 49 44 0D 42 43 4D 32 38 34 31 00 08 5F 43  _HID.BCM2841.._C
  1370: 49 44 0D 42 43 4D 49 32 43 00 08 5F 55 49 44 0A  ID.BCMI2C.._UID.
  1380: 02 08 5F 43 43 41 00 14 09 5F 53 54 41 00 A4 0A  .._CCA..._STA...
  1390: 0F 08 52 42 55 46 11 1A 0A 17 86 09 00 01 00 00  ..RBUF..........
  13A0: 00 00 20 00 00 00 89 06 00 09 01 95 00 00 00 79  .. ............y
  13B0: 00 14 20 5F 43 52 53 08 8A 52 42 55 46 0A 04 52  .. _CRS..RBUF..R
  13C0: 42 41 53 70 0C 00 50 80 FE 52 42 41 53 A4 52 42  BASp..P..RBAS.RB
  13D0: 55 46 5B 82 47 0E 53 50 49 30 08 5F 48 49 44 0D  UF[.G.SPI0._HID.
  13E0: 42 43 4D 32 38 33 38 00 08 5F 43 49 44 0D 42 43  BCM2838.._CID.BC
  13F0: 4D 53 50 49 30 00 08 5F 55 49 44 00 08 5F 43 43  MSPI0.._UID.._CC
  1400: 41 00 14 09 5F 53 54 41 00 A4 0A 0F 08 52 42 55  A..._STA.....RBU
  1410: 46 11 48 08 0A 84 86 09 00 01 00 00 00 00 20 00  F.H........... .
  1420: 00 00 89 06 00 09 01 96 00 00 00 8D 24 00 01 00  ............$...
  1430: 00 02 04 00 12 00 00 18 00 27 00 00 00 09 00 0A  .........'......
  1440: 00 0B 00 5C 5F 53 42 2E 47 44 56 30 2E 47 50 49  ...\_SB.GDV0.GPI
  1450: 30 00 8D 20 00 01 00 00 01 04 00 12 00 00 14 00  0.. ............
  1460: 23 00 00 00 08 00 5C 5F 53 42 2E 47 44 56 30 2E  #.....\_SB.GDV0.
  1470: 47 50 49 30 00 8D 20 00 01 00 00 01 04 00 12 00  GPI0.. .........
  1480: 00 14 00 23 00 00 00 07 00 5C 5F 53 42 2E 47 44  ...#.....\_SB.GD
  1490: 56 30 2E 47 50 49 30 00 79 00 14 20 5F 43 52 53  V0.GPI0.y.. _CRS
  14A0: 08 8A 52 42 55 46 0A 04 52 42 41 53 70 0C 00 40  ..RBUF..RBASp..@
  14B0: 20 FE 52 42 41 53 A4 52 42 55 46 5B 82 42 0D 53   .RBAS.RBUF[.B.S
  14C0: 50 49 31 08 5F 48 49 44 0D 42 43 4D 32 38 33 39  PI1._HID.BCM2839
  14D0: 00 08 5F 43 49 44 0D 42 43 4D 41 55 58 53 50 49  .._CID.BCMAUXSPI
  14E0: 00 08 5F 55 49 44 01 08 5F 43 43 41 00 08 5F 44  .._UID.._CCA.._D
  14F0: 45 50 12 06 01 52 50 49 51 14 09 5F 53 54 41 00  EP...RPIQ.._STA.
  1500: A4 0A 0F 08 52 42 55 46 11 45 06 0A 61 86 09 00  ....RBUF.E..a...
  1510: 01 00 00 00 00 40 00 00 00 89 06 00 09 01 7D 00  .....@........}.
  1520: 00 00 8D 24 00 01 00 00 02 03 00 12 00 00 18 00  ...$............
  1530: 27 00 00 00 13 00 14 00 15 00 5C 5F 53 42 2E 47  '.........\_SB.G
  1540: 44 56 30 2E 47 50 49 30 00 8D 20 00 01 00 00 02  DV0.GPI0.. .....
  1550: 03 00 12 00 00 14 00 23 00 00 00 10 00 5C 5F 53  .......#.....\_S
  1560: 42 2E 47 44 56 30 2E 47 50 49 30 00 79 00 14 20  B.GDV0.GPI0.y.. 
  1570: 5F 43 52 53 08 8A 52 42 55 46 0A 04 52 42 41 53  _CRS..RBUF..RBAS
  1580: 70 0C 80 50 21 FE 52 42 41 53 A4 52 42 55 46 5B  p..P!.RBAS.RBUF[
  1590: 82 4B 0D 50 57 4D 30 08 5F 48 49 44 0D 42 43 4D  .K.PWM0._HID.BCM
  15A0: 32 38 34 34 00 08 5F 43 49 44 0D 42 43 4D 32 38  2844.._CID.BCM28
  15B0: 34 34 00 08 5F 55 49 44 00 08 5F 43 43 41 00 14  44.._UID.._CCA..
  15C0: 09 5F 53 54 41 00 A4 0A 0F 08 52 42 55 46 11 41  ._STA.....RBUF.A
  15D0: 05 0A 4D 86 09 00 01 00 00 00 00 00 01 00 00 86  ..M.............
  15E0: 09 00 01 00 00 00 00 28 00 00 00 86 09 00 01 00  .......(........
  15F0: C0 20 7E 28 00 00 00 86 09 00 01 00 C0 20 FF 28  . ~(......... .(
  1600: 00 00 00 86 09 00 01 00 00 00 00 08 00 00 00 89  ................
  1610: 06 00 01 01 3B 00 00 00 55 05 00 0B 00 02 79 00  ....;...U.....y.
  1620: 14 4B 04 5F 43 52 53 08 8A 52 42 55 46 0A 04 52  .K._CRS..RBUF..R
  1630: 42 30 31 70 0C 00 7B 00 FE 52 42 30 31 8A 52 42  B01p..{..RB01.RB
  1640: 55 46 0A 10 52 42 30 32 70 0C 00 C0 20 FE 52 42  UF..RB02p... .RB
  1650: 30 32 8A 52 42 55 46 0A 34 52 42 30 33 70 0C A0  02.RBUF.4RB03p..
  1660: 10 10 FE 52 42 30 33 A4 52 42 55 46 5B 82 4C 0B  ...RB03.RBUF[.L.
  1670: 55 52 54 30 08 5F 48 49 44 0D 42 43 4D 32 38 33  URT0._HID.BCM283
  1680: 37 00 08 5F 43 49 44 0D 41 52 4D 48 30 30 31 31  7.._CID.ARMH0011
  1690: 00 08 5F 55 49 44 0A 04 08 5F 43 43 41 00 14 09  .._UID..._CCA...
  16A0: 5F 53 54 41 00 A4 0A 0F 08 52 42 55 46 11 1A 0A  _STA.....RBUF...
  16B0: 17 86 09 00 01 00 00 00 00 00 10 00 00 89 06 00  ................
  16C0: 01 01 99 00 00 00 79 00 14 20 5F 43 52 53 08 8A  ......y.. _CRS..
  16D0: 52 42 55 46 0A 04 52 42 41 53 70 0C 00 10 20 FE  RBUF..RBASp... .
  16E0: 52 42 41 53 A4 52 42 55 46 08 43 4C 43 4B 0C 00  RBAS.RBUF.CLCK..
  16F0: 6C DC 02 08 5F 44 53 44 12 31 02 11 13 0A 10 14  l..._DSD.1......
  1700: D8 FF DA BA 6E 8C 4D 8A 91 BC 9B BF 4A A3 01 12  ....n.M.....J...
  1710: 1A 01 12 17 02 0D 63 6C 6F 63 6B 2D 66 72 65 71  ......clock-freq
  1720: 75 65 6E 63 79 00 43 4C 43 4B 5B 82 4A 07 55 52  uency.CLCK[.J.UR
  1730: 54 4D 08 5F 48 49 44 0D 42 43 4D 32 38 33 36 00  TM._HID.BCM2836.
  1740: 08 5F 43 49 44 0D 4D 49 4E 49 55 41 52 54 00 08  ._CID.MINIUART..
  1750: 5F 55 49 44 00 08 5F 43 43 41 00 14 09 5F 53 54  _UID.._CCA..._ST
  1760: 41 00 A4 0A 0F 08 52 42 55 46 11 1A 0A 17 86 09  A.....RBUF......
  1770: 00 01 00 00 00 00 70 00 00 00 89 06 00 09 01 7D  ......p........}
  1780: 00 00 00 79 00 14 20 5F 43 52 53 08 8A 52 42 55  ...y.. _CRS..RBU
  1790: 46 0A 04 52 42 41 53 70 0C 00 50 21 FE 52 42 41  F..RBASp..P!.RBA
  17A0: 53 A4 52 42 55 46 5B 82 42 09 42 54 48 30 08 5F  S.RBUF[.B.BTH0._
  17B0: 48 49 44 0D 42 43 4D 32 45 41 36 00 08 5F 43 49  HID.BCM2EA6.._CI
  17C0: 44 0D 42 43 4D 32 45 41 36 00 14 09 5F 53 54 41  D.BCM2EA6..._STA
  17D0: 00 A4 0A 0F 14 45 06 5F 43 52 53 08 08 52 42 55  .....E._CRS..RBU
  17E0: 46 11 43 05 0A 4F 8E 22 00 01 00 03 02 34 00 01  F.C..O.".....4..
  17F0: 0A 00 00 C2 01 00 10 00 10 00 00 00 5C 5F 53 42  ............\_SB
  1800: 2E 47 44 56 30 2E 55 52 54 4D 00 8C 25 00 01 01  .GDV0.URTM..%...
  1810: 01 00 08 00 01 00 00 00 00 17 00 00 19 00 28 00  ..............(.
  1820: 00 00 80 00 5C 5F 53 42 2E 47 44 56 30 2E 52 50  ....\_SB.GDV0.RP
  1830: 49 51 00 79 00 A4 52 42 55 46 5B 82 40 9B 52 48  IQ.y..RBUF[.@.RH
  1840: 50 58 08 5F 48 49 44 0D 4D 53 46 54 38 30 30 30  PX._HID.MSFT8000
  1850: 00 08 5F 43 49 44 0D 4D 53 46 54 38 30 30 30 00  .._CID.MSFT8000.
  1860: 08 5F 55 49 44 01 08 5F 43 52 53 11 44 81 0B 0F  ._UID.._CRS.D...
  1870: 08 8E 21 00 01 00 02 02 00 00 01 09 00 00 09 3D  ..!............=
  1880: 00 08 00 00 00 00 5C 5F 53 42 2E 47 44 56 30 2E  ......\_SB.GDV0.
  1890: 53 50 49 30 00 8E 21 00 01 00 02 02 00 00 01 09  SPI0..!.........
  18A0: 00 00 09 3D 00 08 00 00 01 00 5C 5F 53 42 2E 47  ...=......\_SB.G
  18B0: 44 56 30 2E 53 50 49 30 00 8E 1E 00 01 00 01 02  DV0.SPI0........
  18C0: 00 00 01 06 00 00 00 00 00 FF FF 5C 5F 53 42 2E  ...........\_SB.
  18D0: 47 44 56 30 2E 49 32 43 31 00 8E 21 00 01 00 02  GDV0.I2C1..!....
  18E0: 02 00 00 01 09 00 00 09 3D 00 08 00 00 02 00 5C  ........=......\
  18F0: 5F 53 42 2E 47 44 56 30 2E 53 50 49 31 00 8C 25  _SB.GDV0.SPI1..%
  1900: 00 01 01 01 00 08 00 01 00 00 00 00 17 00 00 19  ................
  1910: 00 28 00 00 00 02 00 5C 5F 53 42 2E 47 44 56 30  .(.....\_SB.GDV0
  1920: 2E 47 50 49 30 00 8C 25 00 01 00 01 00 0D 00 01  .GPI0..%........
  1930: 00 00 00 00 17 00 00 19 00 28 00 00 00 02 00 5C  .........(.....\
  1940: 5F 53 42 2E 47 44 56 30 2E 47 50 49 30 00 8C 25  _SB.GDV0.GPI0..%
  1950: 00 01 01 01 00 08 00 01 00 00 00 00 17 00 00 19  ................
  1960: 00 28 00 00 00 03 00 5C 5F 53 42 2E 47 44 56 30  .(.....\_SB.GDV0
  1970: 2E 47 50 49 30 00 8C 25 00 01 00 01 00 0D 00 01  .GPI0..%........
  1980: 00 00 00 00 17 00 00 19 00 28 00 00 00 03 00 5C  .........(.....\
  1990: 5F 53 42 2E 47 44 56 30 2E 47 50 49 30 00 8C 25  _SB.GDV0.GPI0..%
  19A0: 00 01 01 01 00 08 00 01 00 00 00 00 17 00 00 19  ................
  19B0: 00 28 00 00 00 04 00 5C 5F 53 42 2E 47 44 56 30  .(.....\_SB.GDV0
  19C0: 2E 47 50 49 30 00 8C 25 00 01 00 01 00 0D 00 01  .GPI0..%........
  19D0: 00 00 00 00 17 00 00 19 00 28 00 00 00 04 00 5C  .........(.....\
  19E0: 5F 53 42 2E 47 44 56 30 2E 47 50 49 30 00 8C 25  _SB.GDV0.GPI0..%
  19F0: 00 01 01 01 00 08 00 01 00 00 00 00 17 00 00 19  ................
  1A00: 00 28 00 00 00 05 00 5C 5F 53 42 2E 47 44 56 30  .(.....\_SB.GDV0
  1A10: 2E 47 50 49 30 00 8C 25 00 01 00 01 00 0D 00 01  .GPI0..%........
  1A20: 00 00 00 00 17 00 00 19 00 28 00 00 00 05 00 5C  .........(.....\
  1A30: 5F 53 42 2E 47 44 56 30 2E 47 50 49 30 00 8C 25  _SB.GDV0.GPI0..%
  1A40: 00 01 01 01 00 08 00 01 00 00 00 00 17 00 00 19  ................
  1A50: 00 28 00 00 00 06 00 5C 5F 53 42 2E 47 44 56 30  .(.....\_SB.GDV0
  1A60: 2E 47 50 49 30 00 8C 25 00 01 00 01 00 0D 00 01  .GPI0..%........
  1A70: 00 00 00 00 17 00 00 19 00 28 00 00 00 06 00 5C  .........(.....\
  1A80: 5F 53 42 2E 47 44 56 30 2E 47 50 49 30 00 8C 25  _SB.GDV0.GPI0..%
  1A90: 00 01 01 01 00 08 00 01 00 00 00 00 17 00 00 19  ................
  1AA0: 00 28 00 00 00 07 00 5C 5F 53 42 2E 47 44 56 30  .(.....\_SB.GDV0
  1AB0: 2E 47 50 49 30 00 8C 25 00 01 00 01 00 0D 00 01  .GPI0..%........
  1AC0: 00 00 00 00 17 00 00 19 00 28 00 00 00 07 00 5C  .........(.....\
  1AD0: 5F 53 42 2E 47 44 56 30 2E 47 50 49 30 00 8C 25  _SB.GDV0.GPI0..%
  1AE0: 00 01 01 01 00 08 00 01 00 00 00 00 17 00 00 19  ................
  1AF0: 00 28 00 00 00 08 00 5C 5F 53 42 2E 47 44 56 30  .(.....\_SB.GDV0
  1B00: 2E 47 50 49 30 00 8C 25 00 01 00 01 00 0D 00 01  .GPI0..%........
  1B10: 00 00 00 00 17 00 00 19 00 28 00 00 00 08 00 5C  .........(.....\
  1B20: 5F 53 42 2E 47 44 56 30 2E 47 50 49 30 00 8C 25  _SB.GDV0.GPI0..%
  1B30: 00 01 01 01 00 08 00 02 00 00 00 00 17 00 00 19  ................
  1B40: 00 28 00 00 00 09 00 5C 5F 53 42 2E 47 44 56 30  .(.....\_SB.GDV0
  1B50: 2E 47 50 49 30 00 8C 25 00 01 00 01 00 0D 00 02  .GPI0..%........
  1B60: 00 00 00 00 17 00 00 19 00 28 00 00 00 09 00 5C  .........(.....\
  1B70: 5F 53 42 2E 47 44 56 30 2E 47 50 49 30 00 8C 25  _SB.GDV0.GPI0..%
  1B80: 00 01 01 01 00 08 00 02 00 00 00 00 17 00 00 19  ................
  1B90: 00 28 00 00 00 0A 00 5C 5F 53 42 2E 47 44 56 30  .(.....\_SB.GDV0
  1BA0: 2E 47 50 49 30 00 8C 25 00 01 00 01 00 0D 00 02  .GPI0..%........
  1BB0: 00 00 00 00 17 00 00 19 00 28 00 00 00 0A 00 5C  .........(.....\
  1BC0: 5F 53 42 2E 47 44 56 30 2E 47 50 49 30 00 8C 25  _SB.GDV0.GPI0..%
  1BD0: 00 01 01 01 00 08 00 02 00 00 00 00 17 00 00 19  ................
  1BE0: 00 28 00 00 00 0B 00 5C 5F 53 42 2E 47 44 56 30  .(.....\_SB.GDV0
  1BF0: 2E 47 50 49 30 00 8C 25 00 01 00 01 00 0D 00 02  .GPI0..%........
  1C00: 00 00 00 00 17 00 00 19 00 28 00 00 00 0B 00 5C  .........(.....\
  1C10: 5F 53 42 2E 47 44 56 30 2E 47 50 49 30 00 8C 25  _SB.GDV0.GPI0..%
  1C20: 00 01 01 01 00 08 00 02 00 00 00 00 17 00 00 19  ................
  1C30: 00 28 00 00 00 0C 00 5C 5F 53 42 2E 47 44 56 30  .(.....\_SB.GDV0
  1C40: 2E 47 50 49 30 00 8C 25 00 01 00 01 00 0D 00 02  .GPI0..%........
  1C50: 00 00 00 00 17 00 00 19 00 28 00 00 00 0C 00 5C  .........(.....\
  1C60: 5F 53 42 2E 47 44 56 30 2E 47 50 49 30 00 8C 25  _SB.GDV0.GPI0..%
  1C70: 00 01 01 01 00 08 00 02 00 00 00 00 17 00 00 19  ................
  1C80: 00 28 00 00 00 0D 00 5C 5F 53 42 2E 47 44 56 30  .(.....\_SB.GDV0
  1C90: 2E 47 50 49 30 00 8C 25 00 01 00 01 00 0D 00 02  .GPI0..%........
  1CA0: 00 00 00 00 17 00 00 19 00 28 00 00 00 0D 00 5C  .........(.....\
  1CB0: 5F 53 42 2E 47 44 56 30 2E 47 50 49 30 00 8C 25  _SB.GDV0.GPI0..%
  1CC0: 00 01 01 01 00 08 00 02 00 00 00 00 17 00 00 19  ................
  1CD0: 00 28 00 00 00 10 00 5C 5F 53 42 2E 47 44 56 30  .(.....\_SB.GDV0
  1CE0: 2E 47 50 49 30 00 8C 25 00 01 00 01 00 0D 00 02  .GPI0..%........
  1CF0: 00 00 00 00 17 00 00 19 00 28 00 00 00 10 00 5C  .........(.....\
  1D00: 5F 53 42 2E 47 44 56 30 2E 47 50 49 30 00 8C 25  _SB.GDV0.GPI0..%
  1D10: 00 01 01 01 00 08 00 02 00 00 00 00 17 00 00 19  ................
  1D20: 00 28 00 00 00 11 00 5C 5F 53 42 2E 47 44 56 30  .(.....\_SB.GDV0
  1D30: 2E 47 50 49 30 00 8C 25 00 01 00 01 00 0D 00 02  .GPI0..%........
  1D40: 00 00 00 00 17 00 00 19 00 28 00 00 00 11 00 5C  .........(.....\
  1D50: 5F 53 42 2E 47 44 56 30 2E 47 50 49 30 00 8C 25  _SB.GDV0.GPI0..%
  1D60: 00 01 01 01 00 08 00 02 00 00 00 00 17 00 00 19  ................
  1D70: 00 28 00 00 00 12 00 5C 5F 53 42 2E 47 44 56 30  .(.....\_SB.GDV0
  1D80: 2E 47 50 49 30 00 8C 25 00 01 00 01 00 0D 00 02  .GPI0..%........
  1D90: 00 00 00 00 17 00 00 19 00 28 00 00 00 12 00 5C  .........(.....\
  1DA0: 5F 53 42 2E 47 44 56 30 2E 47 50 49 30 00 8C 25  _SB.GDV0.GPI0..%
  1DB0: 00 01 01 01 00 08 00 02 00 00 00 00 17 00 00 19  ................
  1DC0: 00 28 00 00 00 13 00 5C 5F 53 42 2E 47 44 56 30  .(.....\_SB.GDV0
  1DD0: 2E 47 50 49 30 00 8C 25 00 01 00 01 00 0D 00 02  .GPI0..%........
  1DE0: 00 00 00 00 17 00 00 19 00 28 00 00 00 13 00 5C  .........(.....\
  1DF0: 5F 53 42 2E 47 44 56 30 2E 47 50 49 30 00 8C 25  _SB.GDV0.GPI0..%
  1E00: 00 01 01 01 00 08 00 02 00 00 00 00 17 00 00 19  ................
  1E10: 00 28 00 00 00 14 00 5C 5F 53 42 2E 47 44 56 30  .(.....\_SB.GDV0
  1E20: 2E 47 50 49 30 00 8C 25 00 01 00 01 00 0D 00 02  .GPI0..%........
  1E30: 00 00 00 00 17 00 00 19 00 28 00 00 00 14 00 5C  .........(.....\
  1E40: 5F 53 42 2E 47 44 56 30 2E 47 50 49 30 00 8C 25  _SB.GDV0.GPI0..%
  1E50: 00 01 01 01 00 08 00 02 00 00 00 00 17 00 00 19  ................
  1E60: 00 28 00 00 00 15 00 5C 5F 53 42 2E 47 44 56 30  .(.....\_SB.GDV0
  1E70: 2E 47 50 49 30 00 8C 25 00 01 00 01 00 0D 00 02  .GPI0..%........
  1E80: 00 00 00 00 17 00 00 19 00 28 00 00 00 15 00 5C  .........(.....\
  1E90: 5F 53 42 2E 47 44 56 30 2E 47 50 49 30 00 8C 25  _SB.GDV0.GPI0..%
  1EA0: 00 01 01 01 00 08 00 02 00 00 00 00 17 00 00 19  ................
  1EB0: 00 28 00 00 00 16 00 5C 5F 53 42 2E 47 44 56 30  .(.....\_SB.GDV0
  1EC0: 2E 47 50 49 30 00 8C 25 00 01 00 01 00 0D 00 02  .GPI0..%........
  1ED0: 00 00 00 00 17 00 00 19 00 28 00 00 00 16 00 5C  .........(.....\
  1EE0: 5F 53 42 2E 47 44 56 30 2E 47 50 49 30 00 8C 25  _SB.GDV0.GPI0..%
  1EF0: 00 01 01 01 00 08 00 02 00 00 00 00 17 00 00 19  ................
  1F00: 00 28 00 00 00 17 00 5C 5F 53 42 2E 47 44 56 30  .(.....\_SB.GDV0
  1F10: 2E 47 50 49 30 00 8C 25 00 01 00 01 00 0D 00 02  .GPI0..%........
  1F20: 00 00 00 00 17 00 00 19 00 28 00 00 00 17 00 5C  .........(.....\
  1F30: 5F 53 42 2E 47 44 56 30 2E 47 50 49 30 00 8C 25  _SB.GDV0.GPI0..%
  1F40: 00 01 01 01 00 08 00 02 00 00 00 00 17 00 00 19  ................
  1F50: 00 28 00 00 00 18 00 5C 5F 53 42 2E 47 44 56 30  .(.....\_SB.GDV0
  1F60: 2E 47 50 49 30 00 8C 25 00 01 00 01 00 0D 00 02  .GPI0..%........
  1F70: 00 00 00 00 17 00 00 19 00 28 00 00 00 18 00 5C  .........(.....\
  1F80: 5F 53 42 2E 47 44 56 30 2E 47 50 49 30 00 8C 25  _SB.GDV0.GPI0..%
  1F90: 00 01 01 01 00 08 00 02 00 00 00 00 17 00 00 19  ................
  1FA0: 00 28 00 00 00 19 00 5C 5F 53 42 2E 47 44 56 30  .(.....\_SB.GDV0
  1FB0: 2E 47 50 49 30 00 8C 25 00 01 00 01 00 0D 00 02  .GPI0..%........
  1FC0: 00 00 00 00 17 00 00 19 00 28 00 00 00 19 00 5C  .........(.....\
  1FD0: 5F 53 42 2E 47 44 56 30 2E 47 50 49 30 00 8C 25  _SB.GDV0.GPI0..%
  1FE0: 00 01 01 01 00 08 00 02 00 00 00 00 17 00 00 19  ................
  1FF0: 00 28 00 00 00 1A 00 5C 5F 53 42 2E 47 44 56 30  .(.....\_SB.GDV0
  2000: 2E 47 50 49 30 00 8C 25 00 01 00 01 00 0D 00 02  .GPI0..%........
  2010: 00 00 00 00 17 00 00 19 00 28 00 00 00 1A 00 5C  .........(.....\
  2020: 5F 53 42 2E 47 44 56 30 2E 47 50 49 30 00 8C 25  _SB.GDV0.GPI0..%
  2030: 00 01 01 01 00 08 00 02 00 00 00 00 17 00 00 19  ................
  2040: 00 28 00 00 00 1B 00 5C 5F 53 42 2E 47 44 56 30  .(.....\_SB.GDV0
  2050: 2E 47 50 49 30 00 8C 25 00 01 00 01 00 0D 00 02  .GPI0..%........
  2060: 00 00 00 00 17 00 00 19 00 28 00 00 00 1B 00 5C  .........(.....\
  2070: 5F 53 42 2E 47 44 56 30 2E 47 50 49 30 00 79 00  _SB.GDV0.GPI0.y.
  2080: 08 5F 44 53 44 12 46 16 02 11 13 0A 10 14 D8 FF  ._DSD.F.........
  2090: DA BA 6E 8C 4D 8A 91 BC 9B BF 4A A3 01 12 4E 14  ..n.M.....J...N.
  20A0: 0C 12 15 02 0D 62 75 73 2D 53 50 49 2D 53 50 49  .....bus-SPI-SPI
  20B0: 30 00 12 04 02 00 01 12 18 02 0D 53 50 49 30 2D  0..........SPI0-
  20C0: 4D 69 6E 43 6C 6F 63 6B 49 6E 48 7A 00 0B CD 1D  MinClockInHz....
  20D0: 12 1A 02 0D 53 50 49 30 2D 4D 61 78 43 6C 6F 63  ....SPI0-MaxCloc
  20E0: 6B 49 6E 48 7A 00 0C 40 59 73 07 12 25 02 0D 53  kInHz..@Ys..%..S
  20F0: 50 49 30 2D 53 75 70 70 6F 72 74 65 64 44 61 74  PI0-SupportedDat
  2100: 61 42 69 74 4C 65 6E 67 74 68 73 00 12 04 01 0A  aBitLengths.....
  2110: 08 12 15 02 0D 62 75 73 2D 49 32 43 2D 49 32 43  .....bus-I2C-I2C
  2120: 31 00 12 04 01 0A 02 12 13 02 0D 47 50 49 4F 2D  1..........GPIO-
  2130: 50 69 6E 43 6F 75 6E 74 00 0A 36 12 21 02 0D 47  PinCount..6.!..G
  2140: 50 49 4F 2D 55 73 65 44 65 73 63 72 69 70 74 6F  PIO-UseDescripto
  2150: 72 50 69 6E 4E 75 6D 62 65 72 73 00 01 12 1E 02  rPinNumbers.....
  2160: 0D 47 50 49 4F 2D 53 75 70 70 6F 72 74 65 64 44  .GPIO-SupportedD
  2170: 72 69 76 65 4D 6F 64 65 73 00 0A 0F 12 15 02 0D  riveModes.......
  2180: 62 75 73 2D 53 50 49 2D 53 50 49 31 00 12 04 01  bus-SPI-SPI1....
  2190: 0A 03 12 18 02 0D 53 50 49 31 2D 4D 69 6E 43 6C  ......SPI1-MinCl
  21A0: 6F 63 6B 49 6E 48 7A 00 0B 2F 77 12 1A 02 0D 53  ockInHz../w....S
  21B0: 50 49 31 2D 4D 61 78 43 6C 6F 63 6B 49 6E 48 7A  PI1-MaxClockInHz
  21C0: 00 0C 00 2D 31 01 12 25 02 0D 53 50 49 31 2D 53  ...-1..%..SPI1-S
  21D0: 75 70 70 6F 72 74 65 64 44 61 74 61 42 69 74 4C  upportedDataBitL
  21E0: 65 6E 67 74 68 73 00 12 04 01 0A 08 5B 82 49 0A  engths......[.I.
  21F0: 53 44 43 31 08 5F 48 49 44 0D 42 43 4D 32 38 34  SDC1._HID.BCM284
  2200: 37 00 08 5F 43 49 44 0D 41 52 41 53 41 4E 00 08  7.._CID.ARASAN..
  2210: 5F 55 49 44 00 08 5F 43 43 41 00 08 5F 53 31 44  _UID.._CCA.._S1D
  2220: 01 08 5F 53 32 44 01 08 5F 53 33 44 01 08 5F 53  .._S2D.._S3D.._S
  2230: 34 44 01 14 09 5F 53 54 41 00 A4 0A 0F 08 52 42  4D..._STA.....RB
  2240: 55 46 11 1A 0A 17 86 09 00 01 00 00 00 00 00 01  UF..............
  2250: 00 00 89 06 00 01 01 9E 00 00 00 79 00 14 20 5F  ...........y.. _
  2260: 43 52 53 08 8A 52 42 55 46 0A 04 52 42 41 53 70  CRS..RBUF..RBASp
  2270: 0C 00 00 30 FE 52 42 41 53 A4 52 42 55 46 5B 82  ...0.RBAS.RBUF[.
  2280: 17 53 44 4D 4D 14 08 5F 41 44 52 00 A4 00 14 08  .SDMM.._ADR.....
  2290: 5F 52 4D 56 00 A4 00 5B 82 48 0A 53 44 43 32 08  _RMV...[.H.SDC2.
  22A0: 5F 48 49 44 0D 42 43 4D 32 38 35 35 00 08 5F 43  _HID.BCM2855.._C
  22B0: 49 44 0D 53 44 48 53 54 00 08 5F 55 49 44 00 08  ID.SDHST.._UID..
  22C0: 5F 43 43 41 00 08 5F 53 31 44 01 08 5F 53 32 44  _CCA.._S1D.._S2D
  22D0: 01 08 5F 53 33 44 01 08 5F 53 34 44 01 14 09 5F  .._S3D.._S4D..._
  22E0: 53 54 41 00 A4 0A 0F 08 52 42 55 46 11 1A 0A 17  STA.....RBUF....
  22F0: 86 09 00 01 00 00 00 00 00 01 00 00 89 06 00 01  ................
  2300: 01 98 00 00 00 79 00 14 20 5F 43 52 53 08 8A 52  .....y.. _CRS..R
  2310: 42 55 46 0A 04 52 42 41 53 70 0C 00 20 20 FE 52  BUF..RBASp..  .R
  2320: 42 41 53 A4 52 42 55 46 5B 82 17 53 44 4D 4D 14  BAS.RBUF[..SDMM.
  2330: 08 5F 41 44 52 00 A4 00 14 08 5F 52 4D 56 00 A4  ._ADR....._RMV..
  2340: 00 5B 82 4F 0B 45 54 48 30 08 5F 48 49 44 0D 42  .[.O.ETH0._HID.B
  2350: 43 4D 36 45 34 45 00 08 5F 43 49 44 0D 42 43 4D  CM6E4E.._CID.BCM
  2360: 36 45 34 45 00 08 5F 55 49 44 00 08 5F 43 43 41  6E4E.._UID.._CCA
  2370: 00 14 09 5F 53 54 41 00 A4 0A 0F 14 2F 5F 43 52  ..._STA...../_CR
  2380: 53 08 08 52 42 55 46 11 1E 0A 1B 86 09 00 01 00  S..RBUF.........
  2390: 00 58 FD 00 00 01 00 89 0A 00 01 02 BD 00 00 00  .X..............
  23A0: BE 00 00 00 79 00 A4 52 42 55 46 08 5F 44 53 44  ....y..RBUF._DSD
  23B0: 12 41 05 02 11 13 0A 10 14 D8 FF DA BA 6E 8C 4D  .A...........n.M
  23C0: 8A 91 BC 9B BF 4A A3 01 12 39 02 12 1D 02 0D 62  .....J...9.....b
  23D0: 72 63 6D 2C 6D 61 78 2D 64 6D 61 2D 62 75 72 73  rcm,max-dma-burs
  23E0: 74 2D 73 69 7A 65 00 0A 08 12 18 02 0D 70 68 79  t-size.......phy
  23F0: 2D 6D 6F 64 65 00 0D 72 67 6D 69 69 2D 72 78 69  -mode..rgmii-rxi
  2400: 64 00                                            d.

FACP @ 0xbff027d8
  0000: 46 41 43 50 14 01 00 00 06 A9 52 50 49 46 44 4E  FACP......RPIFDN
  0010: 52 50 49 34 20 20 20 20 00 02 00 00 45 44 4B 32  RPI4    ....EDK2
  0020: 00 03 00 00 00 00 00 00 00 00 99 33 00 06 00 00  ...........3....
  0030: 00 00 00 00 00 00 00 00 00 00 00 00 00 00 00 00  ................
  0040: 00 00 00 00 00 00 00 00 00 00 00 00 00 00 00 00  ................
  0050: 00 00 00 00 00 00 00 00 00 00 00 00 00 00 00 00  ................
  0060: 00 00 00 00 00 00 00 00 00 00 00 00 00 00 00 00  ................
  0070: 21 00 10 00 00 00 00 00 00 00 00 00 00 00 00 00  !...............
  0080: 00 01 00 03 08 2B F0 BF 00 00 00 00 00 00 99 33  .....+.........3
  0090: 00 00 00 00 00 00 00 00 00 00 00 00 00 00 00 00  ................
  00A0: 00 00 00 00 00 00 00 00 00 00 00 00 00 00 00 00  ................
  00B0: 00 00 00 00 00 00 00 00 00 00 00 00 00 00 00 00  ................
  00C0: 00 00 00 00 00 00 00 00 00 00 00 00 00 00 00 00  ................
  00D0: 00 00 00 00 00 00 00 00 00 00 00 00 00 00 00 00  ................
  00E0: 00 00 00 00 00 00 00 00 00 00 00 00 00 00 00 00  ................
  00F0: 00 00 00 00 00 00 00 00 00 00 00 00 00 00 00 00  ................
  0100: 00 00 00 00 00 00 00 00 00 00 00 00 00 00 00 00  ................
  0110: 00 00 00 00                                      ....

GTDT @ 0xbff028fc
  0000: 47 54 44 54 68 00 00 00 03 EA 52 50 49 46 44 4E  GTDTh.....RPIFDN
  0010: 52 50 49 34 20 20 20 20 00 02 00 00 45 44 4B 32  RPI4    ....EDK2
  0020: 00 03 00 00 1C 00 80 FF 00 00 00 00 00 00 00 00  ................
  0030: 1D 00 00 00 02 00 00 00 1E 00 00 00 02 00 00 00  ................
  0040: 1B 00 00 00 02 00 00 00 1A 00 00 00 02 00 00 00  ................
  0050: FF FF FF FF FF FF FF FF 00 00 00 00 00 00 00 00  ................
  0060: 00 00 00 00 00 00 00 00                          ........

PPTT @ 0xbff02974
  0000: 50 50 54 54 84 01 00 00 02 FA 52 50 49 46 44 4E  PPTT......RPIFDN
  0010: 52 50 49 34 20 20 20 20 00 02 00 00 45 44 4B 32  RPI4    ....EDK2
  0020: 00 03 00 00 00 18 00 00 11 00 00 00 00 00 00 00  ................
  0030: 00 00 00 00 01 00 00 00 3C 00 00 00 01 18 00 00  ........<.......
  0040: 7F 00 00 00 00 00 00 00 00 00 10 00 00 04 00 00  ................
  0050: 10 0A 40 00 00 1C 00 00 1A 00 00 00 24 00 00 00  ..@.........$...
  0060: 00 00 00 00 02 00 00 00 70 00 00 00 88 00 00 00  ........p.......
  0070: 01 18 00 00 7F 00 00 00 00 00 00 00 00 80 00 00  ................
  0080: 00 01 00 00 02 02 40 00 01 18 00 00 5F 00 00 00  ......@....._...
  0090: 00 00 00 00 00 C0 00 00 00 01 00 00 03 04 40 00  ..............@.
  00A0: 00 1C 00 00 1A 00 00 00 24 00 00 00 01 00 00 00  ........$.......
  00B0: 02 00 00 00 BC 00 00 00 D4 00 00 00 01 18 00 00  ................
  00C0: 7F 00 00 00 00 00 00 00 00 80 00 00 00 01 00 00  ................
  00D0: 02 02 40 00 01 18 00 00 5F 00 00 00 00 00 00 00  ..@....._.......
  00E0: 00 C0 00 00 00 01 00 00 03 04 40 00 00 1C 00 00  ..........@.....
  00F0: 1A 00 00 00 24 00 00 00 02 00 00 00 02 00 00 00  ....$...........
  0100: 08 01 00 00 20 01 00 00 01 18 00 00 7F 00 00 00  .... ...........
  0110: 00 00 00 00 00 80 00 00 00 01 00 00 02 02 40 00  ..............@.
  0120: 01 18 00 00 5F 00 00 00 00 00 00 00 00 C0 00 00  ...._...........
  0130: 00 01 00 00 03 04 40 00 00 1C 00 00 1A 00 00 00  ......@.........
  0140: 24 00 00 00 03 00 00 00 02 00 00 00 54 01 00 00  $...........T...
  0150: 6C 01 00 00 01 18 00 00 7F 00 00 00 00 00 00 00  l...............
  0160: 00 80 00 00 00 01 00 00 02 02 40 00 01 18 00 00  ..........@.....
  0170: 5F 00 00 00 00 00 00 00 00 C0 00 00 00 01 00 00  _...............
  0180: 03 04 40 00                                      ..@.

FACS @ 0xbff02b08
  0000: 46 41 43 53 40 00 00 00 00 A2 00 F0 00 00 00 00  FACS@...........
  0010: 00 00 00 00 00 00 00 00 00 00 00 00 00 00 00 00  ................
  0020: 02 00 00 00 00 00 00 00 00 00 00 00 00 00 00 00  ................
  0030: 00 00 00 00 00 00 00 00 00 00 00 00 00 00 00 00  ................

RSDT @ 0xbff02b58
  0000: 52 53 44 54 48 00 00 00 01 C3 46 57 54 53 49 44  RSDTH.....FWTSID
  0010: 52 50 49 34 20 20 20 20 01 00 00 00 46 57 54 53  RPI4    ....FWTS
  0020: 01 00 00 00 00 00 F0 BF 94 01 F0 BF DC 01 F0 BF  ................
  0030: 55 03 F0 BF 00 00 99 33 D8 27 F0 BF FC 28 F0 BF  U......3.'...(..
  0040: 74 29 F0 BF 08 2B F0 BF                          t)...+..

XSDT @ 0xbff02bb0
  0000: 58 53 44 54 6C 00 00 00 02 98 46 57 54 53 49 44  XSDTl.....FWTSID
  0010: 52 50 49 34 20 20 20 20 01 00 00 00 46 57 54 53  RPI4    ....FWTS
  0020: 01 00 00 00 00 00 F0 BF 00 00 00 00 94 01 F0 BF  ................
  0030: 00 00 00 00 DC 01 F0 BF 00 00 00 00 55 03 F0 BF  ............U...
  0040: 00 00 00 00 00 00 99 33 00 00 00 00 D8 27 F0 BF  .......3.....'..
  0050: 00 00 00 00 FC 28 F0 BF 00 00 00 00 74 29 F0 BF  .....(......t)..
  0060: 00 00 00 00 08 2B F0 BF 00 00 00 00              .....+......

RSDP @ 0xbff02c2c
  0000: 52 53 44 20 50 54 52 20 0E 46 57 54 53 49 44 02  RSD PTR .FWTSID.
  0010: 00 00 00 00 24 00 00 00 B0 2B F0 BF 00 00 00 00  ....$....+......
  0020: 52 00 00 00                                      R...

