APIC @ 0xbff00000
  0000: 41 50 49 43 84 01 00 00 05 5f 52 50 49 46 44 4e  APIC....._RPIFDN
  0010: 52 50 49 34 20 20 20 20 00 02 00 00 45 44 4b 32  RPI4    ....EDK2
  0020: 00 03 00 00 00 00 00 00 00 00 00 00 0b 50 00 00  .............P..
  0030: 00 00 00 00 00 00 00 00 01 00 00 00 00 00 00 00  ................
  0040: 30 00 00 00 00 00 00 00 00 00 00 00 00 20 84 ff  0............ ..
  0050: 00 00 00 00 00 60 84 ff 00 00 00 00 00 40 84 ff  .....`.......@..
  0060: 00 00 00 00 19 00 00 00 00 00 00 00 00 00 00 00  ................
  0070: 00 00 00 00 00 00 00 00 01 00 00 00 0b 50 00 00  .............P..
  0080: 01 00 00 00 01 00 00 00 01 00 00 00 00 00 00 00  ................
  0090: 31 00 00 00 00 00 00 00 00 00 00 00 00 20 84 ff  1............ ..
  00a0: 00 00 00 00 00 60 84 ff 00 00 00 00 00 40 84 ff  .....`.......@..
  00b0: 00 00 00 00 19 00 00 00 00 00 00 00 00 00 00 00  ................
  00c0: 01 00 00 00 00 00 00 00 01 00 00 00 0b 50 00 00  .............P..
  00d0: 02 00 00 00 02 00 00 00 01 00 00 00 00 00 00 00  ................
  00e0: 32 00 00 00 00 00 00 00 00 00 00 00 00 20 84 ff  2............ ..
  00f0: 00 00 00 00 00 60 84 ff 00 00 00 00 00 40 84 ff  .....`.......@..
  0100: 00 00 00 00 19 00 00 00 00 00 00 00 00 00 00 00  ................
  0110: 02 00 00 00 00 00 00 00 01 00 00 00 0b 50 00 00  .............P..
  0120: 03 00 00 00 03 00 00 00 01 00 00 00 00 00 00 00  ................
  0130: 33 00 00 00 00 00 00 00 00 00 00 00 00 20 84 ff  3............ ..
  0140: 00 00 00 00 00 60 84 ff 00 00 00 00 00 40 84 ff  .....`.......@..
  0150: 00 00 00 00 19 00 00 00 00 00 00 00 00 00 00 00  ................
  0160: 03 00 00 00 00 00 00 00 01 00 00 00 0c 18 00 00  ................
  0170: 00 00 00 00 00 10 84 ff 00 00 00 00 00 00 00 00  ................
  0180: 02 00 00 00                                      ....

CSRT @ 0xbff00194
  0000: 43 53 52 54 69 01 00 00 00 74 52 50 49 46 44 4e  CSRTi....tRPIFDN
  0010: 52 50 49 34 20 20 20 20 00 02 00 00 45 44 4b 32  RPI4    ....EDK2
  0020: 00 03 00 00 45 01 00 00 52 50 49 46 00 00 00 00  ....E...RPIF....
  0030: 09 00 00 00 00 00 00 00 00 00 00 00 3d 00 00 00  ............=...
  0040: 03 00 01 00 00 00 00 00 31 00 00 00 01 00 00 00  ........1.......
  0050: 00 70 00 fe 00 00 00 00 00 0a 00 00 e0 7f 00 fe  .p..............
  0060: 00 00 00 00 08 00 00 00 05 00 00 00 00 00 00 00  ................
  0070: 00 00 00 00 1f 00 00 00 00 18 00 00 00 03 00 00  ................
  0080: 00 01 00 00 00 00 00 00 00 30 00 00 00 00 00 00  .........0......
  0090: 00 18 00 00 00 03 00 00 00 02 00 00 00 01 00 00  ................
  00a0: 00 31 00 00 00 01 00 00 00 18 00 00 00 03 00 00  .1..............
  00b0: 00 03 00 00 00 02 00 00 00 32 00 00 00 01 00 00  .........2......
  00c0: 00 18 00 00 00 03 00 00 00 04 00 00 00 03 00 00  ................
  00d0: 00 33 00 00 00 01 00 00 00 18 00 00 00 03 00 00  .3..............
  00e0: 00 05 00 00 00 04 00 00 00 34 00 00 00 00 00 01  .........4......
  00f0: 00 18 00 00 00 03 00 00 00 06 00 00 00 05 00 00  ................
  0100: 00 35 00 00 00 00 00 00 00 18 00 00 00 03 00 00  .5..............
  0110: 00 07 00 00 00 06 00 00 00 36 00 00 00 01 00 00  .........6......
  0120: 00 18 00 00 00 03 00 00 00 08 00 00 00 07 00 00  ................
  0130: 00 37 00 00 00 01 00 00 00 18 00 00 00 03 00 00  .7..............
  0140: 00 09 00 00 00 08 00 00 00 38 00 00 00 00 00 00  .........8......
  0150: 00 18 00 00 00 03 00 00 00 0a 00 00 00 09 00 00  ................
  0160: 00 39 00 00 00 00 00 00 00                       .9.......

DBG2 @ 0xbff0030d
  0000: 44 42 47 32 5c 00 00 00 00 e5 52 50 49 46 44 4e  DBG2\.....RPIFDN
  0010: 52 50 49 34 20 20 20 20 00 02 00 00 45 44 4b 32  RPI4    ....EDK2
  0020: 00 03 00 00 2c 00 00 00 01 00 00 00 00 30 00 01  ....,........0..
  0030: 0a 00 26 00 00 00 00 00 00 80 03 00 00 00 16 00  ..&.............
  0040: 22 00 00 20 00 03 00 10 20 fe 00 00 00 00 00 10  ".. .... .......
  0050: 00 00 5c 5f 53 42 2e 55 52 54 30 00              ..\_SB.URT0.

DSDT @ 0x33990000
  0000: 44 53 44 54 02 24 00 00 05 b9 52 50 49 46 44 4e  DSDT.$....RPIFDN
  0010: 52 50 49 00 00 00 00 00 02 00 00 00 49 4e 54 4c  RPI.........INTL
  0020: 05 01 18 20 10 8d 3d 02 5f 53 42 5f 5b 82 4d 1e  ... ..=._SB_[.M.
  0030: 50 45 50 44 08 5f 48 49 44 0d 42 43 4d 32 38 35  PEPD._HID.BCM285
  0040: 34 00 08 5f 43 49 44 0d 42 43 4d 32 38 35 34 00  4.._CID.BCM2854.
  0050: 08 5f 55 49 44 00 08 5f 43 52 53 11 05 0a 02 79  ._UID.._CRS....y
  0060: 00 08 5f 47 50 49 11 4c 04 0a 48 01 00 00 00 01  .._GPI.L..H.....
  0070: 00 00 00 5c 00 5f 00 53 00 42 00 2e 00 43 00 50  ...\._.S.B...C.P
  0080: 00 55 00 30 00 00 00 00 00 00 00 00 00 00 00 00  .U.0............
  0090: 00 00 00 00 00 00 00 00 00 00 00 00 00 00 00 00  ................
  00a0: 00 00 00 00 00 00 00 00 00 00 00 00 00 00 00 00  ................
  00b0: 00 00 00 08 5f 47 43 49 11 44 0e 0a e0 01 00 00  ...._GCI.D......
  00c0: 00 01 00 00 00 01 00 00 00 00 00 00 00 06 00 00  ................
  00d0: 00 00 00 00 00 00 00 00 00 00 00 00 00 00 00 00  ................
  00e0: 00 00 00 00 00 00 00 00 00 00 00 00 00 00 00 00  ................
  00f0: 00 00 00 00 00 00 00 00 00 00 00 00 00 00 00 00  ................
  0100: 00 00 00 00 00 00 00 00 00 00 00 00 00 00 00 00  ................
  0110: 00 00 00 00 00 00 00 00 00 00 00 00 00 00 00 00  ................
  0120: 00 00 00 00 00 00 00 00 00 00 00 00 00 00 00 00  ................
  0130: 00 00 00 00 00 00 00 00 00 00 00 00 00 00 00 00  ................
  0140: 00 00 00 00 00 00 00 00 00 00 00 00 00 00 00 00  ................
  0150: 00 00 00 00 00 00 00 00 00 00 00 00 00 00 00 00  ................
  0160: 00 00 00 00 00 00 00 00 00 00 00 00 00 00 00 00  ................
  0170: 00 00 00 00 00 00 00 00 00 00 00 00 00 00 00 00  ................
  0180: 00 00 00 00 00 02 00 00 00 01 00 00 00 00 00 00  ................
  0190: 00 00 00 00 00 01 00 00 00 01 00 00 00 08 5f 47  .............._G
  01a0: 44 49 11 48 07 0a 74 01 00 00 00 01 00 00 00 5c  DI.H..t........\
  01b0: 00 5f 00 53 00 42 00 2e 00 49 00 32 00 43 00 30  ._.S.B...I.2.C.0
  01c0: 00 00 00 00 00 00 00 00 00 00 00 00 00 00 00 00  ................
  01d0: 00 00 00 00 00 00 00 00 00 00 00 00 00 00 00 00  ................
  01e0: 00 00 00 00 00 00 00 00 00 00 00 00 00 00 00 09  ................
  01f0: 00 00 00 01 00 00 00 04 00 00 00 00 00 00 00 00  ................
  0200: 00 00 00 00 00 00 00 00 00 00 00 00 00 00 00 00  ................
  0210: 00 00 00 00 00 00 00 00 00 00 00 5b 82 47 1b 53  ...........[.G.S
  0220: 43 42 30 08 5f 48 49 44 0d 41 43 50 49 30 30 30  CB0._HID.ACPI000
  0230: 34 00 08 5f 55 49 44 00 08 5f 43 43 41 00 14 43  4.._UID.._CCA..C
  0240: 07 5f 43 52 53 08 08 52 42 55 46 11 33 0a 30 8a  ._CRS..RBUF.3.0.
  0250: 2b 00 00 0c 01 00 00 00 00 00 00 00 00 00 00 00  +...............
  0260: 00 06 00 00 00 00 00 00 00 06 00 00 00 00 00 00  ................
  0270: 00 00 00 00 00 01 00 00 00 00 00 00 00 79 00 8f  .............y..
  0280: 52 42 55 46 0a 16 4d 4d 42 45 8f 52 42 55 46 0a  RBUF..MMBE.RBUF.
  0290: 26 4d 4d 4c 45 72 4d 4d 42 45 0b ff 0f 4d 4d 42  &MMLErMMBE...MMB
  02a0: 45 72 4d 4d 4c 45 0b ff 0f 4d 4d 4c 45 a4 52 42  ErMMLE...MMLE.RB
  02b0: 55 46 08 5f 44 4d 41 11 33 0a 30 8a 2b 00 00 0d  UF._DMA.3.0.+...
  02c0: 01 00 00 00 00 00 00 00 00 00 00 00 00 00 00 00  ................
  02d0: 00 ff ff ff bf 00 00 00 00 00 00 00 00 00 00 00  ................
  02e0: 00 00 00 00 c0 00 00 00 00 79 00 5b 82 47 0e 58  .........y.[.G.X
  02f0: 48 43 30 08 5f 48 49 44 0d 50 4e 50 30 44 31 30  HC0._HID.PNP0D10
  0300: 00 08 5f 55 49 44 00 08 5f 43 43 41 00 14 4c 07  .._UID.._CCA..L.
  0310: 5f 43 52 53 08 08 52 42 55 46 11 3c 0a 39 8a 2b  _CRS..RBUF.<.9.+
  0320: 00 00 0d 01 00 00 00 00 00 00 00 00 00 00 00 00  ................
  0330: 06 00 00 00 00 00 00 00 06 00 00 00 00 00 00 00  ................
  0340: 00 00 00 00 01 00 00 00 00 00 00 00 89 06 00 01  ................
  0350: 01 af 00 00 00 79 00 8f 52 42 55 46 0a 16 4d 4d  .....y..RBUF..MM
  0360: 42 45 8f 52 42 55 46 0a 26 4d 4d 4c 45 72 4d 4d  BE.RBUF.&MMLErMM
  0370: 42 45 0b ff 0f 4d 4d 42 45 72 4d 4d 4c 45 0b ff  BE...MMBErMMLE..
  0380: 0f 4d 4d 4c 45 a4 52 42 55 46 14 49 04 5f 49 4e  .MMLE.RBUF.I._IN
  0390: 49 08 5b 80 50 43 46 47 00 0c 00 80 50 fd 0b 00  I.[.PCFG....P...
  03a0: 10 5b 81 1a 50 43 46 47 00 56 4e 49 44 10 44 56  .[..PCFG.VNID.DV
  03b0: 49 44 10 43 4d 4e 44 10 53 54 41 54 10 70 0d 78  ID.CMND.STAT.p.x
  03c0: 48 43 49 20 65 6e 61 62 6c 65 00 5b 31 70 0a 06  HCI enable.[1p..
  03d0: 43 4d 4e 44 5b 82 24 43 50 55 30 08 5f 48 49 44  CMND[.$CPU0._HID
  03e0: 0d 41 43 50 49 30 30 30 37 00 08 5f 55 49 44 00  .ACPI0007.._UID.
  03f0: 14 09 5f 53 54 41 00 a4 0a 0f 5b 82 24 43 50 55  .._STA....[.$CPU
  0400: 31 08 5f 48 49 44 0d 41 43 50 49 30 30 30 37 00  1._HID.ACPI0007.
  0410: 08 5f 55 49 44 01 14 09 5f 53 54 41 00 a4 0a 0f  ._UID..._STA....
  0420: 5b 82 25 43 50 55 32 08 5f 48 49 44 0d 41 43 50  [.%CPU2._HID.ACP
  0430: 49 30 30 30 37 00 08 5f 55 49 44 0a 02 14 09 5f  I0007.._UID...._
  0440: 53 54 41 00 a4 0a 0f 5b 82 25 43 50 55 33 08 5f  STA....[.%CPU3._
  0450: 48 49 44 0d 41 43 50 49 30 30 30 37 00 08 5f 55  HID.ACPI0007.._U
  0460: 49 44 0a 03 14 09 5f 53 54 41 00 a4 0a 0f 5b 82  ID...._STA....[.
  0470: 81 ed 01 47 44 56 30 08 5f 48 49 44 0d 41 43 50  ...GDV0._HID.ACP
  0480: 49 30 30 30 34 00 08 5f 55 49 44 01 08 5f 43 43  I0004.._UID.._CC
  0490: 41 00 14 46 9f 5f 43 52 53 08 08 52 42 55 46 11  A..F._CRS..RBUF.
  04a0: 4b 3f 0b f6 03 8a 2b 00 00 0c 01 00 00 00 00 00  K?....+.........
  04b0: 00 00 00 00 00 00 00 00 00 00 00 00 00 00 00 00  ................
  04c0: 00 00 00 00 00 00 00 00 00 00 00 01 00 00 00 00  ................
  04d0: 00 00 00 8a 2b 00 00 0c 01 00 00 00 00 00 00 00  ....+...........
  04e0: 00 00 00 00 00 00 00 00 00 00 00 00 00 00 00 00  ................
  04f0: 00 00 00 00 00 00 00 00 00 01 00 00 00 00 00 00  ................
  0500: 00 8a 2b 00 00 0c 01 00 00 00 00 00 00 00 00 00  ..+.............
  0510: 00 00 00 00 00 00 00 00 00 00 00 00 00 00 00 00  ................
  0520: 00 00 00 00 00 00 00 01 00 00 00 00 00 00 00 8a  ................
  0530: 2b 00 00 0c 01 00 00 00 00 00 00 00 00 00 00 00  +...............
  0540: 00 00 00 00 00 00 00 00 00 00 00 00 00 00 00 00  ................
  0550: 00 00 00 00 00 01 00 00 00 00 00 00 00 8a 2b 00  ..............+.
  0560: 00 0c 01 00 00 00 00 00 00 00 00 00 00 00 00 00  ................
  0570: 00 00 00 00 00 00 00 00 00 00 00 00 00 00 00 00  ................
  0580: 00 00 00 01 00 00 00 00 00 00 00 8a 2b 00 00 0c  ............+...
  0590: 01 00 00 00 00 00 00 00 00 00 00 00 00 00 00 00  ................
  05a0: 00 00 00 00 00 00 00 00 00 00 00 00 00 00 00 00  ................
  05b0: 00 01 00 00 00 00 00 00 00 8a 2b 00 00 0c 01 00  ..........+.....
  05c0: 00 00 00 00 00 00 00 00 00 00 00 00 00 00 00 00  ................
  05d0: 00 00 00 00 00 00 00 00 00 00 00 00 00 00 00 01  ................
  05e0: 00 00 00 00 00 00 00 8a 2b 00 00 0c 01 00 00 00  ........+.......
  05f0: 00 00 00 00 00 00 00 00 00 00 00 00 00 00 00 00  ................
  0600: 00 00 00 00 00 00 00 00 00 00 00 00 00 01 00 00  ................
  0610: 00 00 00 00 00 8a 2b 00 00 0c 01 00 00 00 00 00  ......+.........
  0620: 00 00 00 00 00 00 00 00 00 00 00 00 00 00 00 00  ................
  0630: 00 00 00 00 00 00 00 00 00 00 00 01 00 00 00 00  ................
  0640: 00 00 00 8a 2b 00 00 0c 01 00 00 00 00 00 00 00  ....+...........
  0650: 00 00 00 00 00 00 00 00 00 00 00 00 00 00 00 00  ................
  0660: 00 00 00 00 00 00 00 00 00 01 00 00 00 00 00 00  ................
  0670: 00 8a 2b 00 00 0c 01 00 00 00 00 00 00 00 00 00  ..+.............
  0680: 00 00 00 00 00 00 00 00 00 00 00 00 00 00 00 00  ................
  0690: 00 00 00 00 00 00 00 01 00 00 00 00 00 00 00 8a  ................
  06a0: 2b 00 00 0c 01 00 00 00 00 00 00 00 00 00 00 00  +...............
  06b0: 00 00 00 00 00 00 00 00 00 00 00 00 00 00 00 00  ................
  06c0: 00 00 00 00 00 01 00 00 00 00 00 00 00 8a 2b 00  ..............+.
  06d0: 00 0c 01 00 00 00 00 00 00 00 00 00 00 00 00 00  ................
  06e0: 00 00 00 00 00 00 00 00 00 00 00 00 00 00 00 00  ................
  06f0: 00 00 00 01 00 00 00 00 00 00 00 8a 2b 00 00 0c  ............+...
  0700: 01 00 00 00 00 00 00 00 00 00 00 00 00 00 00 00  ................
  0710: 00 00 00 00 00 00 00 00 00 00 00 00 00 00 00 00  ................
  0720: 00 01 00 00 00 00 00 00 00 8a 2b 00 00 0c 01 00  ..........+.....
  0730: 00 00 00 00 00 00 00 00 00 00 00 00 00 00 00 00  ................
  0740: 00 00 00 00 00 00 00 00 00 00 00 00 00 00 00 01  ................
  0750: 00 00 00 00 00 00 00 8a 2b 00 00 0c 01 00 00 00  ........+.......
  0760: 00 00 00 00 00 00 00 00 00 00 00 00 00 00 00 00  ................
  0770: 00 00 00 00 00 00 00 00 00 00 00 00 00 01 00 00  ................
  0780: 00 00 00 00 00 8a 2b 00 00 0c 01 00 00 00 00 00  ......+.........
  0790: 00 00 00 00 00 00 00 00 00 00 00 00 00 00 00 00  ................
  07a0: 00 00 00 00 00 00 00 00 00 00 00 01 00 00 00 00  ................
  07b0: 00 00 00 8a 2b 00 00 0c 01 00 00 00 00 00 00 00  ....+...........
  07c0: 00 00 00 00 00 00 00 00 00 00 00 00 00 00 00 00  ................
  07d0: 00 00 00 00 00 00 00 00 00 01 00 00 00 00 00 00  ................
  07e0: 00 8a 2b 00 00 0c 01 00 00 00 00 00 00 00 00 00  ..+.............
  07f0: 00 00 00 00 00 00 00 00 00 00 00 00 00 00 00 00  ................
  0800: 00 00 00 00 00 00 00 01 00 00 00 00 00 00 00 8a  ................
  0810: 2b 00 00 0c 01 00 00 00 00 00 00 00 00 00 00 00  +...............
  0820: 00 00 00 00 00 00 00 00 00 00 00 00 00 00 00 00  ................
  0830: 00 00 00 00 00 01 00 00 00 00 00 00 00 8a 2b 00  ..............+.
  0840: 00 0c 01 00 00 00 00 00 00 00 00 00 00 00 00 00  ................
  0850: 00 00 00 00 00 00 00 00 00 00 00 00 00 00 00 00  ................
  0860: 00 00 00 01 00 00 00 00 00 00 00 8a 2b 00 00 0c  ............+...
  0870: 01 00 00 00 00 00 00 00 00 00 00 00 00 00 00 00  ................
  0880: 00 00 00 00 00 00 00 00 00 00 00 00 00 00 00 00  ................
  0890: 00 01 00 00 00 00 00 00 00 79 00 8f 52 42 55 46  .........y..RBUF
  08a0: 0a 0e 4d 49 30 31 8f 52 42 55 46 0a 16 4d 41 30  ..MI01.RBUF..MA0
  08b0: 31 8f 52 42 55 46 0a 26 4c 45 30 31 70 0c 00 00  1.RBUF.&LE01p...
  08c0: 01 00 4c 45 30 31 70 0c 00 00 98 fe 4d 49 30 31  ..LE01p.....MI01
  08d0: 72 4d 49 30 31 74 4c 45 30 31 01 00 4d 41 30 31  rMI01tLE01..MA01
  08e0: 8f 52 42 55 46 0a 3c 4d 49 30 32 8f 52 42 55 46  .RBUF.<MI02.RBUF
  08f0: 0a 44 4d 41 30 32 8f 52 42 55 46 0a 54 4c 45 30  .DMA02.RBUF.TLE0
  0900: 32 70 0b 00 10 4c 45 30 32 70 0c 00 00 c0 fe 4d  2p...LE02p.....M
  0910: 49 30 32 72 4d 49 30 32 74 4c 45 30 32 01 00 4d  I02rMI02tLE02..M
  0920: 41 30 32 8f 52 42 55 46 0a 6a 4d 49 30 33 8f 52  A02.RBUF.jMI03.R
  0930: 42 55 46 0a 72 4d 41 30 33 8f 52 42 55 46 0a 82  BUF.rMA03.RBUF..
  0940: 4c 45 30 33 70 0b 00 60 4c 45 30 33 70 0c 00 00  LE03p..`LE03p...
  0950: 40 fe 4d 49 30 33 72 4d 49 30 33 74 4c 45 30 33  @.MI03rMI03tLE03
  0960: 01 00 4d 41 30 33 8f 52 42 55 46 0a 98 4d 49 30  ..MA03.RBUF..MI0
  0970: 36 8f 52 42 55 46 0a a0 4d 41 30 36 8f 52 42 55  6.RBUF..MA06.RBU
  0980: 46 0a b0 4c 45 30 36 70 0b 00 01 4c 45 30 36 70  F..LE06p...LE06p
  0990: 0c 00 70 80 fe 4d 49 30 36 72 4d 49 30 36 74 4c  ..p..MI06rMI06tL
  09a0: 45 30 36 01 00 4d 41 30 36 8f 52 42 55 46 0a c6  E06..MA06.RBUF..
  09b0: 4d 49 30 37 8f 52 42 55 46 0a ce 4d 41 30 37 8f  MI07.RBUF..MA07.
  09c0: 52 42 55 46 0a de 4c 45 30 37 70 0b 00 06 4c 45  RBUF..LE07p...LE
  09d0: 30 37 70 0c 00 20 90 fe 4d 49 30 37 72 4d 49 30  07p.. ..MI07rMI0
  09e0: 37 74 4c 45 30 37 01 00 4d 41 30 37 8f 52 42 55  7tLE07..MA07.RBU
  09f0: 46 0a f4 4d 49 30 38 8f 52 42 55 46 0a fc 4d 41  F..MI08.RBUF..MA
  0a00: 30 38 8f 52 42 55 46 0b 0c 01 4c 45 30 38 70 0b  08.RBUF...LE08p.
  0a10: 00 01 4c 45 30 38 70 0c 00 80 80 fe 4d 49 30 38  ..LE08p.....MI08
  0a20: 72 4d 49 30 38 74 4c 45 30 38 01 00 4d 41 30 38  rMI08tLE08..MA08
  0a30: 8f 52 42 55 46 0b 22 01 4d 49 30 39 8f 52 42 55  .RBUF.".MI09.RBU
  0a40: 46 0b 2a 01 4d 41 30 39 8f 52 42 55 46 0b 3a 01  F.*.MA09.RBUF.:.
  0a50: 4c 45 30 39 70 0a 24 4c 45 30 39 70 0c 80 b8 00  LE09p.$LE09p....
  0a60: fe 4d 49 30 39 72 4d 49 30 39 74 4c 45 30 39 01  .MI09rMI09tLE09.
  0a70: 00 4d 41 30 39 8f 52 42 55 46 0b 50 01 4d 49 31  .MA09.RBUF.P.MI1
  0a80: 30 8f 52 42 55 46 0b 58 01 4d 41 31 30 8f 52 42  0.RBUF.X.MA10.RB
  0a90: 55 46 0b 68 01 4c 45 31 30 70 0a 10 4c 45 31 30  UF.h.LE10p..LE10
  0aa0: 70 0c 40 b8 00 fe 4d 49 31 30 72 4d 49 31 30 74  p.@...MI10rMI10t
  0ab0: 4c 45 31 30 01 00 4d 41 31 30 8f 52 42 55 46 0b  LE10..MA10.RBUF.
  0ac0: 7e 01 4d 49 31 31 8f 52 42 55 46 0b 86 01 4d 41  ~.MI11.RBUF...MA
  0ad0: 31 31 8f 52 42 55 46 0b 96 01 4c 45 31 31 70 0a  11.RBUF...LE11p.
  0ae0: b4 4c 45 31 31 70 0c 00 00 20 fe 4d 49 31 31 72  .LE11p... .MI11r
  0af0: 4d 49 31 31 74 4c 45 31 31 01 00 4d 41 31 31 8f  MI11tLE11..MA11.
  0b00: 52 42 55 46 0b ac 01 4d 49 31 32 8f 52 42 55 46  RBUF...MI12.RBUF
  0b10: 0b b4 01 4d 41 31 32 8f 52 42 55 46 0b c4 01 4c  ...MA12.RBUF...L
  0b20: 45 31 32 70 0a 20 4c 45 31 32 70 0c 00 40 80 fe  E12p. LE12p..@..
  0b30: 4d 49 31 32 72 4d 49 31 32 74 4c 45 31 32 01 00  MI12rMI12tLE12..
  0b40: 4d 41 31 32 8f 52 42 55 46 0b da 01 4d 49 31 33  MA12.RBUF...MI13
  0b50: 8f 52 42 55 46 0b e2 01 4d 41 31 33 8f 52 42 55  .RBUF...MA13.RBU
  0b60: 46 0b f2 01 4c 45 31 33 70 0a 20 4c 45 31 33 70  F...LE13p. LE13p
  0b70: 0c 00 50 80 fe 4d 49 31 33 72 4d 49 31 33 74 4c  ..P..MI13rMI13tL
  0b80: 45 31 33 01 00 4d 41 31 33 8f 52 42 55 46 0b 08  E13..MA13.RBUF..
  0b90: 02 4d 49 31 34 8f 52 42 55 46 0b 10 02 4d 41 31  .MI14.RBUF...MA1
  0ba0: 34 8f 52 42 55 46 0b 20 02 4c 45 31 34 70 0a 20  4.RBUF. .LE14p. 
  0bb0: 4c 45 31 34 70 0c 00 40 20 fe 4d 49 31 34 72 4d  LE14p..@ .MI14rM
  0bc0: 49 31 34 74 4c 45 31 34 01 00 4d 41 31 34 8f 52  I14tLE14..MA14.R
  0bd0: 42 55 46 0b 36 02 4d 49 31 35 8f 52 42 55 46 0b  BUF.6.MI15.RBUF.
  0be0: 3e 02 4d 41 31 35 8f 52 42 55 46 0b 4e 02 4c 45  >.MA15.RBUF.N.LE
  0bf0: 31 35 70 0a 40 4c 45 31 35 70 0c 80 50 21 fe 4d  15p.@LE15p..P!.M
  0c00: 49 31 35 72 4d 49 31 35 74 4c 45 31 35 01 00 4d  I15rMI15tLE15..M
  0c10: 41 31 35 8f 52 42 55 46 0b 64 02 4d 49 31 37 8f  A15.RBUF.d.MI17.
  0c20: 52 42 55 46 0b 6c 02 4d 41 31 37 8f 52 42 55 46  RBUF.l.MA17.RBUF
  0c30: 0b 7c 02 4c 45 31 37 70 0b 00 01 4c 45 31 37 70  .|.LE17p...LE17p
  0c40: 0c 00 7b 00 fe 4d 49 31 37 72 4d 49 31 37 74 4c  ..{..MI17rMI17tL
  0c50: 45 31 37 01 00 4d 41 31 37 8f 52 42 55 46 0b 92  E17..MA17.RBUF..
  0c60: 02 4d 49 31 38 8f 52 42 55 46 0b 9a 02 4d 41 31  .MI18.RBUF...MA1
  0c70: 38 8f 52 42 55 46 0b aa 02 4c 45 31 38 70 0a 28  8.RBUF...LE18p.(
  0c80: 4c 45 31 38 70 0c 00 c0 20 fe 4d 49 31 38 72 4d  LE18p... .MI18rM
  0c90: 49 31 38 74 4c 45 31 38 01 00 4d 41 31 38 8f 52  I18tLE18..MA18.R
  0ca0: 42 55 46 0b c0 02 4d 49 31 39 8f 52 42 55 46 0b  BUF...MI19.RBUF.
  0cb0: c8 02 4d 41 31 39 8f 52 42 55 46 0b d8 02 4c 45  ..MA19.RBUF...LE
  0cc0: 31 39 70 0c 00 c0 20 7e 4d 49 31 39 70 0a 28 4c  19p... ~MI19p.(L
  0cd0: 45 31 39 72 4d 49 31 39 74 4c 45 31 39 01 00 4d  E19rMI19tLE19..M
  0ce0: 41 31 39 8f 52 42 55 46 0b ee 02 4d 49 32 30 8f  A19.RBUF...MI20.
  0cf0: 52 42 55 46 0b f6 02 4d 41 32 30 8f 52 42 55 46  RBUF...MA20.RBUF
  0d00: 0b 06 03 4c 45 32 30 70 0c 00 c0 20 ff 4d 49 32  ...LE20p... .MI2
  0d10: 30 70 0a 28 4c 45 32 30 72 4d 49 32 30 74 4c 45  0p.(LE20rMI20tLE
  0d20: 32 30 01 00 4d 41 32 30 8f 52 42 55 46 0b 1c 03  20..MA20.RBUF...
  0d30: 4d 49 32 31 8f 52 42 55 46 0b 24 03 4d 41 32 31  MI21.RBUF.$.MA21
  0d40: 8f 52 42 55 46 0b 34 03 4c 45 32 31 70 0a 08 4c  .RBUF.4.LE21p..L
  0d50: 45 32 31 70 0c a0 10 10 fe 4d 49 32 31 72 4d 49  E21p.....MI21rMI
  0d60: 32 31 74 4c 45 32 31 01 00 4d 41 32 31 8f 52 42  21tLE21..MA21.RB
  0d70: 55 46 0b 4a 03 4d 49 32 32 8f 52 42 55 46 0b 52  UF.J.MI22.RBUF.R
  0d80: 03 4d 41 32 32 8f 52 42 55 46 0b 62 03 4c 45 32  .MA22.RBUF.b.LE2
  0d90: 32 70 0b 00 10 4c 45 32 32 70 0c 00 10 20 fe 4d  2p...LE22p... .M
  0da0: 49 32 32 72 4d 49 32 32 74 4c 45 32 32 01 00 4d  I22rMI22tLE22..M
  0db0: 41 32 32 8f 52 42 55 46 0b 78 03 4d 49 32 33 8f  A22.RBUF.x.MI23.
  0dc0: 52 42 55 46 0b 80 03 4d 41 32 33 8f 52 42 55 46  RBUF...MA23.RBUF
  0dd0: 0b 90 03 4c 45 32 33 70 0a 70 4c 45 32 33 70 0c  ...LE23p.pLE23p.
  0de0: 00 50 21 fe 4d 49 32 33 72 4d 49 32 33 74 4c 45  .P!.MI23rMI23tLE
  0df0: 32 33 01 00 4d 41 32 33 8f 52 42 55 46 0b a6 03  23..MA23.RBUF...
  0e00: 4d 49 32 34 8f 52 42 55 46 0b ae 03 4d 41 32 34  MI24.RBUF...MA24
  0e10: 8f 52 42 55 46 0b be 03 4c 45 32 34 70 0b 00 01  .RBUF...LE24p...
  0e20: 4c 45 32 34 70 0c 00 00 30 fe 4d 49 32 34 72 4d  LE24p...0.MI24rM
  0e30: 49 32 34 74 4c 45 32 34 01 00 4d 41 32 34 8f 52  I24tLE24..MA24.R
  0e40: 42 55 46 0b d4 03 4d 49 32 35 8f 52 42 55 46 0b  BUF...MI25.RBUF.
  0e50: dc 03 4d 41 32 35 8f 52 42 55 46 0b ec 03 4c 45  ..MA25.RBUF...LE
  0e60: 32 35 70 0b 00 01 4c 45 32 35 70 0c 00 20 20 fe  25p...LE25p..  .
  0e70: 4d 49 32 35 72 4d 49 32 35 74 4c 45 32 35 01 00  MI25rMI25tLE25..
  0e80: 4d 41 32 35 a4 52 42 55 46 08 5f 44 4d 41 11 33  MA25.RBUF._DMA.3
  0e90: 0a 30 8a 2b 00 00 0d 01 00 00 00 00 00 00 00 00  .0.+............
  0ea0: 00 00 00 c0 00 00 00 00 ff ff ff ff 00 00 00 00  ................
  0eb0: 00 00 00 40 ff ff ff ff 00 00 00 40 00 00 00 00  ...@.......@....
  0ec0: 79 00 5b 82 46 08 55 53 42 30 08 5f 48 49 44 0d  y.[.F.USB0._HID.
  0ed0: 42 43 4d 32 38 34 38 00 08 5f 43 49 44 12 15 02  BCM2848.._CID...
  0ee0: 0d 44 57 43 5f 4f 54 47 00 0d 44 57 43 32 5f 4f  .DWC_OTG..DWC2_O
  0ef0: 54 47 00 08 5f 55 49 44 00 08 5f 43 43 41 00 14  TG.._UID.._CCA..
  0f00: 09 5f 53 54 41 00 a4 0a 0f 08 52 42 55 46 11 1a  ._STA.....RBUF..
  0f10: 0a 17 86 09 00 01 00 00 00 00 00 00 01 00 89 06  ................
  0f20: 00 01 01 69 00 00 00 79 00 14 20 5f 43 52 53 08  ...i...y.. _CRS.
  0f30: 8a 52 42 55 46 0a 04 52 42 41 53 70 0c 00 00 98  .RBUF..RBASp....
  0f40: fe 52 42 41 53 a4 52 42 55 46 5b 82 46 1a 47 50  .RBAS.RBUF[.F.GP
  0f50: 55 30 08 5f 48 49 44 0d 42 43 4d 32 38 35 30 00  U0._HID.BCM2850.
  0f60: 08 5f 43 49 44 0d 56 43 34 00 08 5f 55 49 44 00  ._CID.VC4.._UID.
  0f70: 08 5f 43 43 41 00 14 09 5f 53 54 41 00 a4 0a 0f  ._CCA..._STA....
  0f80: 08 52 42 55 46 11 46 09 0a 92 86 09 00 01 00 00  .RBUF.F.........
  0f90: 00 00 00 10 00 00 89 06 00 01 01 2a 00 00 00 86  ...........*....
  0fa0: 09 00 01 00 00 00 00 00 60 00 00 86 09 00 01 00  ........`.......
  0fb0: 00 00 00 00 01 00 00 89 06 00 01 01 4a 00 00 00  ............J...
  0fc0: 86 09 00 01 00 00 00 00 00 06 00 00 86 09 00 01  ................
  0fd0: 00 00 00 00 00 01 00 00 8e 1e 00 01 00 01 02 00  ................
  0fe0: 00 01 06 00 a0 86 01 00 50 00 5c 5f 53 42 2e 47  ........P.\_SB.G
  0ff0: 44 56 30 2e 49 32 43 32 00 8e 1e 00 01 00 01 02  DV0.I2C2........
  1000: 00 00 01 06 00 a0 86 01 00 30 00 5c 5f 53 42 2e  .........0.\_SB.
  1010: 47 44 56 30 2e 49 32 43 32 00 79 00 14 45 07 5f  GDV0.I2C2.y..E._
  1020: 43 52 53 08 8a 52 42 55 46 0a 04 52 42 30 31 70  CRS..RBUF..RB01p
  1030: 0c 00 00 c0 fe 52 42 30 31 8a 52 42 55 46 0a 19  .....RB01.RBUF..
  1040: 52 42 30 32 70 0c 00 00 40 fe 52 42 30 32 8a 52  RB02p...@.RB02.R
  1050: 42 55 46 0a 25 52 42 30 35 70 0c 00 70 80 fe 52  BUF.%RB05p..p..R
  1060: 42 30 35 8a 52 42 55 46 0a 3a 52 42 30 36 70 0c  B05.RBUF.:RB06p.
  1070: 00 20 90 fe 52 42 30 36 8a 52 42 55 46 0a 46 52  . ..RB06.RBUF.FR
  1080: 42 30 37 70 0c 00 80 80 fe 52 42 30 37 a4 52 42  B07p.....RB07.RB
  1090: 55 46 14 4f 05 50 4d 43 44 08 08 52 42 55 46 12  UF.O.PMCD..RBUF.
  10a0: 4d 04 03 01 01 12 47 04 01 12 43 04 07 00 00 00  M.....G...C.....
  10b0: 11 13 0a 10 26 1e 2d 9b 75 15 47 47 8f c0 b9 eb  ....&.-.u.GG....
  10c0: 4b aa 2d 2b 0d 56 43 34 5f 45 6e 67 69 6e 65 5f  K.-+.VC4_Engine_
  10d0: 30 30 00 0a 02 12 17 02 12 09 03 00 00 0c 90 76  00.............v
  10e0: 12 00 12 0a 03 0b 10 27 0b 10 27 0a 04 a4 52 42  .......'..'...RB
  10f0: 55 46 5b 82 46 07 52 50 49 51 08 5f 48 49 44 0d  UF[.F.RPIQ._HID.
  1100: 42 43 4d 32 38 34 39 00 08 5f 43 49 44 0d 52 50  BCM2849.._CID.RP
  1110: 49 51 00 08 5f 55 49 44 00 08 5f 43 43 41 00 14  IQ.._UID.._CCA..
  1120: 09 5f 53 54 41 00 a4 0a 0f 08 52 42 55 46 11 1a  ._STA.....RBUF..
  1130: 0a 17 86 09 00 01 00 00 00 00 24 00 00 00 89 06  ..........$.....
  1140: 00 01 01 41 00 00 00 79 00 14 20 5f 43 52 53 08  ...A...y.. _CRS.
  1150: 8a 52 42 55 46 0a 04 52 42 41 53 70 0c 80 b8 00  .RBUF..RBASp....
  1160: fe 52 42 41 53 a4 52 42 55 46 5b 82 42 08 56 43  .RBAS.RBUF[.B.VC
  1170: 49 51 08 5f 48 49 44 0d 42 43 4d 32 38 33 35 00  IQ._HID.BCM2835.
  1180: 08 5f 43 49 44 0d 56 43 49 51 00 08 5f 55 49 44  ._CID.VCIQ.._UID
  1190: 00 08 5f 43 43 41 00 08 5f 44 45 50 12 06 01 52  .._CCA.._DEP...R
  11a0: 50 49 51 14 09 5f 53 54 41 00 a4 0a 0f 08 52 42  PIQ.._STA.....RB
  11b0: 55 46 11 1a 0a 17 86 09 00 01 00 00 00 00 10 00  UF..............
  11c0: 00 00 89 06 00 01 01 42 00 00 00 79 00 14 20 5f  .......B...y.. _
  11d0: 43 52 53 08 8a 52 42 55 46 0a 04 52 42 41 53 70  CRS..RBUF..RBASp
  11e0: 0c 40 b8 00 fe 52 42 41 53 a4 52 42 55 46 5b 82  .@...RBAS.RBUF[.
  11f0: 41 04 56 43 53 4d 08 5f 48 49 44 0d 42 43 4d 32  A.VCSM._HID.BCM2
  1200: 38 35 36 00 08 5f 43 49 44 0d 56 43 53 4d 00 08  856.._CID.VCSM..
  1210: 5f 55 49 44 00 08 5f 43 43 41 00 08 5f 44 45 50  _UID.._CCA.._DEP
  1220: 12 06 01 56 43 49 51 14 09 5f 53 54 41 00 a4 0a  ...VCIQ.._STA...
  1230: 0f 5b 82 45 08 47 50 49 30 08 5f 48 49 44 0d 42  .[.E.GPI0._HID.B
  1240: 43 4d 32 38 34 35 00 08 5f 43 49 44 0d 42 43 4d  CM2845.._CID.BCM
  1250: 47 50 49 4f 00 08 5f 55 49 44 00 08 5f 43 43 41  GPIO.._UID.._CCA
  1260: 00 14 09 5f 53 54 41 00 a4 0a 0f 08 52 42 55 46  ..._STA.....RBUF
  1270: 11 26 0a 23 86 09 00 01 00 00 00 00 b4 00 00 00  .&.#............
  1280: 89 12 00 09 04 91 00 00 00 92 00 00 00 93 00 00  ................
  1290: 00 94 00 00 00 79 00 14 20 5f 43 52 53 08 8a 52  .....y.. _CRS..R
  12a0: 42 55 46 0a 04 52 42 41 53 70 0c 00 00 20 fe 52  BUF..RBASp... .R
  12b0: 42 41 53 a4 52 42 55 46 5b 82 4d 09 49 32 43 31  BAS.RBUF[.M.I2C1
  12c0: 08 5f 48 49 44 0d 42 43 4d 32 38 34 31 00 08 5f  ._HID.BCM2841.._
  12d0: 43 49 44 0d 42 43 4d 49 32 43 00 08 5f 55 49 44  CID.BCMI2C.._UID
  12e0: 01 08 5f 43 43 41 00 14 09 5f 53 54 41 00 a4 0a  .._CCA..._STA...
  12f0: 0f 08 52 42 55 46 11 3f 0a 3c 86 09 00 01 00 00  ..RBUF.?.<......
  1300: 00 00 20 00 00 00 89 06 00 09 01 95 00 00 00 8d  .. .............
  1310: 22 00 01 00 00 01 04 00 12 00 00 16 00 25 00 00  "............%..
  1320: 00 02 00 03 00 5c 5f 53 42 2e 47 44 56 30 2e 47  .....\_SB.GDV0.G
  1330: 50 49 30 00 79 00 14 20 5f 43 52 53 08 8a 52 42  PI0.y.. _CRS..RB
  1340: 55 46 0a 04 52 42 41 53 70 0c 00 40 80 fe 52 42  UF..RBASp..@..RB
  1350: 41 53 a4 52 42 55 46 5b 82 49 07 49 32 43 32 08  AS.RBUF[.I.I2C2.
  1360: 5f 48 49 44 0d 42 43 4d 32 38 34 31 00 08 5f 43  _HID.BCM2841.._C
  1370: 49 44 0d 42 43 4d 49 32 43 00 08 5f 55 49 44 0a  ID.BCMI2C.._UID.
  1380: 02 08 5f 43 43 41 00 14 09 5f 53 54 41 00 a4 0a  .._CCA..._STA...
  1390: 0f 08 52 42 55 46 11 1a 0a 17 86 09 00 01 00 00  ..RBUF..........
  13a0: 00 00 20 00 00 00 89 06 00 09 01 95 00 00 00 79  .. ............y
  13b0: 00 14 20 5f 43 52 53 08 8a 52 42 55 46 0a 04 52  .. _CRS..RBUF..R
  13c0: 42 41 53 70 0c 00 50 80 fe 52 42 41 53 a4 52 42  BASp..P..RBAS.RB
  13d0: 55 46 5b 82 47 0e 53 50 49 30 08 5f 48 49 44 0d  UF[.G.SPI0._HID.
  13e0: 42 43 4d 32 38 33 38 00 08 5f 43 49 44 0d 42 43  BCM2838.._CID.BC
  13f0: 4d 53 50 49 30 00 08 5f 55 49 44 00 08 5f 43 43  MSPI0.._UID.._CC
  1400: 41 00 14 09 5f 53 54 41 00 a4 0a 0f 08 52 42 55  A..._STA.....RBU
  1410: 46 11 48 08 0a 84 86 09 00 01 00 00 00 00 20 00  F.H........... .
  1420: 00 00 89 06 00 09 01 96 00 00 00 8d 24 00 01 00  ............$...
  1430: 00 02 04 00 12 00 00 18 00 27 00 00 00 09 00 0a  .........'......
  1440: 00 0b 00 5c 5f 53 42 2e 47 44 56 30 2e 47 50 49  ...\_SB.GDV0.GPI
  1450: 30 00 8d 20 00 01 00 00 01 04 00 12 00 00 14 00  0.. ............
  1460: 23 00 00 00 08 00 5c 5f 53 42 2e 47 44 56 30 2e  #.....\_SB.GDV0.
  1470: 47 50 49 30 00 8d 20 00 01 00 00 01 04 00 12 00  GPI0.. .........
  1480: 00 14 00 23 00 00 00 07 00 5c 5f 53 42 2e 47 44  ...#.....\_SB.GD
  1490: 56 30 2e 47 50 49 30 00 79 00 14 20 5f 43 52 53  V0.GPI0.y.. _CRS
  14a0: 08 8a 52 42 55 46 0a 04 52 42 41 53 70 0c 00 40  ..RBUF..RBASp..@
  14b0: 20 fe 52 42 41 53 a4 52 42 55 46 5b 82 42 0d 53   .RBAS.RBUF[.B.S
  14c0: 50 49 31 08 5f 48 49 44 0d 42 43 4d 32 38 33 39  PI1._HID.BCM2839
  14d0: 00 08 5f 43 49 44 0d 42 43 4d 41 55 58 53 50 49  .._CID.BCMAUXSPI
  14e0: 00 08 5f 55 49 44 01 08 5f 43 43 41 00 08 5f 44  .._UID.._CCA.._D
  14f0: 45 50 12 06 01 52 50 49 51 14 09 5f 53 54 41 00  EP...RPIQ.._STA.
  1500: a4 0a 0f 08 52 42 55 46 11 45 06 0a 61 86 09 00  ....RBUF.E..a...
  1510: 01 00 00 00 00 40 00 00 00 89 06 00 09 01 7d 00  .....@........}.
  1520: 00 00 8d 24 00 01 00 00 02 03 00 12 00 00 18 00  ...$............
  1530: 27 00 00 00 13 00 14 00 15 00 5c 5f 53 42 2e 47  '.........\_SB.G
  1540: 44 56 30 2e 47 50 49 30 00 8d 20 00 01 00 00 02  DV0.GPI0.. .....
  1550: 03 00 12 00 00 14 00 23 00 00 00 10 00 5c 5f 53  .......#.....\_S
  1560: 42 2e 47 44 56 30 2e 47 50 49 30 00 79 00 14 20  B.GDV0.GPI0.y.. 
  1570: 5f 43 52 53 08 8a 52 42 55 46 0a 04 52 42 41 53  _CRS..RBUF..RBAS
  1580: 70 0c 80 50 21 fe 52 42 41 53 a4 52 42 55 46 5b  p..P!.RBAS.RBUF[
  1590: 82 4b 0d 50 57 4d 30 08 5f 48 49 44 0d 42 43 4d  .K.PWM0._HID.BCM
  15a0: 32 38 34 34 00 08 5f 43 49 44 0d 42 43 4d 32 38  2844.._CID.BCM28
  15b0: 34 34 00 08 5f 55 49 44 00 08 5f 43 43 41 00 14  44.._UID.._CCA..
  15c0: 09 5f 53 54 41 00 a4 0a 0f 08 52 42 55 46 11 41  ._STA.....RBUF.A
  15d0: 05 0a 4d 86 09 00 01 00 00 00 00 00 01 00 00 86  ..M.............
  15e0: 09 00 01 00 00 00 00 28 00 00 00 86 09 00 01 00  .......(........
  15f0: c0 20 7e 28 00 00 00 86 09 00 01 00 c0 20 ff 28  . ~(......... .(
  1600: 00 00 00 86 09 00 01 00 00 00 00 08 00 00 00 89  ................
  1610: 06 00 01 01 3b 00 00 00 55 05 00 0b 00 02 79 00  ....;...U.....y.
  1620: 14 4b 04 5f 43 52 53 08 8a 52 42 55 46 0a 04 52  .K._CRS..RBUF..R
  1630: 42 30 31 70 0c 00 7b 00 fe 52 42 30 31 8a 52 42  B01p..{..RB01.RB
  1640: 55 46 0a 10 52 42 30 32 70 0c 00 c0 20 fe 52 42  UF..RB02p... .RB
  1650: 30 32 8a 52 42 55 46 0a 34 52 42 30 33 70 0c a0  02.RBUF.4RB03p..
  1660: 10 10 fe 52 42 30 33 a4 52 42 55 46 5b 82 4c 0b  ...RB03.RBUF[.L.
  1670: 55 52 54 30 08 5f 48 49 44 0d 42 43 4d 32 38 33  URT0._HID.BCM283
  1680: 37 00 08 5f 43 49 44 0d 41 52 4d 48 30 30 31 31  7.._CID.ARMH0011
  1690: 00 08 5f 55 49 44 0a 04 08 5f 43 43 41 00 14 09  .._UID..._CCA...
  16a0: 5f 53 54 41 00 a4 0a 0f 08 52 42 55 46 11 1a 0a  _STA.....RBUF...
  16b0: 17 86 09 00 01 00 00 00 00 00 10 00 00 89 06 00  ................
  16c0: 01 01 99 00 00 00 79 00 14 20 5f 43 52 53 08 8a  ......y.. _CRS..
  16d0: 52 42 55 46 0a 04 52 42 41 53 70 0c 00 10 20 fe  RBUF..RBASp... .
  16e0: 52 42 41 53 a4 52 42 55 46 08 43 4c 43 4b 0c 00  RBAS.RBUF.CLCK..
  16f0: 6c dc 02 08 5f 44 53 44 12 31 02 11 13 0a 10 14  l..._DSD.1......
  1700: d8 ff da ba 6e 8c 4d 8a 91 bc 9b bf 4a a3 01 12  ....n.M.....J...
  1710: 1a 01 12 17 02 0d 63 6c 6f 63 6b 2d 66 72 65 71  ......clock-freq
  1720: 75 65 6e 63 79 00 43 4c 43 4b 5b 82 4a 07 55 52  uency.CLCK[.J.UR
  1730: 54 4d 08 5f 48 49 44 0d 42 43 4d 32 38 33 36 00  TM._HID.BCM2836.
  1740: 08 5f 43 49 44 0d 4d 49 4e 49 55 41 52 54 00 08  ._CID.MINIUART..
  1750: 5f 55 49 44 00 08 5f 43 43 41 00 14 09 5f 53 54  _UID.._CCA..._ST
  1760: 41 00 a4 0a 0f 08 52 42 55 46 11 1a 0a 17 86 09  A.....RBUF......
  1770: 00 01 00 00 00 00 70 00 00 00 89 06 00 09 01 7d  ......p........}
  1780: 00 00 00 79 00 14 20 5f 43 52 53 08 8a 52 42 55  ...y.. _CRS..RBU
  1790: 46 0a 04 52 42 41 53 70 0c 00 50 21 fe 52 42 41  F..RBASp..P!.RBA
  17a0: 53 a4 52 42 55 46 5b 82 42 09 42 54 48 30 08 5f  S.RBUF[.B.BTH0._
  17b0: 48 49 44 0d 42 43 4d 32 45 41 36 00 08 5f 43 49  HID.BCM2EA6.._CI
  17c0: 44 0d 42 43 4d 32 45 41 36 00 14 09 5f 53 54 41  D.BCM2EA6..._STA
  17d0: 00 a4 0a 0f 14 45 06 5f 43 52 53 08 08 52 42 55  .....E._CRS..RBU
  17e0: 46 11 43 05 0a 4f 8e 22 00 01 00 03 02 34 00 01  F.C..O.".....4..
  17f0: 0a 00 00 c2 01 00 10 00 10 00 00 00 5c 5f 53 42  ............\_SB
  1800: 2e 47 44 56 30 2e 55 52 54 4d 00 8c 25 00 01 01  .GDV0.URTM..%...
  1810: 01 00 08 00 01 00 00 00 00 17 00 00 19 00 28 00  ..............(.
  1820: 00 00 80 00 5c 5f 53 42 2e 47 44 56 30 2e 52 50  ....\_SB.GDV0.RP
  1830: 49 51 00 79 00 a4 52 42 55 46 5b 82 40 9b 52 48  IQ.y..RBUF[.@.RH
  1840: 50 58 08 5f 48 49 44 0d 4d 53 46 54 38 30 30 30  PX._HID.MSFT8000
  1850: 00 08 5f 43 49 44 0d 4d 53 46 54 38 30 30 30 00  .._CID.MSFT8000.
  1860: 08 5f 55 49 44 01 08 5f 43 52 53 11 44 81 0b 0f  ._UID.._CRS.D...
  1870: 08 8e 21 00 01 00 02 02 00 00 01 09 00 00 09 3d  ..!............=
  1880: 00 08 00 00 00 00 5c 5f 53 42 2e 47 44 56 30 2e  ......\_SB.GDV0.
  1890: 53 50 49 30 00 8e 21 00 01 00 02 02 00 00 01 09  SPI0..!.........
  18a0: 00 00 09 3d 00 08 00 00 01 00 5c 5f 53 42 2e 47  ...=......\_SB.G
  18b0: 44 56 30 2e 53 50 49 30 00 8e 1e 00 01 00 01 02  DV0.SPI0........
  18c0: 00 00 01 06 00 00 00 00 00 ff ff 5c 5f 53 42 2e  ...........\_SB.
  18d0: 47 44 56 30 2e 49 32 43 31 00 8e 21 00 01 00 02  GDV0.I2C1..!....
  18e0: 02 00 00 01 09 00 00 09 3d 00 08 00 00 02 00 5c  ........=......\
  18f0: 5f 53 42 2e 47 44 56 30 2e 53 50 49 31 00 8c 25  _SB.GDV0.SPI1..%
  1900: 00 01 01 01 00 08 00 01 00 00 00 00 17 00 00 19  ................
  1910: 00 28 00 00 00 02 00 5c 5f 53 42 2e 47 44 56 30  .(.....\_SB.GDV0
  1920: 2e 47 50 49 30 00 8c 25 00 01 00 01 00 0d 00 01  .GPI0..%........
  1930: 00 00 00 00 17 00 00 19 00 28 00 00 00 02 00 5c  .........(.....\
  1940: 5f 53 42 2e 47 44 56 30 2e 47 50 49 30 00 8c 25  _SB.GDV0.GPI0..%
  1950: 00 01 01 01 00 08 00 01 00 00 00 00 17 00 00 19  ................
  1960: 00 28 00 00 00 03 00 5c 5f 53 42 2e 47 44 56 30  .(.....\_SB.GDV0
  1970: 2e 47 50 49 30 00 8c 25 00 01 00 01 00 0d 00 01  .GPI0..%........
  1980: 00 00 00 00 17 00 00 19 00 28 00 00 00 03 00 5c  .........(.....\
  1990: 5f 53 42 2e 47 44 56 30 2e 47 50 49 30 00 8c 25  _SB.GDV0.GPI0..%
  19a0: 00 01 01 01 00 08 00 01 00 00 00 00 17 00 00 19  ................
  19b0: 00 28 00 00 00 04 00 5c 5f 53 42 2e 47 44 56 30  .(.....\_SB.GDV0
  19c0: 2e 47 50 49 30 00 8c 25 00 01 00 01 00 0d 00 01  .GPI0..%........
  19d0: 00 00 00 00 17 00 00 19 00 28 00 00 00 04 00 5c  .........(.....\
  19e0: 5f 53 42 2e 47 44 56 30 2e 47 50 49 30 00 8c 25  _SB.GDV0.GPI0..%
  19f0: 00 01 01 01 00 08 00 01 00 00 00 00 17 00 00 19  ................
  1a00: 00 28 00 00 00 05 00 5c 5f 53 42 2e 47 44 56 30  .(.....\_SB.GDV0
  1a10: 2e 47 50 49 30 00 8c 25 00 01 00 01 00 0d 00 01  .GPI0..%........
  1a20: 00 00 00 00 17 00 00 19 00 28 00 00 00 05 00 5c  .........(.....\
  1a30: 5f 53 42 2e 47 44 56 30 2e 47 50 49 30 00 8c 25  _SB.GDV0.GPI0..%
  1a40: 00 01 01 01 00 08 00 01 00 00 00 00 17 00 00 19  ................
  1a50: 00 28 00 00 00 06 00 5c 5f 53 42 2e 47 44 56 30  .(.....\_SB.GDV0
  1a60: 2e 47 50 49 30 00 8c 25 00 01 00 01 00 0d 00 01  .GPI0..%........
  1a70: 00 00 00 00 17 00 00 19 00 28 00 00 00 06 00 5c  .........(.....\
  1a80: 5f 53 42 2e 47 44 56 30 2e 47 50 49 30 00 8c 25  _SB.GDV0.GPI0..%
  1a90: 00 01 01 01 00 08 00 01 00 00 00 00 17 00 00 19  ................
  1aa0: 00 28 00 00 00 07 00 5c 5f 53 42 2e 47 44 56 30  .(.....\_SB.GDV0
  1ab0: 2e 47 50 49 30 00 8c 25 00 01 00 01 00 0d 00 01  .GPI0..%........
  1ac0: 00 00 00 00 17 00 00 19 00 28 00 00 00 07 00 5c  .........(.....\
  1ad0: 5f 53 42 2e 47 44 56 30 2e 47 50 49 30 00 8c 25  _SB.GDV0.GPI0..%
  1ae0: 00 01 01 01 00 08 00 01 00 00 00 00 17 00 00 19  ................
  1af0: 00 28 00 00 00 08 00 5c 5f 53 42 2e 47 44 56 30  .(.....\_SB.GDV0
  1b00: 2e 47 50 49 30 00 8c 25 00 01 00 01 00 0d 00 01  .GPI0..%........
  1b10: 00 00 00 00 17 00 00 19 00 28 00 00 00 08 00 5c  .........(.....\
  1b20: 5f 53 42 2e 47 44 56 30 2e 47 50 49 30 00 8c 25  _SB.GDV0.GPI0..%
  1b30: 00 01 01 01 00 08 00 02 00 00 00 00 17 00 00 19  ................
  1b40: 00 28 00 00 00 09 00 5c 5f 53 42 2e 47 44 56 30  .(.....\_SB.GDV0
  1b50: 2e 47 50 49 30 00 8c 25 00 01 00 01 00 0d 00 02  .GPI0..%........
  1b60: 00 00 00 00 17 00 00 19 00 28 00 00 00 09 00 5c  .........(.....\
  1b70: 5f 53 42 2e 47 44 56 30 2e 47 50 49 30 00 8c 25  _SB.GDV0.GPI0..%
  1b80: 00 01 01 01 00 08 00 02 00 00 00 00 17 00 00 19  ................
  1b90: 00 28 00 00 00 0a 00 5c 5f 53 42 2e 47 44 56 30  .(.....\_SB.GDV0
  1ba0: 2e 47 50 49 30 00 8c 25 00 01 00 01 00 0d 00 02  .GPI0..%........
  1bb0: 00 00 00 00 17 00 00 19 00 28 00 00 00 0a 00 5c  .........(.....\
  1bc0: 5f 53 42 2e 47 44 56 30 2e 47 50 49 30 00 8c 25  _SB.GDV0.GPI0..%
  1bd0: 00 01 01 01 00 08 00 02 00 00 00 00 17 00 00 19  ................
  1be0: 00 28 00 00 00 0b 00 5c 5f 53 42 2e 47 44 56 30  .(.....\_SB.GDV0
  1bf0: 2e 47 50 49 30 00 8c 25 00 01 00 01 00 0d 00 02  .GPI0..%........
  1c00: 00 00 00 00 17 00 00 19 00 28 00 00 00 0b 00 5c  .........(.....\
  1c10: 5f 53 42 2e 47 44 56 30 2e 47 50 49 30 00 8c 25  _SB.GDV0.GPI0..%
  1c20: 00 01 01 01 00 08 00 02 00 00 00 00 17 00 00 19  ................
  1c30: 00 28 00 00 00 0c 00 5c 5f 53 42 2e 47 44 56 30  .(.....\_SB.GDV0
  1c40: 2e 47 50 49 30 00 8c 25 00 01 00 01 00 0d 00 02  .GPI0..%........
  1c50: 00 00 00 00 17 00 00 19 00 28 00 00 00 0c 00 5c  .........(.....\
  1c60: 5f 53 42 2e 47 44 56 30 2e 47 50 49 30 00 8c 25  _SB.GDV0.GPI0..%
  1c70: 00 01 01 01 00 08 00 02 00 00 00 00 17 00 00 19  ................
  1c80: 00 28 00 00 00 0d 00 5c 5f 53 42 2e 47 44 56 30  .(.....\_SB.GDV0
  1c90: 2e 47 50 49 30 00 8c 25 00 01 00 01 00 0d 00 02  .GPI0..%........
  1ca0: 00 00 00 00 17 00 00 19 00 28 00 00 00 0d 00 5c  .........(.....\
  1cb0: 5f 53 42 2e 47 44 56 30 2e 47 50 49 30 00 8c 25  _SB.GDV0.GPI0..%
  1cc0: 00 01 01 01 00 08 00 02 00 00 00 00 17 00 00 19  ................
  1cd0: 00 28 00 00 00 10 00 5c 5f 53 42 2e 47 44 56 30  .(.....\_SB.GDV0
  1ce0: 2e 47 50 49 30 00 8c 25 00 01 00 01 00 0d 00 02  .GPI0..%........
  1cf0: 00 00 00 00 17 00 00 19 00 28 00 00 00 10 00 5c  .........(.....\
  1d00: 5f 53 42 2e 47 44 56 30 2e 47 50 49 30 00 8c 25  _SB.GDV0.GPI0..%
  1d10: 00 01 01 01 00 08 00 02 00 00 00 00 17 00 00 19  ................
  1d20: 00 28 00 00 00 11 00 5c 5f 53 42 2e 47 44 56 30  .(.....\_SB.GDV0
  1d30: 2e 47 50 49 30 00 8c 25 00 01 00 01 00 0d 00 02  .GPI0..%........
  1d40: 00 00 00 00 17 00 00 19 00 28 00 00 00 11 00 5c  .........(.....\
  1d50: 5f 53 42 2e 47 44 56 30 2e 47 50 49 30 00 8c 25  _SB.GDV0.GPI0..%
  1d60: 00 01 01 01 00 08 00 02 00 00 00 00 17 00 00 19  ................
  1d70: 00 28 00 00 00 12 00 5c 5f 53 42 2e 47 44 56 30  .(.....\_SB.GDV0
  1d80: 2e 47 50 49 30 00 8c 25 00 01 00 01 00 0d 00 02  .GPI0..%........
  1d90: 00 00 00 00 17 00 00 19 00 28 00 00 00 12 00 5c  .........(.....\
  1da0: 5f 53 42 2e 47 44 56 30 2e 47 50 49 30 00 8c 25  _SB.GDV0.GPI0..%
  1db0: 00 01 01 01 00 08 00 02 00 00 00 00 17 00 00 19  ................
  1dc0: 00 28 00 00 00 13 00 5c 5f 53 42 2e 47 44 56 30  .(.....\_SB.GDV0
  1dd0: 2e 47 50 49 30 00 8c 25 00 01 00 01 00 0d 00 02  .GPI0..%........
  1de0: 00 00 00 00 17 00 00 19 00 28 00 00 00 13 00 5c  .........(.....\
  1df0: 5f 53 42 2e 47 44 56 30 2e 47 50 49 30 00 8c 25  _SB.GDV0.GPI0..%
  1e00: 00 01 01 01 00 08 00 02 00 00 00 00 17 00 00 19  ................
  1e10: 00 28 00 00 00 14 00 5c 5f 53 42 2e 47 44 56 30  .(.....\_SB.GDV0
  1e20: 2e 47 50 49 30 00 8c 25 00 01 00 01 00 0d 00 02  .GPI0..%........
  1e30: 00 00 00 00 17 00 00 19 00 28 00 00 00 14 00 5c  .........(.....\
  1e40: 5f 53 42 2e 47 44 56 30 2e 47 50 49 30 00 8c 25  _SB.GDV0.GPI0..%
  1e50: 00 01 01 01 00 08 00 02 00 00 00 00 17 00 00 19  ................
  1e60: 00 28 00 00 00 15 00 5c 5f 53 42 2e 47 44 56 30  .(.....\_SB.GDV0
  1e70: 2e 47 50 49 30 00 8c 25 00 01 00 01 00 0d 00 02  .GPI0..%........
  1e80: 00 00 00 00 17 00 00 19 00 28 00 00 00 15 00 5c  .........(.....\
  1e90: 5f 53 42 2e 47 44 56 30 2e 47 50 49 30 00 8c 25  _SB.GDV0.GPI0..%
  1ea0: 00 01 01 01 00 08 00 02 00 00 00 00 17 00 00 19  ................
  1eb0: 00 28 00 00 00 16 00 5c 5f 53 42 2e 47 44 56 30  .(.....\_SB.GDV0
  1ec0: 2e 47 50 49 30 00 8c 25 00 01 00 01 00 0d 00 02  .GPI0..%........
  1ed0: 00 00 00 00 17 00 00 19 00 28 00 00 00 16 00 5c  .........(.....\
  1ee0: 5f 53 42 2e 47 44 56 30 2e 47 50 49 30 00 8c 25  _SB.GDV0.GPI0..%
  1ef0: 00 01 01 01 00 08 00 02 00 00 00 00 17 00 00 19  ................
  1f00: 00 28 00 00 00 17 00 5c 5f 53 42 2e 47 44 56 30  .(.....\_SB.GDV0
  1f10: 2e 47 50 49 30 00 8c 25 00 01 00 01 00 0d 00 02  .GPI0..%........
  1f20: 00 00 00 00 17 00 00 19 00 28 00 00 00 17 00 5c  .........(.....\
  1f30: 5f 53 42 2e 47 44 56 30 2e 47 50 49 30 00 8c 25  _SB.GDV0.GPI0..%
  1f40: 00 01 01 01 00 08 00 02 00 00 00 00 17 00 00 19  ................
  1f50: 00 28 00 00 00 18 00 5c 5f 53 42 2e 47 44 56 30  .(.....\_SB.GDV0
  1f60: 2e 47 50 49 30 00 8c 25 00 01 00 01 00 0d 00 02  .GPI0..%........
  1f70: 00 00 00 00 17 00 00 19 00 28 00 00 00 18 00 5c  .........(.....\
  1f80: 5f 53 42 2e 47 44 56 30 2e 47 50 49 30 00 8c 25  _SB.GDV0.GPI0..%
  1f90: 00 01 01 01 00 08 00 02 00 00 00 00 17 00 00 19  ................
  1fa0: 00 28 00 00 00 19 00 5c 5f 53 42 2e 47 44 56 30  .(.....\_SB.GDV0
  1fb0: 2e 47 50 49 30 00 8c 25 00 01 00 01 00 0d 00 02  .GPI0..%........
  1fc0: 00 00 00 00 17 00 00 19 00 28 00 00 00 19 00 5c  .........(.....\
  1fd0: 5f 53 42 2e 47 44 56 30 2e 47 50 49 30 00 8c 25  _SB.GDV0.GPI0..%
  1fe0: 00 01 01 01 00 08 00 02 00 00 00 00 17 00 00 19  ................
  1ff0: 00 28 00 00 00 1a 00 5c 5f 53 42 2e 47 44 56 30  .(.....\_SB.GDV0
  2000: 2e 47 50 49 30 00 8c 25 00 01 00 01 00 0d 00 02  .GPI0..%........
  2010: 00 00 00 00 17 00 00 19 00 28 00 00 00 1a 00 5c  .........(.....\
  2020: 5f 53 42 2e 47 44 56 30 2e 47 50 49 30 00 8c 25  _SB.GDV0.GPI0..%
  2030: 00 01 01 01 00 08 00 02 00 00 00 00 17 00 00 19  ................
  2040: 00 28 00 00 00 1b 00 5c 5f 53 42 2e 47 44 56 30  .(.....\_SB.GDV0
  2050: 2e 47 50 49 30 00 8c 25 00 01 00 01 00 0d 00 02  .GPI0..%........
  2060: 00 00 00 00 17 00 00 19 00 28 00 00 00 1b 00 5c  .........(.....\
  2070: 5f 53 42 2e 47 44 56 30 2e 47 50 49 30 00 79 00  _SB.GDV0.GPI0.y.
  2080: 08 5f 44 53 44 12 46 16 02 11 13 0a 10 14 d8 ff  ._DSD.F.........
  2090: da ba 6e 8c 4d 8a 91 bc 9b bf 4a a3 01 12 4e 14  ..n.M.....J...N.
  20a0: 0c 12 15 02 0d 62 75 73 2d 53 50 49 2d 53 50 49  .....bus-SPI-SPI
  20b0: 30 00 12 04 02 00 01 12 18 02 0d 53 50 49 30 2d  0..........SPI0-
  20c0: 4d 69 6e 43 6c 6f 63 6b 49 6e 48 7a 00 0b cd 1d  MinClockInHz....
  20d0: 12 1a 02 0d 53 50 49 30 2d 4d 61 78 43 6c 6f 63  ....SPI0-MaxCloc
  20e0: 6b 49 6e 48 7a 00 0c 40 59 73 07 12 25 02 0d 53  kInHz..@Ys..%..S
  20f0: 50 49 30 2d 53 75 70 70 6f 72 74 65 64 44 61 74  PI0-SupportedDat
  2100: 61 42 69 74 4c 65 6e 67 74 68 73 00 12 04 01 0a  aBitLengths.....
  2110: 08 12 15 02 0d 62 75 73 2d 49 32 43 2d 49 32 43  .....bus-I2C-I2C
  2120: 31 00 12 04 01 0a 02 12 13 02 0d 47 50 49 4f 2d  1..........GPIO-
  2130: 50 69 6e 43 6f 75 6e 74 00 0a 36 12 21 02 0d 47  PinCount..6.!..G
  2140: 50 49 4f 2d 55 73 65 44 65 73 63 72 69 70 74 6f  PIO-UseDescripto
  2150: 72 50 69 6e 4e 75 6d 62 65 72 73 00 01 12 1e 02  rPinNumbers.....
  2160: 0d 47 50 49 4f 2d 53 75 70 70 6f 72 74 65 64 44  .GPIO-SupportedD
  2170: 72 69 76 65 4d 6f 64 65 73 00 0a 0f 12 15 02 0d  riveModes.......
  2180: 62 75 73 2d 53 50 49 2d 53 50 49 31 00 12 04 01  bus-SPI-SPI1....
  2190: 0a 03 12 18 02 0d 53 50 49 31 2d 4d 69 6e 43 6c  ......SPI1-MinCl
  21a0: 6f 63 6b 49 6e 48 7a 00 0b 2f 77 12 1a 02 0d 53  ockInHz../w....S
  21b0: 50 49 31 2d 4d 61 78 43 6c 6f 63 6b 49 6e 48 7a  PI1-MaxClockInHz
  21c0: 00 0c 00 2d 31 01 12 25 02 0d 53 50 49 31 2d 53  ...-1..%..SPI1-S
  21d0: 75 70 70 6f 72 74 65 64 44 61 74 61 42 69 74 4c  upportedDataBitL
  21e0: 65 6e 67 74 68 73 00 12 04 01 0a 08 5b 82 49 0a  engths......[.I.
  21f0: 53 44 43 31 08 5f 48 49 44 0d 42 43 4d 32 38 34  SDC1._HID.BCM284
  2200: 37 00 08 5f 43 49 44 0d 41 52 41 53 41 4e 00 08  7.._CID.ARASAN..
  2210: 5f 55 49 44 00 08 5f 43 43 41 00 08 5f 53 31 44  _UID.._CCA.._S1D
  2220: 01 08 5f 53 32 44 01 08 5f 53 33 44 01 08 5f 53  .._S2D.._S3D.._S
  2230: 34 44 01 14 09 5f 53 54 41 00 a4 0a 0f 08 52 42  4D..._STA.....RB
  2240: 55 46 11 1a 0a 17 86 09 00 01 00 00 00 00 00 01  UF..............
  2250: 00 00 89 06 00 01 01 9e 00 00 00 79 00 14 20 5f  ...........y.. _
  2260: 43 52 53 08 8a 52 42 55 46 0a 04 52 42 41 53 70  CRS..RBUF..RBASp
  2270: 0c 00 00 30 fe 52 42 41 53 a4 52 42 55 46 5b 82  ...0.RBAS.RBUF[.
  2280: 17 53 44 4d 4d 14 08 5f 41 44 52 00 a4 00 14 08  .SDMM.._ADR.....
  2290: 5f 52 4d 56 00 a4 00 5b 82 48 0a 53 44 43 32 08  _RMV...[.H.SDC2.
  22a0: 5f 48 49 44 0d 42 43 4d 32 38 35 35 00 08 5f 43  _HID.BCM2855.._C
  22b0: 49 44 0d 53 44 48 53 54 00 08 5f 55 49 44 00 08  ID.SDHST.._UID..
  22c0: 5f 43 43 41 00 08 5f 53 31 44 01 08 5f 53 32 44  _CCA.._S1D.._S2D
  22d0: 01 08 5f 53 33 44 01 08 5f 53 34 44 01 14 09 5f  .._S3D.._S4D..._
  22e0: 53 54 41 00 a4 0a 0f 08 52 42 55 46 11 1a 0a 17  STA.....RBUF....
  22f0: 86 09 00 01 00 00 00 00 00 01 00 00 89 06 00 01  ................
  2300: 01 98 00 00 00 79 00 14 20 5f 43 52 53 08 8a 52  .....y.. _CRS..R
  2310: 42 55 46 0a 04 52 42 41 53 70 0c 00 20 20 fe 52  BUF..RBASp..  .R
  2320: 42 41 53 a4 52 42 55 46 5b 82 17 53 44 4d 4d 14  BAS.RBUF[..SDMM.
  2330: 08 5f 41 44 52 00 a4 00 14 08 5f 52 4d 56 00 a4  ._ADR....._RMV..
  2340: 00 5b 82 4f 0b 45 54 48 30 08 5f 48 49 44 0d 42  .[.O.ETH0._HID.B
  2350: 43 4d 36 45 34 45 00 08 5f 43 49 44 0d 42 43 4d  CM6E4E.._CID.BCM
  2360: 36 45 34 45 00 08 5f 55 49 44 00 08 5f 43 43 41  6E4E.._UID.._CCA
  2370: 00 14 09 5f 53 54 41 00 a4 0a 0f 14 2f 5f 43 52  ..._STA...../_CR
  2380: 53 08 08 52 42 55 46 11 1e 0a 1b 86 09 00 01 00  S..RBUF.........
  2390: 00 58 fd 00 00 01 00 89 0a 00 01 02 bd 00 00 00  .X..............
  23a0: be 00 00 00 79 00 a4 52 42 55 46 08 5f 44 53 44  ....y..RBUF._DSD
  23b0: 12 41 05 02 11 13 0a 10 14 d8 ff da ba 6e 8c 4d  .A...........n.M
  23c0: 8a 91 bc 9b bf 4a a3 01 12 39 02 12 1d 02 0d 62  .....J...9.....b
  23d0: 72 63 6d 2c 6d 61 78 2d 64 6d 61 2d 62 75 72 73  rcm,max-dma-burs
  23e0: 74 2d 73 69 7a 65 00 0a 08 12 18 02 0d 70 68 79  t-size.......phy
  23f0: 2d 6d 6f 64 65 00 0d 72 67 6d 69 69 2d 72 78 69  -mode..rgmii-rxi
  2400: 64 00                                            d.

FACP @ 0xbff0278b
  0000: 46 41 43 50 14 01 00 00 06 96 52 50 49 46 44 4e  FACP......RPIFDN
  0010: 52 50 49 34 20 20 20 20 00 02 00 00 45 44 4b 32  RPI4    ....EDK2
  0020: 00 03 00 00 00 00 00 00 00 00 99 33 00 06 00 00  ...........3....
  0030: 00 00 00 00 00 00 00 00 00 00 00 00 00 00 00 00  ................
  0040: 00 00 00 00 00 00 00 00 00 00 00 00 00 00 00 00  ................
  0050: 00 00 00 00 00 00 00 00 00 00 00 00 00 00 00 00  ................
  0060: 00 00 00 00 00 00 00 00 00 00 00 00 00 00 00 00  ................
  0070: 21 00 10 00 00 00 00 00 00 00 00 00 00 00 00 00  !...............
  0080: 00 01 00 03 1b 2b f0 bf 00 00 00 00 00 00 99 33  .....+.........3
  0090: 00 00 00 00 00 00 00 00 00 00 00 00 00 00 00 00  ................
  00a0: 00 00 00 00 00 00 00 00 00 00 00 00 00 00 00 00  ................
  00b0: 00 00 00 00 00 00 00 00 00 00 00 00 00 00 00 00  ................
  00c0: 00 00 00 00 00 00 00 00 00 00 00 00 00 00 00 00  ................
  00d0: 00 00 00 00 00 00 00 00 00 00 00 00 00 00 00 00  ................
  00e0: 00 00 00 00 00 00 00 00 00 00 00 00 00 00 00 00  ................
  00f0: 00 00 00 00 00 00 00 00 00 00 00 00 00 00 00 00  ................
  0100: 00 00 00 00 00 00 00 00 00 00 00 00 00 00 00 00  ................
  0110: 00 00 00 00                                      ....

GTDT @ 0xbff028af
  0000: 47 54 44 54 68 00 00 00 03 ea 52 50 49 46 44 4e  GTDTh.....RPIFDN
  0010: 52 50 49 34 20 20 20 20 00 02 00 00 45 44 4b 32  RPI4    ....EDK2
  0020: 00 03 00 00 1c 00 80 ff 00 00 00 00 00 00 00 00  ................
  0030: 1d 00 00 00 02 00 00 00 1e 00 00 00 02 00 00 00  ................
  0040: 1b 00 00 00 02 00 00 00 1a 00 00 00 02 00 00 00  ................
  0050: ff ff ff ff ff ff ff ff 00 00 00 00 00 00 00 00  ................
  0060: 00 00 00 00 00 00 00 00                          ........

PPTT @ 0xbff02927
  0000: 50 50 54 54 84 01 00 00 02 fa 52 50 49 46 44 4e  PPTT......RPIFDN
  0010: 52 50 49 34 20 20 20 20 00 02 00 00 45 44 4b 32  RPI4    ....EDK2
  0020: 00 03 00 00 00 18 00 00 11 00 00 00 00 00 00 00  ................
  0030: 00 00 00 00 01 00 00 00 3c 00 00 00 01 18 00 00  ........<.......
  0040: 7f 00 00 00 00 00 00 00 00 00 10 00 00 04 00 00  ................
  0050: 10 0a 40 00 00 1c 00 00 1a 00 00 00 24 00 00 00  ..@.........$...
  0060: 00 00 00 00 02 00 00 00 70 00 00 00 88 00 00 00  ........p.......
  0070: 01 18 00 00 7f 00 00 00 00 00 00 00 00 80 00 00  ................
  0080: 00 01 00 00 02 02 40 00 01 18 00 00 5f 00 00 00  ......@....._...
  0090: 00 00 00 00 00 c0 00 00 00 01 00 00 03 04 40 00  ..............@.
  00a0: 00 1c 00 00 1a 00 00 00 24 00 00 00 01 00 00 00  ........$.......
  00b0: 02 00 00 00 bc 00 00 00 d4 00 00 00 01 18 00 00  ................
  00c0: 7f 00 00 00 00 00 00 00 00 80 00 00 00 01 00 00  ................
  00d0: 02 02 40 00 01 18 00 00 5f 00 00 00 00 00 00 00  ..@....._.......
  00e0: 00 c0 00 00 00 01 00 00 03 04 40 00 00 1c 00 00  ..........@.....
  00f0: 1a 00 00 00 24 00 00 00 02 00 00 00 02 00 00 00  ....$...........
  0100: 08 01 00 00 20 01 00 00 01 18 00 00 7f 00 00 00  .... ...........
  0110: 00 00 00 00 00 80 00 00 00 01 00 00 02 02 40 00  ..............@.
  0120: 01 18 00 00 5f 00 00 00 00 00 00 00 00 c0 00 00  ...._...........
  0130: 00 01 00 00 03 04 40 00 00 1c 00 00 1a 00 00 00  ......@.........
  0140: 24 00 00 00 03 00 00 00 02 00 00 00 54 01 00 00  $...........T...
  0150: 6c 01 00 00 01 18 00 00 7f 00 00 00 00 00 00 00  l...............
  0160: 00 80 00 00 00 01 00 00 02 02 40 00 01 18 00 00  ..........@.....
  0170: 5f 00 00 00 00 00 00 00 00 c0 00 00 00 01 00 00  _...............
  0180: 03 04 40 00                                      ..@.

SPCR @ 0xbff02abb
  0000: 53 50 43 52 50 00 00 00 02 0e 52 50 49 46 44 4e  SPCRP.....RPIFDN
  0010: 52 50 49 34 20 20 20 20 00 02 00 00 45 44 4b 32  RPI4    ....EDK2
  0020: 00 03 00 00 03 00 00 00 00 20 00 03 00 10 20 fe  ......... .... .
  0030: 00 00 00 00 08 00 99 00 00 00 07 00 01 00 02 00  ................
  0040: ff ff ff ff 00 00 00 00 00 00 00 00 00 00 00 00  ................

FACS @ 0xbff02b1b
  0000: 46 41 43 53 40 00 00 00 00 a2 00 f0 00 00 00 00  FACS@...........
  0010: 00 00 00 00 00 00 00 00 00 00 00 00 00 00 00 00  ................
  0020: 02 00 00 00 00 00 00 00 00 00 00 00 00 00 00 00  ................
  0030: 00 00 00 00 00 00 00 00 00 00 00 00 00 00 00 00  ................

RSDT @ 0xbff02b6b
  0000: 52 53 44 54 48 00 00 00 01 d7 46 57 54 53 49 44  RSDTH.....FWTSID
  0010: 52 50 49 34 20 20 20 20 01 00 00 00 46 57 54 53  RPI4    ....FWTS
  0020: 01 00 00 00 00 00 f0 bf 94 01 f0 bf 0d 03 f0 bf  ................
  0030: 00 00 99 33 8b 27 f0 bf af 28 f0 bf 27 29 f0 bf  ...3.'...(..')..
  0040: bb 2a f0 bf 1b 2b f0 bf                          .*...+..

XSDT @ 0xbff02bc3
  0000: 58 53 44 54 6c 00 00 00 02 ac 46 57 54 53 49 44  XSDTl.....FWTSID
  0010: 52 50 49 34 20 20 20 20 01 00 00 00 46 57 54 53  RPI4    ....FWTS
  0020: 01 00 00 00 00 00 f0 bf 00 00 00 00 94 01 f0 bf  ................
  0030: 00 00 00 00 0d 03 f0 bf 00 00 00 00 00 00 99 33  ...............3
  0040: 00 00 00 00 8b 27 f0 bf 00 00 00 00 af 28 f0 bf  .....'.......(..
  0050: 00 00 00 00 27 29 f0 bf 00 00 00 00 bb 2a f0 bf  ....').......*..
  0060: 00 00 00 00 1b 2b f0 bf 00 00 00 00              .....+......

RSDP @ 0xbff02c3f
  0000: 52 53 44 20 50 54 52 20 0e 46 57 54 53 49 44 02  RSD PTR .FWTSID.
  0010: 00 00 00 00 24 00 00 00 c3 2b f0 bf 00 00 00 00  ....$....+......
  0020: 3f 00 00 00                                      ?...

